{"/Users/twot/Documents/HKII_NAM_3/16_Cong_Nghe_Pham_Mem/PharmaAssist/backend/src/app.controller.ts": {"path":"/Users/twot/Documents/HKII_NAM_3/16_Cong_Nghe_Pham_Mem/PharmaAssist/backend/src/app.controller.ts","statementMap":{"0":{"start":{"line":1,"column":0},"end":{"line":1,"column":49}},"1":{"start":{"line":2,"column":0},"end":{"line":2,"column":43}},"2":{"start":{"line":5,"column":7},"end":{"line":12,"column":null}},"3":{"start":{"line":6,"column":31},"end":{"line":6,"column":43}},"4":{"start":{"line":10,"column":4},"end":{"line":10,"column":38}},"5":{"start":{"line":5,"column":13},"end":{"line":5,"column":26}},"6":{"start":{"line":9,"column":2},"end":{"line":11,"column":null}},"7":{"start":{"line":5,"column":13},"end":{"line":12,"column":null}}},"fnMap":{"0":{"name":"(anonymous_2)","decl":{"start":{"line":6,"column":2},"end":{"line":6,"column":31}},"loc":{"start":{"line":6,"column":53},"end":{"line":6,"column":57}}},"1":{"name":"(anonymous_3)","decl":{"start":{"line":9,"column":2},"end":{"line":9,"column":10}},"loc":{"start":{"line":9,"column":10},"end":{"line":11,"column":3}}}},"branchMap":{"0":{"loc":{"start":{"line":6,"column":43},"end":{"line":6,"column":56}},"type":"cond-expr","locations":[{"start":{"line":6,"column":53},"end":{"line":6,"column":56}},{"start":{"line":6,"column":53},"end":{"line":6,"column":56}}]},"1":{"loc":{"start":{"line":6,"column":43},"end":{"line":6,"column":53}},"type":"binary-expr","locations":[{"start":{"line":6,"column":43},"end":{"line":6,"column":56}},{"start":{"line":6,"column":43},"end":{"line":6,"column":53}}]}},"s":{"0":1,"1":1,"2":1,"3":1,"4":1,"5":1,"6":1,"7":1},"f":{"0":1,"1":1},"b":{"0":[1,0],"1":[1,1]}}
,"/Users/twot/Documents/HKII_NAM_3/16_Cong_Nghe_Pham_Mem/PharmaAssist/backend/src/app.module.ts": {"path":"/Users/twot/Documents/HKII_NAM_3/16_Cong_Nghe_Pham_Mem/PharmaAssist/backend/src/app.module.ts","statementMap":{"0":{"start":{"line":1,"column":0},"end":{"line":1,"column":40}},"1":{"start":{"line":2,"column":0},"end":{"line":2,"column":49}},"2":{"start":{"line":3,"column":0},"end":{"line":3,"column":43}},"3":{"start":{"line":4,"column":0},"end":{"line":4,"column":54}},"4":{"start":{"line":5,"column":0},"end":{"line":5,"column":48}},"5":{"start":{"line":6,"column":0},"end":{"line":6,"column":51}},"6":{"start":{"line":7,"column":0},"end":{"line":7,"column":51}},"7":{"start":{"line":8,"column":0},"end":{"line":8,"column":60}},"8":{"start":{"line":9,"column":0},"end":{"line":9,"column":72}},"9":{"start":{"line":10,"column":0},"end":{"line":10,"column":54}},"10":{"start":{"line":11,"column":0},"end":{"line":11,"column":63}},"11":{"start":{"line":12,"column":0},"end":{"line":12,"column":66}},"12":{"start":{"line":13,"column":0},"end":{"line":13,"column":63}},"13":{"start":{"line":14,"column":0},"end":{"line":14,"column":63}},"14":{"start":{"line":15,"column":0},"end":{"line":15,"column":69}},"15":{"start":{"line":16,"column":0},"end":{"line":16,"column":89}},"16":{"start":{"line":17,"column":0},"end":{"line":17,"column":74}},"17":{"start":{"line":39,"column":7},"end":{"line":39,"column":null}},"18":{"start":{"line":39,"column":13},"end":{"line":39,"column":22}},"19":{"start":{"line":39,"column":13},"end":{"line":39,"column":null}}},"fnMap":{},"branchMap":{},"s":{"0":0,"1":0,"2":0,"3":0,"4":0,"5":0,"6":0,"7":0,"8":0,"9":0,"10":0,"11":0,"12":0,"13":0,"14":0,"15":0,"16":0,"17":0,"18":0,"19":0},"f":{},"b":{}}
,"/Users/twot/Documents/HKII_NAM_3/16_Cong_Nghe_Pham_Mem/PharmaAssist/backend/src/app.service.ts": {"path":"/Users/twot/Documents/HKII_NAM_3/16_Cong_Nghe_Pham_Mem/PharmaAssist/backend/src/app.service.ts","statementMap":{"0":{"start":{"line":1,"column":0},"end":{"line":1,"column":44}},"1":{"start":{"line":4,"column":7},"end":{"line":8,"column":null}},"2":{"start":{"line":6,"column":4},"end":{"line":6,"column":26}},"3":{"start":{"line":4,"column":13},"end":{"line":4,"column":23}},"4":{"start":{"line":4,"column":13},"end":{"line":8,"column":null}}},"fnMap":{"0":{"name":"(anonymous_1)","decl":{"start":{"line":5,"column":2},"end":{"line":5,"column":10}},"loc":{"start":{"line":5,"column":10},"end":{"line":7,"column":3}}}},"branchMap":{},"s":{"0":1,"1":1,"2":1,"3":1,"4":1},"f":{"0":1},"b":{}}
,"/Users/twot/Documents/HKII_NAM_3/16_Cong_Nghe_Pham_Mem/PharmaAssist/backend/src/main.ts": {"path":"/Users/twot/Documents/HKII_NAM_3/16_Cong_Nghe_Pham_Mem/PharmaAssist/backend/src/main.ts","statementMap":{"0":{"start":{"line":1,"column":0},"end":{"line":1,"column":23}},"1":{"start":{"line":2,"column":0},"end":{"line":2,"column":43}},"2":{"start":{"line":3,"column":0},"end":{"line":3,"column":41}},"3":{"start":{"line":4,"column":0},"end":{"line":4,"column":65}},"4":{"start":{"line":6,"column":0},"end":{"line":6,"column":48}},"5":{"start":{"line":9,"column":14},"end":{"line":9,"column":49}},"6":{"start":{"line":12,"column":2},"end":{"line":12,"column":79}},"7":{"start":{"line":15,"column":2},"end":{"line":15,"column":19}},"8":{"start":{"line":18,"column":2},"end":{"line":18,"column":29}},"9":{"start":{"line":21,"column":17},"end":{"line":38,"column":12}},"10":{"start":{"line":39,"column":19},"end":{"line":39,"column":60}},"11":{"start":{"line":40,"column":2},"end":{"line":40,"column":49}},"12":{"start":{"line":42,"column":15},"end":{"line":42,"column":39}},"13":{"start":{"line":43,"column":2},"end":{"line":43,"column":25}},"14":{"start":{"line":44,"column":2},"end":{"line":44,"column":73}},"15":{"start":{"line":45,"column":2},"end":{"line":47,"column":4}},"16":{"start":{"line":49,"column":0},"end":{"line":51,"column":3}},"17":{"start":{"line":50,"column":2},"end":{"line":50,"column":21}}},"fnMap":{"0":{"name":"bootstrap","decl":{"start":{"line":8,"column":15},"end":{"line":8,"column":24}},"loc":{"start":{"line":8,"column":24},"end":{"line":48,"column":1}}},"1":{"name":"(anonymous_1)","decl":{"start":{"line":49,"column":18},"end":{"line":49,"column":19}},"loc":{"start":{"line":49,"column":26},"end":{"line":51,"column":1}}}},"branchMap":{"0":{"loc":{"start":{"line":42,"column":15},"end":{"line":42,"column":39}},"type":"binary-expr","locations":[{"start":{"line":42,"column":15},"end":{"line":42,"column":31}},{"start":{"line":42,"column":35},"end":{"line":42,"column":39}}]}},"s":{"0":0,"1":0,"2":0,"3":0,"4":0,"5":0,"6":0,"7":0,"8":0,"9":0,"10":0,"11":0,"12":0,"13":0,"14":0,"15":0,"16":0,"17":0},"f":{"0":0,"1":0},"b":{"0":[0,0]}}
,"/Users/twot/Documents/HKII_NAM_3/16_Cong_Nghe_Pham_Mem/PharmaAssist/backend/src/active-ingredients/active-ingredients.controller.ts": {"path":"/Users/twot/Documents/HKII_NAM_3/16_Cong_Nghe_Pham_Mem/PharmaAssist/backend/src/active-ingredients/active-ingredients.controller.ts","statementMap":{"0":{"start":{"line":1,"column":0},"end":{"line":1,"column":null}},"1":{"start":{"line":12,"column":0},"end":{"line":12,"column":72}},"2":{"start":{"line":13,"column":0},"end":{"line":13,"column":null}},"3":{"start":{"line":17,"column":0},"end":{"line":17,"column":54}},"4":{"start":{"line":18,"column":0},"end":{"line":18,"column":61}},"5":{"start":{"line":19,"column":0},"end":{"line":19,"column":67}},"6":{"start":{"line":23,"column":7},"end":{"line":66,"column":null}},"7":{"start":{"line":25,"column":21},"end":{"line":25,"column":47}},"8":{"start":{"line":31,"column":4},"end":{"line":31,"column":59}},"9":{"start":{"line":40,"column":4},"end":{"line":40,"column":63}},"10":{"start":{"line":46,"column":4},"end":{"line":46,"column":53}},"11":{"start":{"line":57,"column":20},"end":{"line":57,"column":49}},"12":{"start":{"line":58,"column":21},"end":{"line":58,"column":53}},"13":{"start":{"line":59,"column":4},"end":{"line":64,"column":7}},"14":{"start":{"line":23,"column":13},"end":{"line":23,"column":40}},"15":{"start":{"line":30,"column":8},"end":{"line":32,"column":null}},"16":{"start":{"line":36,"column":8},"end":{"line":41,"column":null}},"17":{"start":{"line":45,"column":8},"end":{"line":47,"column":null}},"18":{"start":{"line":51,"column":8},"end":{"line":65,"column":null}},"19":{"start":{"line":23,"column":13},"end":{"line":66,"column":null}}},"fnMap":{"0":{"name":"(anonymous_4)","decl":{"start":{"line":24,"column":2},"end":{"line":24,"column":null}},"loc":{"start":{"line":25,"column":71},"end":{"line":26,"column":6}}},"1":{"name":"(anonymous_5)","decl":{"start":{"line":30,"column":8},"end":{"line":30,"column":14}},"loc":{"start":{"line":30,"column":59},"end":{"line":32,"column":3}}},"2":{"name":"(anonymous_6)","decl":{"start":{"line":36,"column":8},"end":{"line":36,"column":14}},"loc":{"start":{"line":38,"column":48},"end":{"line":41,"column":3}}},"3":{"name":"(anonymous_7)","decl":{"start":{"line":45,"column":8},"end":{"line":45,"column":15}},"loc":{"start":{"line":45,"column":53},"end":{"line":47,"column":3}}},"4":{"name":"(anonymous_8)","decl":{"start":{"line":51,"column":8},"end":{"line":51,"column":15}},"loc":{"start":{"line":55,"column":36},"end":{"line":65,"column":3}}}},"branchMap":{"0":{"loc":{"start":{"line":57,"column":20},"end":{"line":57,"column":49}},"type":"cond-expr","locations":[{"start":{"line":57,"column":27},"end":{"line":57,"column":45}},{"start":{"line":57,"column":48},"end":{"line":57,"column":49}}]},"1":{"loc":{"start":{"line":58,"column":21},"end":{"line":58,"column":53}},"type":"cond-expr","locations":[{"start":{"line":58,"column":29},"end":{"line":58,"column":48}},{"start":{"line":58,"column":51},"end":{"line":58,"column":53}}]},"2":{"loc":{"start":{"line":30,"column":34},"end":{"line":30,"column":null}},"type":"cond-expr","locations":[{"start":{"line":30,"column":59},"end":{"line":30,"column":null}},{"start":{"line":30,"column":59},"end":{"line":30,"column":null}}]},"3":{"loc":{"start":{"line":30,"column":34},"end":{"line":30,"column":59}},"type":"binary-expr","locations":[{"start":{"line":30,"column":34},"end":{"line":30,"column":null}},{"start":{"line":30,"column":34},"end":{"line":30,"column":59}}]},"4":{"loc":{"start":{"line":38,"column":23},"end":{"line":38,"column":null}},"type":"cond-expr","locations":[{"start":{"line":38,"column":48},"end":{"line":38,"column":null}},{"start":{"line":38,"column":48},"end":{"line":38,"column":null}}]},"5":{"loc":{"start":{"line":38,"column":23},"end":{"line":38,"column":48}},"type":"binary-expr","locations":[{"start":{"line":38,"column":23},"end":{"line":38,"column":null}},{"start":{"line":38,"column":23},"end":{"line":38,"column":48}}]},"6":{"loc":{"start":{"line":25,"column":47},"end":{"line":25,"column":null}},"type":"cond-expr","locations":[{"start":{"line":25,"column":71},"end":{"line":25,"column":null}},{"start":{"line":25,"column":71},"end":{"line":25,"column":null}}]},"7":{"loc":{"start":{"line":25,"column":47},"end":{"line":25,"column":71}},"type":"binary-expr","locations":[{"start":{"line":25,"column":47},"end":{"line":25,"column":null}},{"start":{"line":25,"column":47},"end":{"line":25,"column":71}}]}},"s":{"0":0,"1":0,"2":0,"3":0,"4":0,"5":0,"6":0,"7":0,"8":0,"9":0,"10":0,"11":0,"12":0,"13":0,"14":0,"15":0,"16":0,"17":0,"18":0,"19":0},"f":{"0":0,"1":0,"2":0,"3":0,"4":0},"b":{"0":[0,0],"1":[0,0],"2":[0,0],"3":[0,0],"4":[0,0],"5":[0,0],"6":[0,0],"7":[0,0]}}
,"/Users/twot/Documents/HKII_NAM_3/16_Cong_Nghe_Pham_Mem/PharmaAssist/backend/src/active-ingredients/active-ingredients.module.ts": {"path":"/Users/twot/Documents/HKII_NAM_3/16_Cong_Nghe_Pham_Mem/PharmaAssist/backend/src/active-ingredients/active-ingredients.module.ts","statementMap":{"0":{"start":{"line":1,"column":0},"end":{"line":1,"column":40}},"1":{"start":{"line":2,"column":0},"end":{"line":2,"column":72}},"2":{"start":{"line":3,"column":0},"end":{"line":3,"column":78}},"3":{"start":{"line":4,"column":0},"end":{"line":4,"column":55}},"4":{"start":{"line":12,"column":7},"end":{"line":12,"column":null}},"5":{"start":{"line":12,"column":13},"end":{"line":12,"column":36}},"6":{"start":{"line":12,"column":13},"end":{"line":12,"column":null}}},"fnMap":{},"branchMap":{},"s":{"0":0,"1":0,"2":0,"3":0,"4":0,"5":0,"6":0},"f":{},"b":{}}
,"/Users/twot/Documents/HKII_NAM_3/16_Cong_Nghe_Pham_Mem/PharmaAssist/backend/src/active-ingredients/active-ingredients.service.ts": {"path":"/Users/twot/Documents/HKII_NAM_3/16_Cong_Nghe_Pham_Mem/PharmaAssist/backend/src/active-ingredients/active-ingredients.service.ts","statementMap":{"0":{"start":{"line":1,"column":0},"end":{"line":1,"column":null}},"1":{"start":{"line":6,"column":0},"end":{"line":6,"column":57}},"2":{"start":{"line":14,"column":7},"end":{"line":234,"column":null}},"3":{"start":{"line":15,"column":31},"end":{"line":15,"column":39}},"4":{"start":{"line":18,"column":4},"end":{"line":18,"column":25}},"5":{"start":{"line":18,"column":15},"end":{"line":18,"column":25}},"6":{"start":{"line":20,"column":18},"end":{"line":20,"column":50}},"7":{"start":{"line":21,"column":4},"end":{"line":24,"column":17}},"8":{"start":{"line":23,"column":21},"end":{"line":23,"column":79}},"9":{"start":{"line":28,"column":4},"end":{"line":28,"column":25}},"10":{"start":{"line":28,"column":15},"end":{"line":28,"column":25}},"11":{"start":{"line":30,"column":4},"end":{"line":30,"column":58}},"12":{"start":{"line":34,"column":22},"end":{"line":34,"column":54}},"13":{"start":{"line":35,"column":18},"end":{"line":35,"column":38}},"14":{"start":{"line":36,"column":19},"end":{"line":40,"column":32}},"15":{"start":{"line":37,"column":18},"end":{"line":37,"column":22}},"16":{"start":{"line":41,"column":25},"end":{"line":41,"column":64}},"17":{"start":{"line":42,"column":4},"end":{"line":42,"column":43}},"18":{"start":{"line":46,"column":17},"end":{"line":46,"column":45}},"19":{"start":{"line":47,"column":4},"end":{"line":49,"column":5}},"20":{"start":{"line":48,"column":6},"end":{"line":48,"column":73}},"21":{"start":{"line":51,"column":27},"end":{"line":51,"column":64}},"22":{"start":{"line":54,"column":25},"end":{"line":56,"column":6}},"23":{"start":{"line":57,"column":4},"end":{"line":59,"column":5}},"24":{"start":{"line":58,"column":6},"end":{"line":58,"column":64}},"25":{"start":{"line":61,"column":17},"end":{"line":61,"column":69}},"26":{"start":{"line":64,"column":25},"end":{"line":66,"column":6}},"27":{"start":{"line":67,"column":4},"end":{"line":69,"column":5}},"28":{"start":{"line":68,"column":6},"end":{"line":68,"column":63}},"29":{"start":{"line":71,"column":4},"end":{"line":98,"column":7}},"30":{"start":{"line":72,"column":31},"end":{"line":80,"column":8}},"31":{"start":{"line":83,"column":6},"end":{"line":95,"column":9}},"32":{"start":{"line":97,"column":6},"end":{"line":97,"column":30}},"33":{"start":{"line":102,"column":23},"end":{"line":104,"column":6}},"34":{"start":{"line":105,"column":4},"end":{"line":107,"column":5}},"35":{"start":{"line":106,"column":6},"end":{"line":106,"column":62}},"36":{"start":{"line":109,"column":59},"end":{"line":109,"column":61}},"37":{"start":{"line":111,"column":4},"end":{"line":131,"column":5}},"38":{"start":{"line":112,"column":19},"end":{"line":112,"column":47}},"39":{"start":{"line":113,"column":6},"end":{"line":115,"column":7}},"40":{"start":{"line":114,"column":8},"end":{"line":114,"column":75}},"41":{"start":{"line":117,"column":29},"end":{"line":117,"column":66}},"42":{"start":{"line":119,"column":27},"end":{"line":124,"column":8}},"43":{"start":{"line":125,"column":6},"end":{"line":127,"column":7}},"44":{"start":{"line":126,"column":8},"end":{"line":126,"column":66}},"45":{"start":{"line":129,"column":6},"end":{"line":129,"column":29}},"46":{"start":{"line":130,"column":6},"end":{"line":130,"column":49}},"47":{"start":{"line":133,"column":4},"end":{"line":135,"column":5}},"48":{"start":{"line":134,"column":6},"end":{"line":134,"column":63}},"49":{"start":{"line":137,"column":4},"end":{"line":142,"column":5}},"50":{"start":{"line":138,"column":6},"end":{"line":140,"column":7}},"51":{"start":{"line":139,"column":8},"end":{"line":139,"column":65}},"52":{"start":{"line":141,"column":6},"end":{"line":141,"column":37}},"53":{"start":{"line":144,"column":4},"end":{"line":146,"column":5}},"54":{"start":{"line":145,"column":6},"end":{"line":145,"column":24}},"55":{"start":{"line":148,"column":4},"end":{"line":170,"column":7}},"56":{"start":{"line":149,"column":22},"end":{"line":152,"column":8}},"57":{"start":{"line":155,"column":6},"end":{"line":167,"column":9}},"58":{"start":{"line":169,"column":6},"end":{"line":169,"column":21}},"59":{"start":{"line":174,"column":23},"end":{"line":176,"column":6}},"60":{"start":{"line":177,"column":4},"end":{"line":179,"column":5}},"61":{"start":{"line":178,"column":6},"end":{"line":178,"column":62}},"62":{"start":{"line":180,"column":4},"end":{"line":180,"column":22}},"63":{"start":{"line":189,"column":17},"end":{"line":189,"column":35}},"64":{"start":{"line":190,"column":18},"end":{"line":190,"column":38}},"65":{"start":{"line":191,"column":19},"end":{"line":191,"column":34}},"66":{"start":{"line":192,"column":19},"end":{"line":192,"column":34}},"67":{"start":{"line":194,"column":60},"end":{"line":194,"column":62}},"68":{"start":{"line":196,"column":4},"end":{"line":198,"column":5}},"69":{"start":{"line":197,"column":6},"end":{"line":197,"column":34}},"70":{"start":{"line":200,"column":4},"end":{"line":209,"column":5}},"71":{"start":{"line":201,"column":26},"end":{"line":201,"column":39}},"72":{"start":{"line":202,"column":6},"end":{"line":208,"column":9}},"73":{"start":{"line":212,"column":6},"end":{"line":212,"column":54}},"74":{"start":{"line":214,"column":18},"end":{"line":216,"column":6}},"75":{"start":{"line":217,"column":17},"end":{"line":224,"column":6}},"76":{"start":{"line":226,"column":4},"end":{"line":232,"column":6}},"77":{"start":{"line":14,"column":13},"end":{"line":14,"column":37}},"78":{"start":{"line":14,"column":13},"end":{"line":234,"column":null}}},"fnMap":{"0":{"name":"(anonymous_2)","decl":{"start":{"line":15,"column":2},"end":{"line":15,"column":31}},"loc":{"start":{"line":15,"column":52},"end":{"line":15,"column":56}}},"1":{"name":"(anonymous_3)","decl":{"start":{"line":17,"column":10},"end":{"line":17,"column":23}},"loc":{"start":{"line":17,"column":36},"end":{"line":25,"column":3}}},"2":{"name":"(anonymous_4)","decl":{"start":{"line":23,"column":11},"end":{"line":23,"column":12}},"loc":{"start":{"line":23,"column":21},"end":{"line":23,"column":79}}},"3":{"name":"(anonymous_5)","decl":{"start":{"line":27,"column":10},"end":{"line":27,"column":32}},"loc":{"start":{"line":27,"column":45},"end":{"line":31,"column":3}}},"4":{"name":"(anonymous_6)","decl":{"start":{"line":33,"column":10},"end":{"line":33,"column":22}},"loc":{"start":{"line":33,"column":35},"end":{"line":43,"column":3}}},"5":{"name":"(anonymous_7)","decl":{"start":{"line":37,"column":11},"end":{"line":37,"column":12}},"loc":{"start":{"line":37,"column":18},"end":{"line":37,"column":22}}},"6":{"name":"(anonymous_8)","decl":{"start":{"line":45,"column":2},"end":{"line":45,"column":7}},"loc":{"start":{"line":45,"column":45},"end":{"line":99,"column":3}}},"7":{"name":"(anonymous_9)","decl":{"start":{"line":71,"column":42},"end":{"line":71,"column":47}},"loc":{"start":{"line":71,"column":55},"end":{"line":98,"column":5}}},"8":{"name":"(anonymous_10)","decl":{"start":{"line":101,"column":2},"end":{"line":101,"column":7}},"loc":{"start":{"line":101,"column":57},"end":{"line":171,"column":3}}},"9":{"name":"(anonymous_11)","decl":{"start":{"line":148,"column":42},"end":{"line":148,"column":47}},"loc":{"start":{"line":148,"column":55},"end":{"line":170,"column":5}}},"10":{"name":"(anonymous_12)","decl":{"start":{"line":173,"column":2},"end":{"line":173,"column":7}},"loc":{"start":{"line":173,"column":26},"end":{"line":181,"column":3}}},"11":{"name":"(anonymous_13)","decl":{"start":{"line":183,"column":2},"end":{"line":183,"column":7}},"loc":{"start":{"line":188,"column":3},"end":{"line":233,"column":3}}}},"branchMap":{"0":{"loc":{"start":{"line":18,"column":4},"end":{"line":18,"column":25}},"type":"if","locations":[{"start":{"line":18,"column":4},"end":{"line":18,"column":25}},{"start":{},"end":{}}]},"1":{"loc":{"start":{"line":28,"column":4},"end":{"line":28,"column":25}},"type":"if","locations":[{"start":{"line":28,"column":4},"end":{"line":28,"column":25}},{"start":{},"end":{}}]},"2":{"loc":{"start":{"line":47,"column":4},"end":{"line":49,"column":5}},"type":"if","locations":[{"start":{"line":47,"column":4},"end":{"line":49,"column":5}},{"start":{},"end":{}}]},"3":{"loc":{"start":{"line":57,"column":4},"end":{"line":59,"column":5}},"type":"if","locations":[{"start":{"line":57,"column":4},"end":{"line":59,"column":5}},{"start":{},"end":{}}]},"4":{"loc":{"start":{"line":61,"column":17},"end":{"line":61,"column":69}},"type":"cond-expr","locations":[{"start":{"line":61,"column":28},"end":{"line":61,"column":43}},{"start":{"line":61,"column":46},"end":{"line":61,"column":69}}]},"5":{"loc":{"start":{"line":67,"column":4},"end":{"line":69,"column":5}},"type":"if","locations":[{"start":{"line":67,"column":4},"end":{"line":69,"column":5}},{"start":{},"end":{}}]},"6":{"loc":{"start":{"line":105,"column":4},"end":{"line":107,"column":5}},"type":"if","locations":[{"start":{"line":105,"column":4},"end":{"line":107,"column":5}},{"start":{},"end":{}}]},"7":{"loc":{"start":{"line":111,"column":4},"end":{"line":131,"column":5}},"type":"if","locations":[{"start":{"line":111,"column":4},"end":{"line":131,"column":5}},{"start":{},"end":{}}]},"8":{"loc":{"start":{"line":113,"column":6},"end":{"line":115,"column":7}},"type":"if","locations":[{"start":{"line":113,"column":6},"end":{"line":115,"column":7}},{"start":{},"end":{}}]},"9":{"loc":{"start":{"line":125,"column":6},"end":{"line":127,"column":7}},"type":"if","locations":[{"start":{"line":125,"column":6},"end":{"line":127,"column":7}},{"start":{},"end":{}}]},"10":{"loc":{"start":{"line":133,"column":4},"end":{"line":135,"column":5}},"type":"if","locations":[{"start":{"line":133,"column":4},"end":{"line":135,"column":5}},{"start":{},"end":{}}]},"11":{"loc":{"start":{"line":134,"column":31},"end":{"line":134,"column":62}},"type":"binary-expr","locations":[{"start":{"line":134,"column":31},"end":{"line":134,"column":54}},{"start":{"line":134,"column":58},"end":{"line":134,"column":62}}]},"12":{"loc":{"start":{"line":137,"column":4},"end":{"line":142,"column":5}},"type":"if","locations":[{"start":{"line":137,"column":4},"end":{"line":142,"column":5}},{"start":{},"end":{}}]},"13":{"loc":{"start":{"line":138,"column":6},"end":{"line":140,"column":7}},"type":"if","locations":[{"start":{"line":138,"column":6},"end":{"line":140,"column":7}},{"start":{},"end":{}}]},"14":{"loc":{"start":{"line":138,"column":10},"end":{"line":138,"column":62}},"type":"binary-expr","locations":[{"start":{"line":138,"column":10},"end":{"line":138,"column":33}},{"start":{"line":138,"column":37},"end":{"line":138,"column":62}}]},"15":{"loc":{"start":{"line":144,"column":4},"end":{"line":146,"column":5}},"type":"if","locations":[{"start":{"line":144,"column":4},"end":{"line":146,"column":5}},{"start":{},"end":{}}]},"16":{"loc":{"start":{"line":177,"column":4},"end":{"line":179,"column":5}},"type":"if","locations":[{"start":{"line":177,"column":4},"end":{"line":179,"column":5}},{"start":{},"end":{}}]},"17":{"loc":{"start":{"line":189,"column":17},"end":{"line":189,"column":35}},"type":"binary-expr","locations":[{"start":{"line":189,"column":17},"end":{"line":189,"column":30}},{"start":{"line":189,"column":34},"end":{"line":189,"column":35}}]},"18":{"loc":{"start":{"line":190,"column":18},"end":{"line":190,"column":38}},"type":"binary-expr","locations":[{"start":{"line":190,"column":18},"end":{"line":190,"column":32}},{"start":{"line":190,"column":36},"end":{"line":190,"column":38}}]},"19":{"loc":{"start":{"line":196,"column":4},"end":{"line":198,"column":5}},"type":"if","locations":[{"start":{"line":196,"column":4},"end":{"line":198,"column":5}},{"start":{},"end":{}}]},"20":{"loc":{"start":{"line":196,"column":8},"end":{"line":196,"column":34}},"type":"binary-expr","locations":[{"start":{"line":196,"column":8},"end":{"line":196,"column":14}},{"start":{"line":196,"column":18},"end":{"line":196,"column":34}}]},"21":{"loc":{"start":{"line":200,"column":4},"end":{"line":209,"column":5}},"type":"if","locations":[{"start":{"line":200,"column":4},"end":{"line":209,"column":5}},{"start":{},"end":{}}]},"22":{"loc":{"start":{"line":200,"column":8},"end":{"line":200,"column":42}},"type":"binary-expr","locations":[{"start":{"line":200,"column":8},"end":{"line":200,"column":14}},{"start":{"line":200,"column":18},"end":{"line":200,"column":42}}]},"23":{"loc":{"start":{"line":212,"column":6},"end":{"line":212,"column":54}},"type":"cond-expr","locations":[{"start":{"line":212,"column":30},"end":{"line":212,"column":49}},{"start":{"line":212,"column":52},"end":{"line":212,"column":54}}]},"24":{"loc":{"start":{"line":15,"column":39},"end":{"line":15,"column":55}},"type":"cond-expr","locations":[{"start":{"line":15,"column":52},"end":{"line":15,"column":55}},{"start":{"line":15,"column":52},"end":{"line":15,"column":55}}]},"25":{"loc":{"start":{"line":15,"column":39},"end":{"line":15,"column":52}},"type":"binary-expr","locations":[{"start":{"line":15,"column":39},"end":{"line":15,"column":55}},{"start":{"line":15,"column":39},"end":{"line":15,"column":52}}]}},"s":{"0":1,"1":1,"2":1,"3":11,"4":6,"5":0,"6":6,"7":6,"8":8,"9":5,"10":0,"11":5,"12":2,"13":2,"14":2,"15":3,"16":2,"17":2,"18":4,"19":4,"20":1,"21":3,"22":3,"23":3,"24":1,"25":2,"26":2,"27":2,"28":0,"29":2,"30":2,"31":2,"32":2,"33":3,"34":3,"35":1,"36":2,"37":2,"38":2,"39":2,"40":0,"41":2,"42":2,"43":2,"44":1,"45":1,"46":1,"47":1,"48":0,"49":1,"50":1,"51":0,"52":1,"53":1,"54":0,"55":1,"56":1,"57":1,"58":1,"59":2,"60":2,"61":1,"62":1,"63":1,"64":1,"65":1,"66":1,"67":1,"68":1,"69":1,"70":1,"71":1,"72":1,"73":1,"74":1,"75":1,"76":1,"77":1,"78":1},"f":{"0":11,"1":6,"2":8,"3":5,"4":2,"5":3,"6":4,"7":2,"8":3,"9":1,"10":2,"11":1},"b":{"0":[0,6],"1":[0,5],"2":[1,3],"3":[1,2],"4":[0,2],"5":[0,2],"6":[1,2],"7":[2,0],"8":[0,2],"9":[1,1],"10":[0,1],"11":[0,0],"12":[1,0],"13":[0,1],"14":[1,1],"15":[0,1],"16":[1,1],"17":[1,0],"18":[1,0],"19":[1,0],"20":[1,1],"21":[1,0],"22":[1,1],"23":[1,0],"24":[1,0],"25":[1,1]}}
,"/Users/twot/Documents/HKII_NAM_3/16_Cong_Nghe_Pham_Mem/PharmaAssist/backend/src/active-ingredients/dto/active-ingredients.dto.ts": {"path":"/Users/twot/Documents/HKII_NAM_3/16_Cong_Nghe_Pham_Mem/PharmaAssist/backend/src/active-ingredients/dto/active-ingredients.dto.ts","statementMap":{"0":{"start":{"line":1,"column":0},"end":{"line":1,"column":null}},"1":{"start":{"line":9,"column":0},"end":{"line":9,"column":13}},"2":{"start":{"line":13,"column":2},"end":{"line":13,"column":null}},"3":{"start":{"line":18,"column":2},"end":{"line":18,"column":null}},"4":{"start":{"line":22,"column":2},"end":{"line":22,"column":null}},"5":{"start":{"line":25,"column":0},"end":{"line":25,"column":13}},"6":{"start":{"line":29,"column":2},"end":{"line":29,"column":null}},"7":{"start":{"line":33,"column":2},"end":{"line":33,"column":null}},"8":{"start":{"line":38,"column":2},"end":{"line":38,"column":null}}},"fnMap":{},"branchMap":{},"s":{"0":0,"1":0,"2":0,"3":0,"4":0,"5":0,"6":0,"7":0,"8":0},"f":{},"b":{}}
,"/Users/twot/Documents/HKII_NAM_3/16_Cong_Nghe_Pham_Mem/PharmaAssist/backend/src/auth/auth.controller.ts": {"path":"/Users/twot/Documents/HKII_NAM_3/16_Cong_Nghe_Pham_Mem/PharmaAssist/backend/src/auth/auth.controller.ts","statementMap":{"0":{"start":{"line":1,"column":0},"end":{"line":1,"column":null}},"1":{"start":{"line":10,"column":0},"end":{"line":10,"column":null}},"2":{"start":{"line":16,"column":0},"end":{"line":16,"column":45}},"3":{"start":{"line":17,"column":0},"end":{"line":17,"column":43}},"4":{"start":{"line":18,"column":0},"end":{"line":18,"column":48}},"5":{"start":{"line":22,"column":7},"end":{"line":52,"column":null}},"6":{"start":{"line":23,"column":22},"end":{"line":23,"column":35}},"7":{"start":{"line":30,"column":4},"end":{"line":30,"column":69}},"8":{"start":{"line":41,"column":4},"end":{"line":41,"column":20}},"9":{"start":{"line":50,"column":4},"end":{"line":50,"column":65}},"10":{"start":{"line":22,"column":13},"end":{"line":22,"column":27}},"11":{"start":{"line":29,"column":8},"end":{"line":31,"column":null}},"12":{"start":{"line":39,"column":2},"end":{"line":42,"column":null}},"13":{"start":{"line":49,"column":8},"end":{"line":51,"column":null}},"14":{"start":{"line":22,"column":13},"end":{"line":52,"column":null}}},"fnMap":{"0":{"name":"(anonymous_4)","decl":{"start":{"line":23,"column":2},"end":{"line":23,"column":22}},"loc":{"start":{"line":23,"column":46},"end":{"line":23,"column":50}}},"1":{"name":"(anonymous_5)","decl":{"start":{"line":29,"column":8},"end":{"line":29,"column":13}},"loc":{"start":{"line":29,"column":40},"end":{"line":31,"column":3}}},"2":{"name":"(anonymous_6)","decl":{"start":{"line":39,"column":2},"end":{"line":39,"column":12}},"loc":{"start":{"line":39,"column":42},"end":{"line":42,"column":3}}},"3":{"name":"(anonymous_7)","decl":{"start":{"line":49,"column":8},"end":{"line":49,"column":31}},"loc":{"start":{"line":49,"column":72},"end":{"line":51,"column":3}}}},"branchMap":{"0":{"loc":{"start":{"line":29,"column":32},"end":{"line":29,"column":null}},"type":"cond-expr","locations":[{"start":{"line":29,"column":40},"end":{"line":29,"column":null}},{"start":{"line":29,"column":40},"end":{"line":29,"column":null}}]},"1":{"loc":{"start":{"line":29,"column":32},"end":{"line":29,"column":40}},"type":"binary-expr","locations":[{"start":{"line":29,"column":32},"end":{"line":29,"column":null}},{"start":{"line":29,"column":32},"end":{"line":29,"column":40}}]},"2":{"loc":{"start":{"line":23,"column":35},"end":{"line":23,"column":49}},"type":"cond-expr","locations":[{"start":{"line":23,"column":46},"end":{"line":23,"column":49}},{"start":{"line":23,"column":46},"end":{"line":23,"column":49}}]},"3":{"loc":{"start":{"line":23,"column":35},"end":{"line":23,"column":46}},"type":"binary-expr","locations":[{"start":{"line":23,"column":35},"end":{"line":23,"column":49}},{"start":{"line":23,"column":35},"end":{"line":23,"column":46}}]}},"s":{"0":1,"1":1,"2":1,"3":1,"4":1,"5":1,"6":4,"7":1,"8":1,"9":1,"10":1,"11":1,"12":1,"13":1,"14":1},"f":{"0":4,"1":1,"2":1,"3":1},"b":{"0":[1,0],"1":[1,1],"2":[1,0],"3":[1,1]}}
,"/Users/twot/Documents/HKII_NAM_3/16_Cong_Nghe_Pham_Mem/PharmaAssist/backend/src/auth/auth.module.ts": {"path":"/Users/twot/Documents/HKII_NAM_3/16_Cong_Nghe_Pham_Mem/PharmaAssist/backend/src/auth/auth.module.ts","statementMap":{"0":{"start":{"line":1,"column":0},"end":{"line":1,"column":40}},"1":{"start":{"line":2,"column":0},"end":{"line":2,"column":50}},"2":{"start":{"line":3,"column":0},"end":{"line":3,"column":45}},"3":{"start":{"line":4,"column":0},"end":{"line":4,"column":51}},"4":{"start":{"line":5,"column":0},"end":{"line":5,"column":45}},"5":{"start":{"line":13,"column":7},"end":{"line":13,"column":null}},"6":{"start":{"line":13,"column":13},"end":{"line":13,"column":23}},"7":{"start":{"line":13,"column":13},"end":{"line":13,"column":null}}},"fnMap":{},"branchMap":{},"s":{"0":0,"1":0,"2":0,"3":0,"4":0,"5":0,"6":0,"7":0},"f":{},"b":{}}
,"/Users/twot/Documents/HKII_NAM_3/16_Cong_Nghe_Pham_Mem/PharmaAssist/backend/src/auth/auth.service.ts": {"path":"/Users/twot/Documents/HKII_NAM_3/16_Cong_Nghe_Pham_Mem/PharmaAssist/backend/src/auth/auth.service.ts","statementMap":{"0":{"start":{"line":1,"column":0},"end":{"line":1,"column":null}},"1":{"start":{"line":6,"column":0},"end":{"line":6,"column":57}},"2":{"start":{"line":7,"column":0},"end":{"line":7,"column":69}},"3":{"start":{"line":10,"column":7},"end":{"line":115,"column":null}},"4":{"start":{"line":13,"column":22},"end":{"line":13,"column":30}},"5":{"start":{"line":14,"column":24},"end":{"line":14,"column":48}},"6":{"start":{"line":15,"column":28},"end":{"line":15,"column":57}},"7":{"start":{"line":17,"column":4},"end":{"line":21,"column":5}},"8":{"start":{"line":18,"column":6},"end":{"line":20,"column":8}},"9":{"start":{"line":23,"column":4},"end":{"line":28,"column":7}},"10":{"start":{"line":32,"column":28},"end":{"line":35,"column":6}},"11":{"start":{"line":37,"column":4},"end":{"line":39,"column":5}},"12":{"start":{"line":38,"column":6},"end":{"line":38,"column":53}},"13":{"start":{"line":41,"column":30},"end":{"line":41,"column":34}},"14":{"start":{"line":43,"column":4},"end":{"line":45,"column":5}},"15":{"start":{"line":44,"column":6},"end":{"line":44,"column":63}},"16":{"start":{"line":48,"column":24},"end":{"line":66,"column":6}},"17":{"start":{"line":68,"column":4},"end":{"line":72,"column":5}},"18":{"start":{"line":69,"column":6},"end":{"line":71,"column":8}},"19":{"start":{"line":74,"column":4},"end":{"line":76,"column":5}},"20":{"start":{"line":75,"column":6},"end":{"line":75,"column":74}},"21":{"start":{"line":78,"column":18},"end":{"line":78,"column":65}},"22":{"start":{"line":78,"column":52},"end":{"line":78,"column":64}},"23":{"start":{"line":79,"column":24},"end":{"line":84,"column":null}},"24":{"start":{"line":82,"column":10},"end":{"line":82,"column":65}},"25":{"start":{"line":82,"column":46},"end":{"line":82,"column":64}},"26":{"start":{"line":87,"column":4},"end":{"line":99,"column":6}},"27":{"start":{"line":103,"column":4},"end":{"line":112,"column":7}},"28":{"start":{"line":113,"column":4},"end":{"line":113,"column":29}},"29":{"start":{"line":10,"column":13},"end":{"line":10,"column":24}},"30":{"start":{"line":10,"column":13},"end":{"line":115,"column":null}}},"fnMap":{"0":{"name":"(anonymous_2)","decl":{"start":{"line":13,"column":2},"end":{"line":13,"column":22}},"loc":{"start":{"line":13,"column":43},"end":{"line":29,"column":3}}},"1":{"name":"(anonymous_3)","decl":{"start":{"line":31,"column":2},"end":{"line":31,"column":7}},"loc":{"start":{"line":31,"column":45},"end":{"line":100,"column":3}}},"2":{"name":"(anonymous_4)","decl":{"start":{"line":78,"column":44},"end":{"line":78,"column":45}},"loc":{"start":{"line":78,"column":52},"end":{"line":78,"column":64}}},"3":{"name":"(anonymous_5)","decl":{"start":{"line":81,"column":38},"end":{"line":81,"column":39}},"loc":{"start":{"line":82,"column":10},"end":{"line":82,"column":65}}},"4":{"name":"(anonymous_6)","decl":{"start":{"line":82,"column":38},"end":{"line":82,"column":39}},"loc":{"start":{"line":82,"column":46},"end":{"line":82,"column":64}}},"5":{"name":"(anonymous_7)","decl":{"start":{"line":102,"column":2},"end":{"line":102,"column":7}},"loc":{"start":{"line":102,"column":46},"end":{"line":114,"column":3}}}},"branchMap":{"0":{"loc":{"start":{"line":17,"column":4},"end":{"line":21,"column":5}},"type":"if","locations":[{"start":{"line":17,"column":4},"end":{"line":21,"column":5}},{"start":{},"end":{}}]},"1":{"loc":{"start":{"line":17,"column":8},"end":{"line":17,"column":40}},"type":"binary-expr","locations":[{"start":{"line":17,"column":8},"end":{"line":17,"column":20}},{"start":{"line":17,"column":24},"end":{"line":17,"column":40}}]},"2":{"loc":{"start":{"line":37,"column":4},"end":{"line":39,"column":5}},"type":"if","locations":[{"start":{"line":37,"column":4},"end":{"line":39,"column":5}},{"start":{},"end":{}}]},"3":{"loc":{"start":{"line":43,"column":4},"end":{"line":45,"column":5}},"type":"if","locations":[{"start":{"line":43,"column":4},"end":{"line":45,"column":5}},{"start":{},"end":{}}]},"4":{"loc":{"start":{"line":43,"column":8},"end":{"line":43,"column":25}},"type":"binary-expr","locations":[{"start":{"line":43,"column":8},"end":{"line":43,"column":16}},{"start":{"line":43,"column":20},"end":{"line":43,"column":25}}]},"5":{"loc":{"start":{"line":68,"column":4},"end":{"line":72,"column":5}},"type":"if","locations":[{"start":{"line":68,"column":4},"end":{"line":72,"column":5}},{"start":{},"end":{}}]},"6":{"loc":{"start":{"line":74,"column":4},"end":{"line":76,"column":5}},"type":"if","locations":[{"start":{"line":74,"column":4},"end":{"line":76,"column":5}},{"start":{},"end":{}}]},"7":{"loc":{"start":{"line":97,"column":10},"end":{"line":97,"column":62}},"type":"binary-expr","locations":[{"start":{"line":97,"column":10},"end":{"line":97,"column":53}},{"start":{"line":97,"column":57},"end":{"line":97,"column":62}}]},"8":{"loc":{"start":{"line":13,"column":30},"end":{"line":13,"column":null}},"type":"cond-expr","locations":[{"start":{"line":13,"column":43},"end":{"line":13,"column":null}},{"start":{"line":13,"column":43},"end":{"line":13,"column":null}}]},"9":{"loc":{"start":{"line":13,"column":30},"end":{"line":13,"column":43}},"type":"binary-expr","locations":[{"start":{"line":13,"column":30},"end":{"line":13,"column":null}},{"start":{"line":13,"column":30},"end":{"line":13,"column":43}}]}},"s":{"0":2,"1":2,"2":2,"3":2,"4":5,"5":5,"6":5,"7":5,"8":0,"9":5,"10":4,"11":4,"12":1,"13":3,"14":3,"15":0,"16":3,"17":3,"18":1,"19":2,"20":1,"21":1,"22":0,"23":1,"24":0,"25":0,"26":1,"27":1,"28":1,"29":2,"30":2},"f":{"0":5,"1":4,"2":0,"3":0,"4":0,"5":1},"b":{"0":[0,5],"1":[5,5],"2":[1,3],"3":[0,3],"4":[3,3],"5":[1,2],"6":[1,1],"7":[1,0],"8":[2,0],"9":[2,2]}}
,"/Users/twot/Documents/HKII_NAM_3/16_Cong_Nghe_Pham_Mem/PharmaAssist/backend/src/auth/jwt-auth.guard.ts": {"path":"/Users/twot/Documents/HKII_NAM_3/16_Cong_Nghe_Pham_Mem/PharmaAssist/backend/src/auth/jwt-auth.guard.ts","statementMap":{"0":{"start":{"line":1,"column":0},"end":{"line":1,"column":67}},"1":{"start":{"line":2,"column":0},"end":{"line":2,"column":45}},"2":{"start":{"line":9,"column":7},"end":{"line":16,"column":null}},"3":{"start":{"line":11,"column":4},"end":{"line":13,"column":5}},"4":{"start":{"line":12,"column":6},"end":{"line":12,"column":79}},"5":{"start":{"line":14,"column":4},"end":{"line":14,"column":16}},"6":{"start":{"line":9,"column":13},"end":{"line":9,"column":25}},"7":{"start":{"line":9,"column":13},"end":{"line":16,"column":null}}},"fnMap":{"0":{"name":"(anonymous_1)","decl":{"start":{"line":10,"column":2},"end":{"line":10,"column":15}},"loc":{"start":{"line":10,"column":35},"end":{"line":15,"column":3}}}},"branchMap":{"0":{"loc":{"start":{"line":11,"column":4},"end":{"line":13,"column":5}},"type":"if","locations":[{"start":{"line":11,"column":4},"end":{"line":13,"column":5}},{"start":{},"end":{}}]},"1":{"loc":{"start":{"line":11,"column":8},"end":{"line":11,"column":20}},"type":"binary-expr","locations":[{"start":{"line":11,"column":8},"end":{"line":11,"column":11}},{"start":{"line":11,"column":15},"end":{"line":11,"column":20}}]},"2":{"loc":{"start":{"line":12,"column":38},"end":{"line":12,"column":77}},"type":"binary-expr","locations":[{"start":{"line":12,"column":38},"end":{"line":12,"column":50}},{"start":{"line":12,"column":54},"end":{"line":12,"column":77}}]}},"s":{"0":5,"1":5,"2":5,"3":0,"4":0,"5":0,"6":5,"7":5},"f":{"0":0},"b":{"0":[0,0],"1":[0,0],"2":[0,0]}}
,"/Users/twot/Documents/HKII_NAM_3/16_Cong_Nghe_Pham_Mem/PharmaAssist/backend/src/auth/jwt.strategy.ts": {"path":"/Users/twot/Documents/HKII_NAM_3/16_Cong_Nghe_Pham_Mem/PharmaAssist/backend/src/auth/jwt.strategy.ts","statementMap":{"0":{"start":{"line":1,"column":0},"end":{"line":1,"column":null}},"1":{"start":{"line":6,"column":0},"end":{"line":6,"column":52}},"2":{"start":{"line":7,"column":0},"end":{"line":7,"column":52}},"3":{"start":{"line":8,"column":0},"end":{"line":8,"column":45}},"4":{"start":{"line":9,"column":0},"end":{"line":9,"column":57}},"5":{"start":{"line":12,"column":7},"end":{"line":85,"column":null}},"6":{"start":{"line":14,"column":24},"end":{"line":14,"column":48}},"7":{"start":{"line":15,"column":4},"end":{"line":17,"column":5}},"8":{"start":{"line":16,"column":6},"end":{"line":16,"column":71}},"9":{"start":{"line":19,"column":4},"end":{"line":29,"column":7}},"10":{"start":{"line":13,"column":22},"end":{"line":13,"column":30}},"11":{"start":{"line":33,"column":4},"end":{"line":35,"column":5}},"12":{"start":{"line":34,"column":6},"end":{"line":34,"column":63}},"13":{"start":{"line":37,"column":17},"end":{"line":55,"column":6}},"14":{"start":{"line":57,"column":4},"end":{"line":61,"column":5}},"15":{"start":{"line":58,"column":6},"end":{"line":60,"column":8}},"16":{"start":{"line":63,"column":4},"end":{"line":65,"column":5}},"17":{"start":{"line":64,"column":6},"end":{"line":64,"column":74}},"18":{"start":{"line":67,"column":18},"end":{"line":67,"column":58}},"19":{"start":{"line":67,"column":45},"end":{"line":67,"column":57}},"20":{"start":{"line":68,"column":24},"end":{"line":73,"column":null}},"21":{"start":{"line":71,"column":10},"end":{"line":71,"column":65}},"22":{"start":{"line":71,"column":46},"end":{"line":71,"column":64}},"23":{"start":{"line":76,"column":4},"end":{"line":83,"column":6}},"24":{"start":{"line":12,"column":13},"end":{"line":12,"column":24}},"25":{"start":{"line":12,"column":13},"end":{"line":85,"column":null}}},"fnMap":{"0":{"name":"(anonymous_2)","decl":{"start":{"line":13,"column":2},"end":{"line":13,"column":22}},"loc":{"start":{"line":13,"column":43},"end":{"line":30,"column":3}}},"1":{"name":"(anonymous_3)","decl":{"start":{"line":32,"column":2},"end":{"line":32,"column":7}},"loc":{"start":{"line":32,"column":29},"end":{"line":84,"column":3}}},"2":{"name":"(anonymous_4)","decl":{"start":{"line":67,"column":37},"end":{"line":67,"column":38}},"loc":{"start":{"line":67,"column":45},"end":{"line":67,"column":57}}},"3":{"name":"(anonymous_5)","decl":{"start":{"line":70,"column":31},"end":{"line":70,"column":32}},"loc":{"start":{"line":71,"column":10},"end":{"line":71,"column":65}}},"4":{"name":"(anonymous_6)","decl":{"start":{"line":71,"column":38},"end":{"line":71,"column":39}},"loc":{"start":{"line":71,"column":46},"end":{"line":71,"column":64}}}},"branchMap":{"0":{"loc":{"start":{"line":15,"column":4},"end":{"line":17,"column":5}},"type":"if","locations":[{"start":{"line":15,"column":4},"end":{"line":17,"column":5}},{"start":{},"end":{}}]},"1":{"loc":{"start":{"line":33,"column":4},"end":{"line":35,"column":5}},"type":"if","locations":[{"start":{"line":33,"column":4},"end":{"line":35,"column":5}},{"start":{},"end":{}}]},"2":{"loc":{"start":{"line":33,"column":8},"end":{"line":33,"column":32}},"type":"binary-expr","locations":[{"start":{"line":33,"column":8},"end":{"line":33,"column":16}},{"start":{"line":33,"column":20},"end":{"line":33,"column":32}}]},"3":{"loc":{"start":{"line":57,"column":4},"end":{"line":61,"column":5}},"type":"if","locations":[{"start":{"line":57,"column":4},"end":{"line":61,"column":5}},{"start":{},"end":{}}]},"4":{"loc":{"start":{"line":63,"column":4},"end":{"line":65,"column":5}},"type":"if","locations":[{"start":{"line":63,"column":4},"end":{"line":65,"column":5}},{"start":{},"end":{}}]},"5":{"loc":{"start":{"line":82,"column":26},"end":{"line":82,"column":71}},"type":"binary-expr","locations":[{"start":{"line":82,"column":26},"end":{"line":82,"column":62}},{"start":{"line":82,"column":66},"end":{"line":82,"column":71}}]},"6":{"loc":{"start":{"line":13,"column":30},"end":{"line":13,"column":null}},"type":"cond-expr","locations":[{"start":{"line":13,"column":43},"end":{"line":13,"column":null}},{"start":{"line":13,"column":43},"end":{"line":13,"column":null}}]},"7":{"loc":{"start":{"line":13,"column":30},"end":{"line":13,"column":43}},"type":"binary-expr","locations":[{"start":{"line":13,"column":30},"end":{"line":13,"column":null}},{"start":{"line":13,"column":30},"end":{"line":13,"column":43}}]}},"s":{"0":1,"1":1,"2":1,"3":1,"4":1,"5":1,"6":5,"7":5,"8":0,"9":5,"10":5,"11":6,"12":2,"13":4,"14":4,"15":1,"16":3,"17":1,"18":2,"19":1,"20":2,"21":1,"22":1,"23":2,"24":1,"25":1},"f":{"0":5,"1":6,"2":1,"3":1,"4":1},"b":{"0":[0,5],"1":[2,4],"2":[6,5],"3":[1,3],"4":[1,2],"5":[2,1],"6":[1,0],"7":[1,1]}}
,"/Users/twot/Documents/HKII_NAM_3/16_Cong_Nghe_Pham_Mem/PharmaAssist/backend/src/auth/permissions.decorator.ts": {"path":"/Users/twot/Documents/HKII_NAM_3/16_Cong_Nghe_Pham_Mem/PharmaAssist/backend/src/auth/permissions.decorator.ts","statementMap":{"0":{"start":{"line":1,"column":0},"end":{"line":1,"column":45}},"1":{"start":{"line":3,"column":13},"end":{"line":3,"column":45}},"2":{"start":{"line":4,"column":34},"end":{"line":5,"column":43}},"3":{"start":{"line":5,"column":2},"end":{"line":5,"column":43}},"4":{"start":{"line":4,"column":13},"end":{"line":4,"column":34}}},"fnMap":{"0":{"name":"(anonymous_0)","decl":{"start":{"line":4,"column":34},"end":{"line":4,"column":35}},"loc":{"start":{"line":5,"column":2},"end":{"line":5,"column":43}}}},"branchMap":{},"s":{"0":1,"1":1,"2":1,"3":9,"4":1},"f":{"0":9},"b":{}}
,"/Users/twot/Documents/HKII_NAM_3/16_Cong_Nghe_Pham_Mem/PharmaAssist/backend/src/auth/permissions.guard.ts": {"path":"/Users/twot/Documents/HKII_NAM_3/16_Cong_Nghe_Pham_Mem/PharmaAssist/backend/src/auth/permissions.guard.ts","statementMap":{"0":{"start":{"line":1,"column":0},"end":{"line":1,"column":null}},"1":{"start":{"line":7,"column":0},"end":{"line":7,"column":41}},"2":{"start":{"line":8,"column":0},"end":{"line":8,"column":58}},"3":{"start":{"line":11,"column":7},"end":{"line":53,"column":null}},"4":{"start":{"line":12,"column":22},"end":{"line":12,"column":33}},"5":{"start":{"line":15,"column":32},"end":{"line":17,"column":null}},"6":{"start":{"line":20,"column":4},"end":{"line":22,"column":5}},"7":{"start":{"line":21,"column":6},"end":{"line":21,"column":18}},"8":{"start":{"line":24,"column":21},"end":{"line":24,"column":56}},"9":{"start":{"line":26,"column":4},"end":{"line":32,"column":5}},"10":{"start":{"line":27,"column":6},"end":{"line":31,"column":9}},"11":{"start":{"line":37,"column":26},"end":{"line":38,"column":null}},"12":{"start":{"line":38,"column":6},"end":{"line":38,"column":43}},"13":{"start":{"line":41,"column":4},"end":{"line":49,"column":5}},"14":{"start":{"line":42,"column":6},"end":{"line":48,"column":9}},"15":{"start":{"line":51,"column":4},"end":{"line":51,"column":16}},"16":{"start":{"line":11,"column":13},"end":{"line":11,"column":29}},"17":{"start":{"line":11,"column":13},"end":{"line":53,"column":null}}},"fnMap":{"0":{"name":"(anonymous_2)","decl":{"start":{"line":12,"column":2},"end":{"line":12,"column":22}},"loc":{"start":{"line":12,"column":42},"end":{"line":12,"column":46}}},"1":{"name":"(anonymous_3)","decl":{"start":{"line":14,"column":2},"end":{"line":14,"column":13}},"loc":{"start":{"line":14,"column":39},"end":{"line":52,"column":3}}},"2":{"name":"(anonymous_4)","decl":{"start":{"line":37,"column":52},"end":{"line":37,"column":53}},"loc":{"start":{"line":38,"column":6},"end":{"line":38,"column":43}}}},"branchMap":{"0":{"loc":{"start":{"line":20,"column":4},"end":{"line":22,"column":5}},"type":"if","locations":[{"start":{"line":20,"column":4},"end":{"line":22,"column":5}},{"start":{},"end":{}}]},"1":{"loc":{"start":{"line":20,"column":8},"end":{"line":20,"column":64}},"type":"binary-expr","locations":[{"start":{"line":20,"column":8},"end":{"line":20,"column":28}},{"start":{"line":20,"column":32},"end":{"line":20,"column":64}}]},"2":{"loc":{"start":{"line":26,"column":4},"end":{"line":32,"column":5}},"type":"if","locations":[{"start":{"line":26,"column":4},"end":{"line":32,"column":5}},{"start":{},"end":{}}]},"3":{"loc":{"start":{"line":26,"column":8},"end":{"line":26,"column":34}},"type":"binary-expr","locations":[{"start":{"line":26,"column":8},"end":{"line":26,"column":13}},{"start":{"line":26,"column":17},"end":{"line":26,"column":34}}]},"4":{"loc":{"start":{"line":41,"column":4},"end":{"line":49,"column":5}},"type":"if","locations":[{"start":{"line":41,"column":4},"end":{"line":49,"column":5}},{"start":{},"end":{}}]},"5":{"loc":{"start":{"line":12,"column":33},"end":{"line":12,"column":45}},"type":"cond-expr","locations":[{"start":{"line":12,"column":42},"end":{"line":12,"column":45}},{"start":{"line":12,"column":42},"end":{"line":12,"column":45}}]},"6":{"loc":{"start":{"line":12,"column":33},"end":{"line":12,"column":42}},"type":"binary-expr","locations":[{"start":{"line":12,"column":33},"end":{"line":12,"column":45}},{"start":{"line":12,"column":33},"end":{"line":12,"column":42}}]}},"s":{"0":1,"1":1,"2":1,"3":1,"4":3,"5":0,"6":0,"7":0,"8":0,"9":0,"10":0,"11":0,"12":0,"13":0,"14":0,"15":0,"16":1,"17":1},"f":{"0":3,"1":0,"2":0},"b":{"0":[0,0],"1":[0,0],"2":[0,0],"3":[0,0],"4":[0,0],"5":[1,0],"6":[1,1]}}
,"/Users/twot/Documents/HKII_NAM_3/16_Cong_Nghe_Pham_Mem/PharmaAssist/backend/src/auth/roles.decorator.ts": {"path":"/Users/twot/Documents/HKII_NAM_3/16_Cong_Nghe_Pham_Mem/PharmaAssist/backend/src/auth/roles.decorator.ts","statementMap":{"0":{"start":{"line":1,"column":0},"end":{"line":1,"column":45}},"1":{"start":{"line":3,"column":13},"end":{"line":3,"column":33}},"2":{"start":{"line":9,"column":21},"end":{"line":9,"column":74}},"3":{"start":{"line":9,"column":45},"end":{"line":9,"column":74}},"4":{"start":{"line":9,"column":13},"end":{"line":9,"column":21}}},"fnMap":{"0":{"name":"(anonymous_0)","decl":{"start":{"line":9,"column":21},"end":{"line":9,"column":22}},"loc":{"start":{"line":9,"column":45},"end":{"line":9,"column":74}}}},"branchMap":{},"s":{"0":3,"1":3,"2":3,"3":15,"4":3},"f":{"0":15},"b":{}}
,"/Users/twot/Documents/HKII_NAM_3/16_Cong_Nghe_Pham_Mem/PharmaAssist/backend/src/auth/roles.guard.ts": {"path":"/Users/twot/Documents/HKII_NAM_3/16_Cong_Nghe_Pham_Mem/PharmaAssist/backend/src/auth/roles.guard.ts","statementMap":{"0":{"start":{"line":1,"column":0},"end":{"line":1,"column":null}},"1":{"start":{"line":7,"column":0},"end":{"line":7,"column":41}},"2":{"start":{"line":8,"column":0},"end":{"line":8,"column":46}},"3":{"start":{"line":15,"column":7},"end":{"line":50,"column":null}},"4":{"start":{"line":16,"column":22},"end":{"line":16,"column":33}},"5":{"start":{"line":19,"column":26},"end":{"line":21,"column":null}},"6":{"start":{"line":25,"column":4},"end":{"line":27,"column":5}},"7":{"start":{"line":26,"column":6},"end":{"line":26,"column":18}},"8":{"start":{"line":29,"column":20},"end":{"line":29,"column":55}},"9":{"start":{"line":30,"column":17},"end":{"line":30,"column":29}},"10":{"start":{"line":32,"column":4},"end":{"line":36,"column":5}},"11":{"start":{"line":33,"column":6},"end":{"line":35,"column":8}},"12":{"start":{"line":39,"column":20},"end":{"line":40,"column":null}},"13":{"start":{"line":40,"column":6},"end":{"line":40,"column":34}},"14":{"start":{"line":42,"column":4},"end":{"line":46,"column":5}},"15":{"start":{"line":43,"column":6},"end":{"line":45,"column":8}},"16":{"start":{"line":48,"column":4},"end":{"line":48,"column":16}},"17":{"start":{"line":15,"column":13},"end":{"line":15,"column":23}},"18":{"start":{"line":15,"column":13},"end":{"line":50,"column":null}}},"fnMap":{"0":{"name":"(anonymous_2)","decl":{"start":{"line":16,"column":2},"end":{"line":16,"column":22}},"loc":{"start":{"line":16,"column":42},"end":{"line":16,"column":46}}},"1":{"name":"(anonymous_3)","decl":{"start":{"line":18,"column":2},"end":{"line":18,"column":13}},"loc":{"start":{"line":18,"column":39},"end":{"line":49,"column":3}}},"2":{"name":"(anonymous_4)","decl":{"start":{"line":39,"column":36},"end":{"line":39,"column":37}},"loc":{"start":{"line":40,"column":6},"end":{"line":40,"column":34}}}},"branchMap":{"0":{"loc":{"start":{"line":25,"column":4},"end":{"line":27,"column":5}},"type":"if","locations":[{"start":{"line":25,"column":4},"end":{"line":27,"column":5}},{"start":{},"end":{}}]},"1":{"loc":{"start":{"line":25,"column":8},"end":{"line":25,"column":52}},"type":"binary-expr","locations":[{"start":{"line":25,"column":8},"end":{"line":25,"column":22}},{"start":{"line":25,"column":26},"end":{"line":25,"column":52}}]},"2":{"loc":{"start":{"line":32,"column":4},"end":{"line":36,"column":5}},"type":"if","locations":[{"start":{"line":32,"column":4},"end":{"line":36,"column":5}},{"start":{},"end":{}}]},"3":{"loc":{"start":{"line":32,"column":8},"end":{"line":32,"column":28}},"type":"binary-expr","locations":[{"start":{"line":32,"column":8},"end":{"line":32,"column":13}},{"start":{"line":32,"column":17},"end":{"line":32,"column":28}}]},"4":{"loc":{"start":{"line":42,"column":4},"end":{"line":46,"column":5}},"type":"if","locations":[{"start":{"line":42,"column":4},"end":{"line":46,"column":5}},{"start":{},"end":{}}]},"5":{"loc":{"start":{"line":16,"column":33},"end":{"line":16,"column":45}},"type":"cond-expr","locations":[{"start":{"line":16,"column":42},"end":{"line":16,"column":45}},{"start":{"line":16,"column":42},"end":{"line":16,"column":45}}]},"6":{"loc":{"start":{"line":16,"column":33},"end":{"line":16,"column":42}},"type":"binary-expr","locations":[{"start":{"line":16,"column":33},"end":{"line":16,"column":45}},{"start":{"line":16,"column":33},"end":{"line":16,"column":42}}]}},"s":{"0":3,"1":3,"2":3,"3":3,"4":8,"5":0,"6":0,"7":0,"8":0,"9":0,"10":0,"11":0,"12":0,"13":0,"14":0,"15":0,"16":0,"17":3,"18":3},"f":{"0":8,"1":0,"2":0},"b":{"0":[0,0],"1":[0,0],"2":[0,0],"3":[0,0],"4":[0,0],"5":[3,0],"6":[3,3]}}
,"/Users/twot/Documents/HKII_NAM_3/16_Cong_Nghe_Pham_Mem/PharmaAssist/backend/src/auth/dto/login.dto.ts": {"path":"/Users/twot/Documents/HKII_NAM_3/16_Cong_Nghe_Pham_Mem/PharmaAssist/backend/src/auth/dto/login.dto.ts","statementMap":{"0":{"start":{"line":1,"column":0},"end":{"line":1,"column":75}},"1":{"start":{"line":2,"column":0},"end":{"line":2,"column":46}},"2":{"start":{"line":4,"column":0},"end":{"line":4,"column":13}},"3":{"start":{"line":8,"column":2},"end":{"line":8,"column":null}},"4":{"start":{"line":14,"column":2},"end":{"line":14,"column":null}}},"fnMap":{},"branchMap":{},"s":{"0":1,"1":1,"2":1,"3":1,"4":1},"f":{},"b":{}}
,"/Users/twot/Documents/HKII_NAM_3/16_Cong_Nghe_Pham_Mem/PharmaAssist/backend/src/categories/categories.controller.ts": {"path":"/Users/twot/Documents/HKII_NAM_3/16_Cong_Nghe_Pham_Mem/PharmaAssist/backend/src/categories/categories.controller.ts","statementMap":{"0":{"start":{"line":1,"column":0},"end":{"line":1,"column":null}},"1":{"start":{"line":12,"column":0},"end":{"line":12,"column":57}},"2":{"start":{"line":13,"column":0},"end":{"line":13,"column":62}},"3":{"start":{"line":14,"column":0},"end":{"line":14,"column":62}},"4":{"start":{"line":15,"column":0},"end":{"line":15,"column":54}},"5":{"start":{"line":16,"column":0},"end":{"line":16,"column":49}},"6":{"start":{"line":17,"column":0},"end":{"line":17,"column":48}},"7":{"start":{"line":21,"column":7},"end":{"line":56,"column":null}},"8":{"start":{"line":22,"column":31},"end":{"line":22,"column":50}},"9":{"start":{"line":27,"column":4},"end":{"line":27,"column":44}},"10":{"start":{"line":33,"column":4},"end":{"line":33,"column":46}},"11":{"start":{"line":39,"column":4},"end":{"line":39,"column":60}},"12":{"start":{"line":48,"column":4},"end":{"line":48,"column":64}},"13":{"start":{"line":54,"column":4},"end":{"line":54,"column":45}},"14":{"start":{"line":21,"column":13},"end":{"line":21,"column":33}},"15":{"start":{"line":26,"column":8},"end":{"line":28,"column":null}},"16":{"start":{"line":32,"column":8},"end":{"line":34,"column":null}},"17":{"start":{"line":38,"column":8},"end":{"line":40,"column":null}},"18":{"start":{"line":44,"column":8},"end":{"line":49,"column":null}},"19":{"start":{"line":53,"column":8},"end":{"line":55,"column":null}},"20":{"start":{"line":21,"column":13},"end":{"line":56,"column":null}}},"fnMap":{"0":{"name":"(anonymous_4)","decl":{"start":{"line":22,"column":2},"end":{"line":22,"column":31}},"loc":{"start":{"line":22,"column":67},"end":{"line":22,"column":71}}},"1":{"name":"(anonymous_5)","decl":{"start":{"line":26,"column":8},"end":{"line":26,"column":15}},"loc":{"start":{"line":26,"column":15},"end":{"line":28,"column":3}}},"2":{"name":"(anonymous_6)","decl":{"start":{"line":32,"column":8},"end":{"line":32,"column":15}},"loc":{"start":{"line":32,"column":53},"end":{"line":34,"column":3}}},"3":{"name":"(anonymous_7)","decl":{"start":{"line":38,"column":8},"end":{"line":38,"column":14}},"loc":{"start":{"line":38,"column":59},"end":{"line":40,"column":3}}},"4":{"name":"(anonymous_8)","decl":{"start":{"line":44,"column":8},"end":{"line":44,"column":14}},"loc":{"start":{"line":46,"column":48},"end":{"line":49,"column":3}}},"5":{"name":"(anonymous_9)","decl":{"start":{"line":53,"column":8},"end":{"line":53,"column":14}},"loc":{"start":{"line":53,"column":52},"end":{"line":55,"column":3}}}},"branchMap":{"0":{"loc":{"start":{"line":38,"column":42},"end":{"line":38,"column":null}},"type":"cond-expr","locations":[{"start":{"line":38,"column":59},"end":{"line":38,"column":null}},{"start":{"line":38,"column":59},"end":{"line":38,"column":null}}]},"1":{"loc":{"start":{"line":38,"column":42},"end":{"line":38,"column":59}},"type":"binary-expr","locations":[{"start":{"line":38,"column":42},"end":{"line":38,"column":null}},{"start":{"line":38,"column":42},"end":{"line":38,"column":59}}]},"2":{"loc":{"start":{"line":46,"column":31},"end":{"line":46,"column":null}},"type":"cond-expr","locations":[{"start":{"line":46,"column":48},"end":{"line":46,"column":null}},{"start":{"line":46,"column":48},"end":{"line":46,"column":null}}]},"3":{"loc":{"start":{"line":46,"column":31},"end":{"line":46,"column":48}},"type":"binary-expr","locations":[{"start":{"line":46,"column":31},"end":{"line":46,"column":null}},{"start":{"line":46,"column":31},"end":{"line":46,"column":48}}]},"4":{"loc":{"start":{"line":22,"column":50},"end":{"line":22,"column":70}},"type":"cond-expr","locations":[{"start":{"line":22,"column":67},"end":{"line":22,"column":70}},{"start":{"line":22,"column":67},"end":{"line":22,"column":70}}]},"5":{"loc":{"start":{"line":22,"column":50},"end":{"line":22,"column":67}},"type":"binary-expr","locations":[{"start":{"line":22,"column":50},"end":{"line":22,"column":70}},{"start":{"line":22,"column":50},"end":{"line":22,"column":67}}]}},"s":{"0":0,"1":0,"2":0,"3":0,"4":0,"5":0,"6":0,"7":0,"8":0,"9":0,"10":0,"11":0,"12":0,"13":0,"14":0,"15":0,"16":0,"17":0,"18":0,"19":0,"20":0},"f":{"0":0,"1":0,"2":0,"3":0,"4":0,"5":0},"b":{"0":[0,0],"1":[0,0],"2":[0,0],"3":[0,0],"4":[0,0],"5":[0,0]}}
,"/Users/twot/Documents/HKII_NAM_3/16_Cong_Nghe_Pham_Mem/PharmaAssist/backend/src/categories/categories.module.ts": {"path":"/Users/twot/Documents/HKII_NAM_3/16_Cong_Nghe_Pham_Mem/PharmaAssist/backend/src/categories/categories.module.ts","statementMap":{"0":{"start":{"line":1,"column":0},"end":{"line":1,"column":40}},"1":{"start":{"line":2,"column":0},"end":{"line":2,"column":57}},"2":{"start":{"line":3,"column":0},"end":{"line":3,"column":63}},"3":{"start":{"line":4,"column":0},"end":{"line":4,"column":55}},"4":{"start":{"line":12,"column":7},"end":{"line":12,"column":null}},"5":{"start":{"line":12,"column":13},"end":{"line":12,"column":29}},"6":{"start":{"line":12,"column":13},"end":{"line":12,"column":null}}},"fnMap":{},"branchMap":{},"s":{"0":0,"1":0,"2":0,"3":0,"4":0,"5":0,"6":0},"f":{},"b":{}}
,"/Users/twot/Documents/HKII_NAM_3/16_Cong_Nghe_Pham_Mem/PharmaAssist/backend/src/categories/categories.service.ts": {"path":"/Users/twot/Documents/HKII_NAM_3/16_Cong_Nghe_Pham_Mem/PharmaAssist/backend/src/categories/categories.service.ts","statementMap":{"0":{"start":{"line":1,"column":0},"end":{"line":1,"column":null}},"1":{"start":{"line":6,"column":0},"end":{"line":6,"column":57}},"2":{"start":{"line":11,"column":7},"end":{"line":283,"column":null}},"3":{"start":{"line":12,"column":22},"end":{"line":12,"column":30}},"4":{"start":{"line":15,"column":4},"end":{"line":27,"column":6}},"5":{"start":{"line":32,"column":4},"end":{"line":50,"column":7}},"6":{"start":{"line":54,"column":21},"end":{"line":65,"column":6}},"7":{"start":{"line":67,"column":4},"end":{"line":69,"column":5}},"8":{"start":{"line":68,"column":6},"end":{"line":68,"column":70}},"9":{"start":{"line":71,"column":4},"end":{"line":71,"column":20}},"10":{"start":{"line":76,"column":21},"end":{"line":78,"column":6}},"11":{"start":{"line":79,"column":4},"end":{"line":81,"column":5}},"12":{"start":{"line":80,"column":6},"end":{"line":80,"column":75}},"13":{"start":{"line":84,"column":4},"end":{"line":93,"column":5}},"14":{"start":{"line":85,"column":21},"end":{"line":87,"column":8}},"15":{"start":{"line":88,"column":6},"end":{"line":92,"column":7}},"16":{"start":{"line":89,"column":8},"end":{"line":91,"column":10}},"17":{"start":{"line":95,"column":17},"end":{"line":95,"column":44}},"18":{"start":{"line":97,"column":4},"end":{"line":114,"column":7}},"19":{"start":{"line":98,"column":23},"end":{"line":109,"column":8}},"20":{"start":{"line":111,"column":6},"end":{"line":111,"column":37}},"21":{"start":{"line":113,"column":6},"end":{"line":113,"column":22}},"22":{"start":{"line":118,"column":21},"end":{"line":120,"column":6}},"23":{"start":{"line":121,"column":4},"end":{"line":123,"column":5}},"24":{"start":{"line":122,"column":6},"end":{"line":122,"column":70}},"25":{"start":{"line":126,"column":4},"end":{"line":133,"column":5}},"26":{"start":{"line":127,"column":23},"end":{"line":129,"column":8}},"27":{"start":{"line":130,"column":6},"end":{"line":132,"column":7}},"28":{"start":{"line":131,"column":8},"end":{"line":131,"column":77}},"29":{"start":{"line":136,"column":4},"end":{"line":151,"column":5}},"30":{"start":{"line":137,"column":6},"end":{"line":139,"column":7}},"31":{"start":{"line":138,"column":8},"end":{"line":138,"column":77}},"32":{"start":{"line":142,"column":26},"end":{"line":144,"column":8}},"33":{"start":{"line":145,"column":28},"end":{"line":145,"column":66}},"34":{"start":{"line":145,"column":51},"end":{"line":145,"column":65}},"35":{"start":{"line":146,"column":6},"end":{"line":150,"column":7}},"36":{"start":{"line":147,"column":8},"end":{"line":149,"column":10}},"37":{"start":{"line":153,"column":17},"end":{"line":153,"column":67}},"38":{"start":{"line":155,"column":4},"end":{"line":175,"column":7}},"39":{"start":{"line":156,"column":30},"end":{"line":168,"column":8}},"40":{"start":{"line":170,"column":6},"end":{"line":172,"column":7}},"41":{"start":{"line":171,"column":8},"end":{"line":171,"column":39}},"42":{"start":{"line":174,"column":6},"end":{"line":174,"column":29}},"43":{"start":{"line":179,"column":21},"end":{"line":181,"column":6}},"44":{"start":{"line":182,"column":4},"end":{"line":184,"column":5}},"45":{"start":{"line":183,"column":6},"end":{"line":183,"column":70}},"46":{"start":{"line":187,"column":23},"end":{"line":189,"column":6}},"47":{"start":{"line":190,"column":4},"end":{"line":194,"column":5}},"48":{"start":{"line":191,"column":6},"end":{"line":193,"column":8}},"49":{"start":{"line":197,"column":25},"end":{"line":199,"column":6}},"50":{"start":{"line":200,"column":4},"end":{"line":204,"column":5}},"51":{"start":{"line":201,"column":6},"end":{"line":203,"column":8}},"52":{"start":{"line":206,"column":4},"end":{"line":221,"column":7}},"53":{"start":{"line":208,"column":6},"end":{"line":212,"column":9}},"54":{"start":{"line":214,"column":22},"end":{"line":216,"column":8}},"55":{"start":{"line":218,"column":6},"end":{"line":218,"column":37}},"56":{"start":{"line":220,"column":6},"end":{"line":220,"column":21}},"57":{"start":{"line":229,"column":4},"end":{"line":229,"column":44}},"58":{"start":{"line":232,"column":23},"end":{"line":237,"column":6}},"59":{"start":{"line":239,"column":24},"end":{"line":239,"column":56}},"60":{"start":{"line":240,"column":4},"end":{"line":242,"column":7}},"61":{"start":{"line":241,"column":6},"end":{"line":241,"column":44}},"62":{"start":{"line":248,"column":10},"end":{"line":248,"column":12}},"63":{"start":{"line":251,"column":4},"end":{"line":273,"column":7}},"64":{"start":{"line":253,"column":6},"end":{"line":257,"column":9}},"65":{"start":{"line":260,"column":28},"end":{"line":260,"column":40}},"66":{"start":{"line":261,"column":18},"end":{"line":261,"column":19}},"67":{"start":{"line":262,"column":6},"end":{"line":272,"column":7}},"68":{"start":{"line":263,"column":8},"end":{"line":267,"column":11}},"69":{"start":{"line":270,"column":8},"end":{"line":270,"column":67}},"70":{"start":{"line":271,"column":8},"end":{"line":271,"column":16}},"71":{"start":{"line":276,"column":4},"end":{"line":281,"column":5}},"72":{"start":{"line":277,"column":6},"end":{"line":280,"column":9}},"73":{"start":{"line":11,"column":13},"end":{"line":11,"column":30}},"74":{"start":{"line":11,"column":13},"end":{"line":283,"column":null}}},"fnMap":{"0":{"name":"(anonymous_2)","decl":{"start":{"line":12,"column":2},"end":{"line":12,"column":22}},"loc":{"start":{"line":12,"column":43},"end":{"line":12,"column":47}}},"1":{"name":"(anonymous_3)","decl":{"start":{"line":14,"column":10},"end":{"line":14,"column":22}},"loc":{"start":{"line":14,"column":35},"end":{"line":28,"column":3}}},"2":{"name":"(anonymous_4)","decl":{"start":{"line":30,"column":2},"end":{"line":30,"column":7}},"loc":{"start":{"line":30,"column":15},"end":{"line":51,"column":3}}},"3":{"name":"(anonymous_5)","decl":{"start":{"line":53,"column":2},"end":{"line":53,"column":7}},"loc":{"start":{"line":53,"column":26},"end":{"line":72,"column":3}}},"4":{"name":"(anonymous_6)","decl":{"start":{"line":74,"column":2},"end":{"line":74,"column":7}},"loc":{"start":{"line":74,"column":37},"end":{"line":115,"column":3}}},"5":{"name":"(anonymous_7)","decl":{"start":{"line":97,"column":36},"end":{"line":97,"column":41}},"loc":{"start":{"line":97,"column":49},"end":{"line":114,"column":5}}},"6":{"name":"(anonymous_8)","decl":{"start":{"line":117,"column":2},"end":{"line":117,"column":7}},"loc":{"start":{"line":117,"column":49},"end":{"line":176,"column":3}}},"7":{"name":"(anonymous_9)","decl":{"start":{"line":145,"column":44},"end":{"line":145,"column":45}},"loc":{"start":{"line":145,"column":51},"end":{"line":145,"column":65}}},"8":{"name":"(anonymous_10)","decl":{"start":{"line":155,"column":36},"end":{"line":155,"column":41}},"loc":{"start":{"line":155,"column":49},"end":{"line":175,"column":5}}},"9":{"name":"(anonymous_11)","decl":{"start":{"line":178,"column":2},"end":{"line":178,"column":7}},"loc":{"start":{"line":178,"column":25},"end":{"line":222,"column":3}}},"10":{"name":"(anonymous_12)","decl":{"start":{"line":206,"column":36},"end":{"line":206,"column":41}},"loc":{"start":{"line":206,"column":49},"end":{"line":221,"column":5}}},"11":{"name":"(anonymous_13)","decl":{"start":{"line":227,"column":10},"end":{"line":227,"column":15}},"loc":{"start":{"line":227,"column":39},"end":{"line":282,"column":3}}},"12":{"name":"(anonymous_14)","decl":{"start":{"line":240,"column":23},"end":{"line":240,"column":24}},"loc":{"start":{"line":240,"column":72},"end":{"line":242,"column":5}}},"13":{"name":"(anonymous_15)","decl":{"start":{"line":251,"column":23},"end":{"line":251,"column":24}},"loc":{"start":{"line":251,"column":72},"end":{"line":273,"column":5}}}},"branchMap":{"0":{"loc":{"start":{"line":67,"column":4},"end":{"line":69,"column":5}},"type":"if","locations":[{"start":{"line":67,"column":4},"end":{"line":69,"column":5}},{"start":{},"end":{}}]},"1":{"loc":{"start":{"line":79,"column":4},"end":{"line":81,"column":5}},"type":"if","locations":[{"start":{"line":79,"column":4},"end":{"line":81,"column":5}},{"start":{},"end":{}}]},"2":{"loc":{"start":{"line":84,"column":4},"end":{"line":93,"column":5}},"type":"if","locations":[{"start":{"line":84,"column":4},"end":{"line":93,"column":5}},{"start":{},"end":{}}]},"3":{"loc":{"start":{"line":88,"column":6},"end":{"line":92,"column":7}},"type":"if","locations":[{"start":{"line":88,"column":6},"end":{"line":92,"column":7}},{"start":{},"end":{}}]},"4":{"loc":{"start":{"line":103,"column":20},"end":{"line":103,"column":40}},"type":"binary-expr","locations":[{"start":{"line":103,"column":20},"end":{"line":103,"column":32}},{"start":{"line":103,"column":36},"end":{"line":103,"column":40}}]},"5":{"loc":{"start":{"line":104,"column":23},"end":{"line":104,"column":46}},"type":"binary-expr","locations":[{"start":{"line":104,"column":23},"end":{"line":104,"column":38}},{"start":{"line":104,"column":42},"end":{"line":104,"column":46}}]},"6":{"loc":{"start":{"line":105,"column":20},"end":{"line":105,"column":40}},"type":"binary-expr","locations":[{"start":{"line":105,"column":20},"end":{"line":105,"column":32}},{"start":{"line":105,"column":36},"end":{"line":105,"column":40}}]},"7":{"loc":{"start":{"line":106,"column":21},"end":{"line":106,"column":39}},"type":"binary-expr","locations":[{"start":{"line":106,"column":21},"end":{"line":106,"column":34}},{"start":{"line":106,"column":38},"end":{"line":106,"column":39}}]},"8":{"loc":{"start":{"line":107,"column":18},"end":{"line":107,"column":40}},"type":"binary-expr","locations":[{"start":{"line":107,"column":18},"end":{"line":107,"column":28}},{"start":{"line":107,"column":32},"end":{"line":107,"column":40}}]},"9":{"loc":{"start":{"line":121,"column":4},"end":{"line":123,"column":5}},"type":"if","locations":[{"start":{"line":121,"column":4},"end":{"line":123,"column":5}},{"start":{},"end":{}}]},"10":{"loc":{"start":{"line":126,"column":4},"end":{"line":133,"column":5}},"type":"if","locations":[{"start":{"line":126,"column":4},"end":{"line":133,"column":5}},{"start":{},"end":{}}]},"11":{"loc":{"start":{"line":126,"column":8},"end":{"line":126,"column":46}},"type":"binary-expr","locations":[{"start":{"line":126,"column":8},"end":{"line":126,"column":16}},{"start":{"line":126,"column":20},"end":{"line":126,"column":46}}]},"12":{"loc":{"start":{"line":130,"column":6},"end":{"line":132,"column":7}},"type":"if","locations":[{"start":{"line":130,"column":6},"end":{"line":132,"column":7}},{"start":{},"end":{}}]},"13":{"loc":{"start":{"line":136,"column":4},"end":{"line":151,"column":5}},"type":"if","locations":[{"start":{"line":136,"column":4},"end":{"line":151,"column":5}},{"start":{},"end":{}}]},"14":{"loc":{"start":{"line":137,"column":6},"end":{"line":139,"column":7}},"type":"if","locations":[{"start":{"line":137,"column":6},"end":{"line":139,"column":7}},{"start":{},"end":{}}]},"15":{"loc":{"start":{"line":146,"column":6},"end":{"line":150,"column":7}},"type":"if","locations":[{"start":{"line":146,"column":6},"end":{"line":150,"column":7}},{"start":{},"end":{}}]},"16":{"loc":{"start":{"line":153,"column":17},"end":{"line":153,"column":67}},"type":"cond-expr","locations":[{"start":{"line":153,"column":28},"end":{"line":153,"column":55}},{"start":{"line":153,"column":58},"end":{"line":153,"column":67}}]},"17":{"loc":{"start":{"line":161,"column":16},"end":{"line":161,"column":53}},"type":"cond-expr","locations":[{"start":{"line":161,"column":37},"end":{"line":161,"column":41}},{"start":{"line":161,"column":44},"end":{"line":161,"column":53}}]},"18":{"loc":{"start":{"line":162,"column":20},"end":{"line":162,"column":63}},"type":"cond-expr","locations":[{"start":{"line":162,"column":44},"end":{"line":162,"column":48}},{"start":{"line":162,"column":51},"end":{"line":162,"column":63}}]},"19":{"loc":{"start":{"line":170,"column":6},"end":{"line":172,"column":7}},"type":"if","locations":[{"start":{"line":170,"column":6},"end":{"line":172,"column":7}},{"start":{},"end":{}}]},"20":{"loc":{"start":{"line":182,"column":4},"end":{"line":184,"column":5}},"type":"if","locations":[{"start":{"line":182,"column":4},"end":{"line":184,"column":5}},{"start":{},"end":{}}]},"21":{"loc":{"start":{"line":190,"column":4},"end":{"line":194,"column":5}},"type":"if","locations":[{"start":{"line":190,"column":4},"end":{"line":194,"column":5}},{"start":{},"end":{}}]},"22":{"loc":{"start":{"line":200,"column":4},"end":{"line":204,"column":5}},"type":"if","locations":[{"start":{"line":200,"column":4},"end":{"line":204,"column":5}},{"start":{},"end":{}}]},"23":{"loc":{"start":{"line":270,"column":26},"end":{"line":270,"column":66}},"type":"binary-expr","locations":[{"start":{"line":270,"column":26},"end":{"line":270,"column":58}},{"start":{"line":270,"column":62},"end":{"line":270,"column":66}}]},"24":{"loc":{"start":{"line":276,"column":4},"end":{"line":281,"column":5}},"type":"if","locations":[{"start":{"line":276,"column":4},"end":{"line":281,"column":5}},{"start":{},"end":{}}]},"25":{"loc":{"start":{"line":12,"column":30},"end":{"line":12,"column":46}},"type":"cond-expr","locations":[{"start":{"line":12,"column":43},"end":{"line":12,"column":46}},{"start":{"line":12,"column":43},"end":{"line":12,"column":46}}]},"26":{"loc":{"start":{"line":12,"column":30},"end":{"line":12,"column":43}},"type":"binary-expr","locations":[{"start":{"line":12,"column":30},"end":{"line":12,"column":46}},{"start":{"line":12,"column":30},"end":{"line":12,"column":43}}]}},"s":{"0":0,"1":0,"2":0,"3":0,"4":0,"5":0,"6":0,"7":0,"8":0,"9":0,"10":0,"11":0,"12":0,"13":0,"14":0,"15":0,"16":0,"17":0,"18":0,"19":0,"20":0,"21":0,"22":0,"23":0,"24":0,"25":0,"26":0,"27":0,"28":0,"29":0,"30":0,"31":0,"32":0,"33":0,"34":0,"35":0,"36":0,"37":0,"38":0,"39":0,"40":0,"41":0,"42":0,"43":0,"44":0,"45":0,"46":0,"47":0,"48":0,"49":0,"50":0,"51":0,"52":0,"53":0,"54":0,"55":0,"56":0,"57":0,"58":0,"59":0,"60":0,"61":0,"62":0,"63":0,"64":0,"65":0,"66":0,"67":0,"68":0,"69":0,"70":0,"71":0,"72":0,"73":0,"74":0},"f":{"0":0,"1":0,"2":0,"3":0,"4":0,"5":0,"6":0,"7":0,"8":0,"9":0,"10":0,"11":0,"12":0,"13":0},"b":{"0":[0,0],"1":[0,0],"2":[0,0],"3":[0,0],"4":[0,0],"5":[0,0],"6":[0,0],"7":[0,0],"8":[0,0],"9":[0,0],"10":[0,0],"11":[0,0],"12":[0,0],"13":[0,0],"14":[0,0],"15":[0,0],"16":[0,0],"17":[0,0],"18":[0,0],"19":[0,0],"20":[0,0],"21":[0,0],"22":[0,0],"23":[0,0],"24":[0,0],"25":[0,0],"26":[0,0]}}
,"/Users/twot/Documents/HKII_NAM_3/16_Cong_Nghe_Pham_Mem/PharmaAssist/backend/src/categories/dto/create-category.dto.ts": {"path":"/Users/twot/Documents/HKII_NAM_3/16_Cong_Nghe_Pham_Mem/PharmaAssist/backend/src/categories/dto/create-category.dto.ts","statementMap":{"0":{"start":{"line":1,"column":0},"end":{"line":1,"column":null}},"1":{"start":{"line":9,"column":0},"end":{"line":9,"column":13}},"2":{"start":{"line":13,"column":2},"end":{"line":13,"column":null}},"3":{"start":{"line":18,"column":2},"end":{"line":18,"column":null}},"4":{"start":{"line":22,"column":2},"end":{"line":22,"column":null}},"5":{"start":{"line":26,"column":2},"end":{"line":26,"column":null}},"6":{"start":{"line":30,"column":2},"end":{"line":30,"column":null}},"7":{"start":{"line":34,"column":2},"end":{"line":34,"column":null}},"8":{"start":{"line":38,"column":2},"end":{"line":38,"column":null}}},"fnMap":{},"branchMap":{},"s":{"0":0,"1":0,"2":0,"3":0,"4":0,"5":0,"6":0,"7":0,"8":0},"f":{},"b":{}}
,"/Users/twot/Documents/HKII_NAM_3/16_Cong_Nghe_Pham_Mem/PharmaAssist/backend/src/categories/dto/update-category.dto.ts": {"path":"/Users/twot/Documents/HKII_NAM_3/16_Cong_Nghe_Pham_Mem/PharmaAssist/backend/src/categories/dto/update-category.dto.ts","statementMap":{"0":{"start":{"line":1,"column":0},"end":{"line":1,"column":73}},"1":{"start":{"line":3,"column":0},"end":{"line":3,"column":13}},"2":{"start":{"line":7,"column":2},"end":{"line":7,"column":null}},"3":{"start":{"line":12,"column":2},"end":{"line":12,"column":null}},"4":{"start":{"line":16,"column":2},"end":{"line":16,"column":null}},"5":{"start":{"line":20,"column":2},"end":{"line":20,"column":null}},"6":{"start":{"line":24,"column":2},"end":{"line":24,"column":null}},"7":{"start":{"line":28,"column":2},"end":{"line":28,"column":null}},"8":{"start":{"line":32,"column":2},"end":{"line":32,"column":null}}},"fnMap":{},"branchMap":{},"s":{"0":0,"1":0,"2":0,"3":0,"4":0,"5":0,"6":0,"7":0,"8":0},"f":{},"b":{}}
,"/Users/twot/Documents/HKII_NAM_3/16_Cong_Nghe_Pham_Mem/PharmaAssist/backend/src/customers/customers.controller.ts": {"path":"/Users/twot/Documents/HKII_NAM_3/16_Cong_Nghe_Pham_Mem/PharmaAssist/backend/src/customers/customers.controller.ts","statementMap":{"0":{"start":{"line":1,"column":0},"end":{"line":1,"column":null}},"1":{"start":{"line":12,"column":0},"end":{"line":12,"column":55}},"2":{"start":{"line":13,"column":0},"end":{"line":13,"column":62}},"3":{"start":{"line":14,"column":0},"end":{"line":14,"column":62}},"4":{"start":{"line":15,"column":0},"end":{"line":15,"column":54}},"5":{"start":{"line":16,"column":0},"end":{"line":16,"column":49}},"6":{"start":{"line":17,"column":0},"end":{"line":17,"column":48}},"7":{"start":{"line":21,"column":7},"end":{"line":56,"column":null}},"8":{"start":{"line":22,"column":31},"end":{"line":22,"column":49}},"9":{"start":{"line":27,"column":4},"end":{"line":27,"column":43}},"10":{"start":{"line":33,"column":4},"end":{"line":33,"column":45}},"11":{"start":{"line":39,"column":4},"end":{"line":39,"column":59}},"12":{"start":{"line":48,"column":4},"end":{"line":48,"column":63}},"13":{"start":{"line":54,"column":4},"end":{"line":54,"column":44}},"14":{"start":{"line":21,"column":13},"end":{"line":21,"column":32}},"15":{"start":{"line":26,"column":8},"end":{"line":28,"column":null}},"16":{"start":{"line":32,"column":8},"end":{"line":34,"column":null}},"17":{"start":{"line":38,"column":8},"end":{"line":40,"column":null}},"18":{"start":{"line":44,"column":8},"end":{"line":49,"column":null}},"19":{"start":{"line":53,"column":8},"end":{"line":55,"column":null}},"20":{"start":{"line":21,"column":13},"end":{"line":56,"column":null}}},"fnMap":{"0":{"name":"(anonymous_4)","decl":{"start":{"line":22,"column":2},"end":{"line":22,"column":31}},"loc":{"start":{"line":22,"column":65},"end":{"line":22,"column":69}}},"1":{"name":"(anonymous_5)","decl":{"start":{"line":26,"column":8},"end":{"line":26,"column":15}},"loc":{"start":{"line":26,"column":15},"end":{"line":28,"column":3}}},"2":{"name":"(anonymous_6)","decl":{"start":{"line":32,"column":8},"end":{"line":32,"column":15}},"loc":{"start":{"line":32,"column":53},"end":{"line":34,"column":3}}},"3":{"name":"(anonymous_7)","decl":{"start":{"line":38,"column":8},"end":{"line":38,"column":14}},"loc":{"start":{"line":38,"column":59},"end":{"line":40,"column":3}}},"4":{"name":"(anonymous_8)","decl":{"start":{"line":44,"column":8},"end":{"line":44,"column":14}},"loc":{"start":{"line":46,"column":48},"end":{"line":49,"column":3}}},"5":{"name":"(anonymous_9)","decl":{"start":{"line":53,"column":8},"end":{"line":53,"column":14}},"loc":{"start":{"line":53,"column":52},"end":{"line":55,"column":3}}}},"branchMap":{"0":{"loc":{"start":{"line":38,"column":42},"end":{"line":38,"column":null}},"type":"cond-expr","locations":[{"start":{"line":38,"column":59},"end":{"line":38,"column":null}},{"start":{"line":38,"column":59},"end":{"line":38,"column":null}}]},"1":{"loc":{"start":{"line":38,"column":42},"end":{"line":38,"column":59}},"type":"binary-expr","locations":[{"start":{"line":38,"column":42},"end":{"line":38,"column":null}},{"start":{"line":38,"column":42},"end":{"line":38,"column":59}}]},"2":{"loc":{"start":{"line":46,"column":31},"end":{"line":46,"column":null}},"type":"cond-expr","locations":[{"start":{"line":46,"column":48},"end":{"line":46,"column":null}},{"start":{"line":46,"column":48},"end":{"line":46,"column":null}}]},"3":{"loc":{"start":{"line":46,"column":31},"end":{"line":46,"column":48}},"type":"binary-expr","locations":[{"start":{"line":46,"column":31},"end":{"line":46,"column":null}},{"start":{"line":46,"column":31},"end":{"line":46,"column":48}}]},"4":{"loc":{"start":{"line":22,"column":49},"end":{"line":22,"column":68}},"type":"cond-expr","locations":[{"start":{"line":22,"column":65},"end":{"line":22,"column":68}},{"start":{"line":22,"column":65},"end":{"line":22,"column":68}}]},"5":{"loc":{"start":{"line":22,"column":49},"end":{"line":22,"column":65}},"type":"binary-expr","locations":[{"start":{"line":22,"column":49},"end":{"line":22,"column":68}},{"start":{"line":22,"column":49},"end":{"line":22,"column":65}}]}},"s":{"0":0,"1":0,"2":0,"3":0,"4":0,"5":0,"6":0,"7":0,"8":0,"9":0,"10":0,"11":0,"12":0,"13":0,"14":0,"15":0,"16":0,"17":0,"18":0,"19":0,"20":0},"f":{"0":0,"1":0,"2":0,"3":0,"4":0,"5":0},"b":{"0":[0,0],"1":[0,0],"2":[0,0],"3":[0,0],"4":[0,0],"5":[0,0]}}
[...]
e":50,"column":6},"end":{"line":52,"column":7}},"type":"if","locations":[{"start":{"line":50,"column":6},"end":{"line":52,"column":7}},{"start":{},"end":{}}]},"5":{"loc":{"start":{"line":59,"column":15},"end":{"line":59,"column":32}},"type":"binary-expr","locations":[{"start":{"line":59,"column":15},"end":{"line":59,"column":24}},{"start":{"line":59,"column":28},"end":{"line":59,"column":32}}]},"6":{"loc":{"start":{"line":60,"column":15},"end":{"line":60,"column":32}},"type":"binary-expr","locations":[{"start":{"line":60,"column":15},"end":{"line":60,"column":24}},{"start":{"line":60,"column":28},"end":{"line":60,"column":32}}]},"7":{"loc":{"start":{"line":61,"column":17},"end":{"line":61,"column":36}},"type":"binary-expr","locations":[{"start":{"line":61,"column":17},"end":{"line":61,"column":28}},{"start":{"line":61,"column":32},"end":{"line":61,"column":36}}]},"8":{"loc":{"start":{"line":62,"column":17},"end":{"line":62,"column":36}},"type":"binary-expr","locations":[{"start":{"line":62,"column":17},"end":{"line":62,"column":28}},{"start":{"line":62,"column":32},"end":{"line":62,"column":36}}]},"9":{"loc":{"start":{"line":63,"column":16},"end":{"line":63,"column":38}},"type":"binary-expr","locations":[{"start":{"line":63,"column":16},"end":{"line":63,"column":26}},{"start":{"line":63,"column":30},"end":{"line":63,"column":38}}]},"10":{"loc":{"start":{"line":72,"column":4},"end":{"line":74,"column":5}},"type":"if","locations":[{"start":{"line":72,"column":4},"end":{"line":74,"column":5}},{"start":{},"end":{}}]},"11":{"loc":{"start":{"line":76,"column":4},"end":{"line":85,"column":5}},"type":"if","locations":[{"start":{"line":76,"column":4},"end":{"line":85,"column":5}},{"start":{},"end":{}}]},"12":{"loc":{"start":{"line":76,"column":8},"end":{"line":76,"column":46}},"type":"binary-expr","locations":[{"start":{"line":76,"column":8},"end":{"line":76,"column":16}},{"start":{"line":76,"column":20},"end":{"line":76,"column":46}}]},"13":{"loc":{"start":{"line":80,"column":6},"end":{"line":84,"column":7}},"type":"if","locations":[{"start":{"line":80,"column":6},"end":{"line":84,"column":7}},{"start":{},"end":{}}]},"14":{"loc":{"start":{"line":105,"column":4},"end":{"line":107,"column":5}},"type":"if","locations":[{"start":{"line":105,"column":4},"end":{"line":107,"column":5}},{"start":{},"end":{}}]},"15":{"loc":{"start":{"line":121,"column":4},"end":{"line":123,"column":5}},"type":"if","locations":[{"start":{"line":121,"column":4},"end":{"line":123,"column":5}},{"start":{},"end":{}}]},"16":{"loc":{"start":{"line":129,"column":4},"end":{"line":133,"column":5}},"type":"if","locations":[{"start":{"line":129,"column":4},"end":{"line":133,"column":5}},{"start":{},"end":{}}]},"17":{"loc":{"start":{"line":139,"column":4},"end":{"line":143,"column":5}},"type":"if","locations":[{"start":{"line":139,"column":4},"end":{"line":143,"column":5}},{"start":{},"end":{}}]},"18":{"loc":{"start":{"line":13,"column":30},"end":{"line":13,"column":46}},"type":"cond-expr","locations":[{"start":{"line":13,"column":43},"end":{"line":13,"column":46}},{"start":{"line":13,"column":43},"end":{"line":13,"column":46}}]},"19":{"loc":{"start":{"line":13,"column":30},"end":{"line":13,"column":43}},"type":"binary-expr","locations":[{"start":{"line":13,"column":30},"end":{"line":13,"column":46}},{"start":{"line":13,"column":30},"end":{"line":13,"column":43}}]}},"s":{"0":1,"1":1,"2":1,"3":11,"4":2,"5":2,"6":1,"7":2,"8":0,"9":0,"10":0,"11":0,"12":3,"13":3,"14":1,"15":2,"16":2,"17":1,"18":2,"19":3,"20":3,"21":1,"22":2,"23":1,"24":1,"25":1,"26":1,"27":2,"28":2,"29":1,"30":1,"31":0,"32":0,"33":0,"34":0,"35":0,"36":0,"37":0,"38":0,"39":0,"40":0,"41":1,"42":1},"f":{"0":11,"1":2,"2":0,"3":3,"4":3,"5":2,"6":0},"b":{"0":[1,1],"1":[2,1,0],"2":[0,0],"3":[1,2],"4":[1,1],"5":[2,1],"6":[2,1],"7":[2,1],"8":[2,1],"9":[2,1],"10":[1,2],"11":[1,1],"12":[2,1],"13":[1,0],"14":[1,1],"15":[0,0],"16":[0,0],"17":[0,0],"18":[1,0],"19":[1,1]}}
,"/Users/twot/Documents/HKII_NAM_3/16_Cong_Nghe_Pham_Mem/PharmaAssist/backend/src/suppliers/dto/create-supplier.dto.ts": {"path":"/Users/twot/Documents/HKII_NAM_3/16_Cong_Nghe_Pham_Mem/PharmaAssist/backend/src/suppliers/dto/create-supplier.dto.ts","statementMap":{"0":{"start":{"line":1,"column":0},"end":{"line":1,"column":78}},"1":{"start":{"line":3,"column":0},"end":{"line":3,"column":13}},"2":{"start":{"line":7,"column":2},"end":{"line":7,"column":null}},"3":{"start":{"line":12,"column":2},"end":{"line":12,"column":null}},"4":{"start":{"line":17,"column":2},"end":{"line":17,"column":null}},"5":{"start":{"line":22,"column":2},"end":{"line":22,"column":null}},"6":{"start":{"line":26,"column":2},"end":{"line":26,"column":null}},"7":{"start":{"line":31,"column":2},"end":{"line":31,"column":null}},"8":{"start":{"line":35,"column":2},"end":{"line":35,"column":null}}},"fnMap":{},"branchMap":{},"s":{"0":0,"1":0,"2":0,"3":0,"4":0,"5":0,"6":0,"7":0,"8":0},"f":{},"b":{}}
,"/Users/twot/Documents/HKII_NAM_3/16_Cong_Nghe_Pham_Mem/PharmaAssist/backend/src/suppliers/dto/update-supplier.dto.ts": {"path":"/Users/twot/Documents/HKII_NAM_3/16_Cong_Nghe_Pham_Mem/PharmaAssist/backend/src/suppliers/dto/update-supplier.dto.ts","statementMap":{"0":{"start":{"line":1,"column":0},"end":{"line":1,"column":66}},"1":{"start":{"line":3,"column":0},"end":{"line":3,"column":13}},"2":{"start":{"line":7,"column":2},"end":{"line":7,"column":null}},"3":{"start":{"line":12,"column":2},"end":{"line":12,"column":null}},"4":{"start":{"line":17,"column":2},"end":{"line":17,"column":null}},"5":{"start":{"line":22,"column":2},"end":{"line":22,"column":null}},"6":{"start":{"line":26,"column":2},"end":{"line":26,"column":null}},"7":{"start":{"line":31,"column":2},"end":{"line":31,"column":null}},"8":{"start":{"line":35,"column":2},"end":{"line":35,"column":null}}},"fnMap":{},"branchMap":{},"s":{"0":0,"1":0,"2":0,"3":0,"4":0,"5":0,"6":0,"7":0,"8":0},"f":{},"b":{}}
,"/Users/twot/Documents/HKII_NAM_3/16_Cong_Nghe_Pham_Mem/PharmaAssist/backend/src/users/users.controller.ts": {"path":"/Users/twot/Documents/HKII_NAM_3/16_Cong_Nghe_Pham_Mem/PharmaAssist/backend/src/users/users.controller.ts","statementMap":{"0":{"start":{"line":1,"column":0},"end":{"line":1,"column":null}},"1":{"start":{"line":11,"column":0},"end":{"line":11,"column":47}},"2":{"start":{"line":12,"column":0},"end":{"line":12,"column":56}},"3":{"start":{"line":13,"column":0},"end":{"line":13,"column":66}},"4":{"start":{"line":14,"column":0},"end":{"line":14,"column":54}},"5":{"start":{"line":15,"column":0},"end":{"line":15,"column":61}},"6":{"start":{"line":16,"column":0},"end":{"line":16,"column":67}},"7":{"start":{"line":19,"column":7},"end":{"line":59,"column":null}},"8":{"start":{"line":20,"column":31},"end":{"line":20,"column":45}},"9":{"start":{"line":26,"column":4},"end":{"line":26,"column":41}},"10":{"start":{"line":34,"column":20},"end":{"line":34,"column":78}},"11":{"start":{"line":35,"column":4},"end":{"line":38,"column":6}},"12":{"start":{"line":49,"column":24},"end":{"line":52,"column":null}},"13":{"start":{"line":54,"column":4},"end":{"line":57,"column":6}},"14":{"start":{"line":19,"column":13},"end":{"line":19,"column":28}},"15":{"start":{"line":25,"column":8},"end":{"line":27,"column":null}},"16":{"start":{"line":33,"column":8},"end":{"line":39,"column":null}},"17":{"start":{"line":44,"column":8},"end":{"line":58,"column":null}},"18":{"start":{"line":19,"column":13},"end":{"line":59,"column":null}}},"fnMap":{"0":{"name":"(anonymous_4)","decl":{"start":{"line":20,"column":2},"end":{"line":20,"column":31}},"loc":{"start":{"line":20,"column":57},"end":{"line":20,"column":61}}},"1":{"name":"(anonymous_5)","decl":{"start":{"line":25,"column":8},"end":{"line":25,"column":17}},"loc":{"start":{"line":25,"column":17},"end":{"line":27,"column":3}}},"2":{"name":"(anonymous_6)","decl":{"start":{"line":33,"column":2},"end":{"line":33,"column":7}},"loc":{"start":{"line":33,"column":65},"end":{"line":39,"column":3}}},"3":{"name":"(anonymous_7)","decl":{"start":{"line":44,"column":8},"end":{"line":44,"column":29}},"loc":{"start":{"line":47,"column":44},"end":{"line":58,"column":3}}}},"branchMap":{"0":{"loc":{"start":{"line":33,"column":51},"end":{"line":33,"column":null}},"type":"cond-expr","locations":[{"start":{"line":33,"column":65},"end":{"line":33,"column":null}},{"start":{"line":33,"column":65},"end":{"line":33,"column":null}}]},"1":{"loc":{"start":{"line":33,"column":51},"end":{"line":33,"column":65}},"type":"binary-expr","locations":[{"start":{"line":33,"column":51},"end":{"line":33,"column":null}},{"start":{"line":33,"column":51},"end":{"line":33,"column":65}}]},"2":{"loc":{"start":{"line":46,"column":38},"end":{"line":46,"column":null}},"type":"cond-expr","locations":[{"start":{"line":46,"column":62},"end":{"line":46,"column":null}},{"start":{"line":46,"column":62},"end":{"line":46,"column":null}}]},"3":{"loc":{"start":{"line":46,"column":38},"end":{"line":46,"column":62}},"type":"binary-expr","locations":[{"start":{"line":46,"column":38},"end":{"line":46,"column":null}},{"start":{"line":46,"column":38},"end":{"line":46,"column":62}}]},"4":{"loc":{"start":{"line":20,"column":45},"end":{"line":20,"column":60}},"type":"cond-expr","locations":[{"start":{"line":20,"column":57},"end":{"line":20,"column":60}},{"start":{"line":20,"column":57},"end":{"line":20,"column":60}}]},"5":{"loc":{"start":{"line":20,"column":45},"end":{"line":20,"column":57}},"type":"binary-expr","locations":[{"start":{"line":20,"column":45},"end":{"line":20,"column":60}},{"start":{"line":20,"column":45},"end":{"line":20,"column":57}}]}},"s":{"0":0,"1":0,"2":0,"3":0,"4":0,"5":0,"6":0,"7":0,"8":0,"9":0,"10":0,"11":0,"12":0,"13":0,"14":0,"15":0,"16":0,"17":0,"18":0},"f":{"0":0,"1":0,"2":0,"3":0},"b":{"0":[0,0],"1":[0,0],"2":[0,0],"3":[0,0],"4":[0,0],"5":[0,0]}}
,"/Users/twot/Documents/HKII_NAM_3/16_Cong_Nghe_Pham_Mem/PharmaAssist/backend/src/users/users.module.ts": {"path":"/Users/twot/Documents/HKII_NAM_3/16_Cong_Nghe_Pham_Mem/PharmaAssist/backend/src/users/users.module.ts","statementMap":{"0":{"start":{"line":1,"column":0},"end":{"line":1,"column":40}},"1":{"start":{"line":2,"column":0},"end":{"line":2,"column":47}},"2":{"start":{"line":3,"column":0},"end":{"line":3,"column":53}},"3":{"start":{"line":9,"column":7},"end":{"line":9,"column":null}},"4":{"start":{"line":9,"column":13},"end":{"line":9,"column":24}},"5":{"start":{"line":9,"column":13},"end":{"line":9,"column":null}}},"fnMap":{},"branchMap":{},"s":{"0":0,"1":0,"2":0,"3":0,"4":0,"5":0},"f":{},"b":{}}
,"/Users/twot/Documents/HKII_NAM_3/16_Cong_Nghe_Pham_Mem/PharmaAssist/backend/src/users/users.service.ts": {"path":"/Users/twot/Documents/HKII_NAM_3/16_Cong_Nghe_Pham_Mem/PharmaAssist/backend/src/users/users.service.ts","statementMap":{"0":{"start":{"line":1,"column":0},"end":{"line":1,"column":null}},"1":{"start":{"line":6,"column":0},"end":{"line":6,"column":57}},"2":{"start":{"line":7,"column":0},"end":{"line":7,"column":69}},"3":{"start":{"line":11,"column":7},"end":{"line":206,"column":null}},"4":{"start":{"line":14,"column":22},"end":{"line":14,"column":30}},"5":{"start":{"line":15,"column":24},"end":{"line":15,"column":48}},"6":{"start":{"line":16,"column":35},"end":{"line":16,"column":72}},"7":{"start":{"line":18,"column":4},"end":{"line":22,"column":5}},"8":{"start":{"line":19,"column":6},"end":{"line":21,"column":8}},"9":{"start":{"line":24,"column":4},"end":{"line":29,"column":14}},"10":{"start":{"line":33,"column":67},"end":{"line":33,"column":70}},"11":{"start":{"line":36,"column":25},"end":{"line":40,"column":6}},"12":{"start":{"line":42,"column":4},"end":{"line":46,"column":5}},"13":{"start":{"line":43,"column":6},"end":{"line":45,"column":8}},"14":{"start":{"line":49,"column":17},"end":{"line":49,"column":77}},"15":{"start":{"line":50,"column":4},"end":{"line":52,"column":5}},"16":{"start":{"line":51,"column":6},"end":{"line":51,"column":68}},"17":{"start":{"line":56,"column":6},"end":{"line":60,"column":8}},"18":{"start":{"line":63,"column":4},"end":{"line":73,"column":5}},"19":{"start":{"line":64,"column":6},"end":{"line":69,"column":7}},"20":{"start":{"line":68,"column":8},"end":{"line":68,"column":77}},"21":{"start":{"line":70,"column":6},"end":{"line":72,"column":8}},"22":{"start":{"line":75,"column":23},"end":{"line":75,"column":39}},"23":{"start":{"line":78,"column":4},"end":{"line":116,"column":5}},"24":{"start":{"line":79,"column":22},"end":{"line":107,"column":8}},"25":{"start":{"line":109,"column":6},"end":{"line":109,"column":21}},"26":{"start":{"line":112,"column":6},"end":{"line":112,"column":65}},"27":{"start":{"line":113,"column":6},"end":{"line":115,"column":8}},"28":{"start":{"line":120,"column":4},"end":{"line":131,"column":7}},"29":{"start":{"line":139,"column":31},"end":{"line":139,"column":34}},"30":{"start":{"line":140,"column":17},"end":{"line":140,"column":69}},"31":{"start":{"line":142,"column":4},"end":{"line":144,"column":5}},"32":{"start":{"line":143,"column":6},"end":{"line":143,"column":63}},"33":{"start":{"line":146,"column":4},"end":{"line":150,"column":5}},"34":{"start":{"line":147,"column":6},"end":{"line":149,"column":8}},"35":{"start":{"line":153,"column":4},"end":{"line":173,"column":5}},"36":{"start":{"line":155,"column":6},"end":{"line":158,"column":9}},"37":{"start":{"line":161,"column":6},"end":{"line":170,"column":9}},"38":{"start":{"line":176,"column":4},"end":{"line":193,"column":5}},"39":{"start":{"line":177,"column":19},"end":{"line":177,"column":79}},"40":{"start":{"line":178,"column":6},"end":{"line":180,"column":7}},"41":{"start":{"line":179,"column":8},"end":{"line":179,"column":63}},"42":{"start":{"line":183,"column":6},"end":{"line":185,"column":9}},"43":{"start":{"line":187,"column":6},"end":{"line":192,"column":9}},"44":{"start":{"line":195,"column":4},"end":{"line":204,"column":7}},"45":{"start":{"line":11,"column":13},"end":{"line":11,"column":25}},"46":{"start":{"line":11,"column":13},"end":{"line":206,"column":null}}},"fnMap":{"0":{"name":"(anonymous_2)","decl":{"start":{"line":14,"column":2},"end":{"line":14,"column":22}},"loc":{"start":{"line":14,"column":43},"end":{"line":30,"column":3}}},"1":{"name":"(anonymous_3)","decl":{"start":{"line":32,"column":2},"end":{"line":32,"column":7}},"loc":{"start":{"line":32,"column":46},"end":{"line":117,"column":3}}},"2":{"name":"(anonymous_4)","decl":{"start":{"line":119,"column":2},"end":{"line":119,"column":7}},"loc":{"start":{"line":119,"column":17},"end":{"line":132,"column":3}}},"3":{"name":"(anonymous_5)","decl":{"start":{"line":134,"column":2},"end":{"line":134,"column":7}},"loc":{"start":{"line":137,"column":66},"end":{"line":205,"column":3}}}},"branchMap":{"0":{"loc":{"start":{"line":18,"column":4},"end":{"line":22,"column":5}},"type":"if","locations":[{"start":{"line":18,"column":4},"end":{"line":22,"column":5}},{"start":{},"end":{}}]},"1":{"loc":{"start":{"line":18,"column":8},"end":{"line":18,"column":47}},"type":"binary-expr","locations":[{"start":{"line":18,"column":8},"end":{"line":18,"column":20}},{"start":{"line":18,"column":24},"end":{"line":18,"column":47}}]},"2":{"loc":{"start":{"line":42,"column":4},"end":{"line":46,"column":5}},"type":"if","locations":[{"start":{"line":42,"column":4},"end":{"line":46,"column":5}},{"start":{},"end":{}}]},"3":{"loc":{"start":{"line":50,"column":4},"end":{"line":52,"column":5}},"type":"if","locations":[{"start":{"line":50,"column":4},"end":{"line":52,"column":5}},{"start":{},"end":{}}]},"4":{"loc":{"start":{"line":63,"column":4},"end":{"line":73,"column":5}},"type":"if","locations":[{"start":{"line":63,"column":4},"end":{"line":73,"column":5}},{"start":{},"end":{}}]},"5":{"loc":{"start":{"line":64,"column":6},"end":{"line":69,"column":7}},"type":"if","locations":[{"start":{"line":64,"column":6},"end":{"line":69,"column":7}},{"start":{},"end":{}}]},"6":{"loc":{"start":{"line":65,"column":8},"end":{"line":66,"column":32}},"type":"binary-expr","locations":[{"start":{"line":65,"column":8},"end":{"line":65,"column":61}},{"start":{"line":66,"column":8},"end":{"line":66,"column":32}}]},"7":{"loc":{"start":{"line":142,"column":4},"end":{"line":144,"column":5}},"type":"if","locations":[{"start":{"line":142,"column":4},"end":{"line":144,"column":5}},{"start":{},"end":{}}]},"8":{"loc":{"start":{"line":146,"column":4},"end":{"line":150,"column":5}},"type":"if","locations":[{"start":{"line":146,"column":4},"end":{"line":150,"column":5}},{"start":{},"end":{}}]},"9":{"loc":{"start":{"line":146,"column":8},"end":{"line":146,"column":47}},"type":"binary-expr","locations":[{"start":{"line":146,"column":8},"end":{"line":146,"column":22}},{"start":{"line":146,"column":26},"end":{"line":146,"column":47}}]},"10":{"loc":{"start":{"line":153,"column":4},"end":{"line":173,"column":5}},"type":"if","locations":[{"start":{"line":153,"column":4},"end":{"line":173,"column":5}},{"start":{},"end":{}}]},"11":{"loc":{"start":{"line":153,"column":8},"end":{"line":153,"column":40}},"type":"binary-expr","locations":[{"start":{"line":153,"column":8},"end":{"line":153,"column":14}},{"start":{"line":153,"column":18},"end":{"line":153,"column":40}}]},"12":{"loc":{"start":{"line":176,"column":4},"end":{"line":193,"column":5}},"type":"if","locations":[{"start":{"line":176,"column":4},"end":{"line":193,"column":5}},{"start":{},"end":{}}]},"13":{"loc":{"start":{"line":178,"column":6},"end":{"line":180,"column":7}},"type":"if","locations":[{"start":{"line":178,"column":6},"end":{"line":180,"column":7}},{"start":{},"end":{}}]},"14":{"loc":{"start":{"line":14,"column":30},"end":{"line":14,"column":null}},"type":"cond-expr","locations":[{"start":{"line":14,"column":43},"end":{"line":14,"column":null}},{"start":{"line":14,"column":43},"end":{"line":14,"column":null}}]},"15":{"loc":{"start":{"line":14,"column":30},"end":{"line":14,"column":43}},"type":"binary-expr","locations":[{"start":{"line":14,"column":30},"end":{"line":14,"column":null}},{"start":{"line":14,"column":30},"end":{"line":14,"column":43}}]}},"s":{"0":0,"1":0,"2":0,"3":0,"4":0,"5":0,"6":0,"7":0,"8":0,"9":0,"10":0,"11":0,"12":0,"13":0,"14":0,"15":0,"16":0,"17":0,"18":0,"19":0,"20":0,"21":0,"22":0,"23":0,"24":0,"25":0,"26":0,"27":0,"28":0,"29":0,"30":0,"31":0,"32":0,"33":0,"34":0,"35":0,"36":0,"37":0,"38":0,"39":0,"40":0,"41":0,"42":0,"43":0,"44":0,"45":0,"46":0},"f":{"0":0,"1":0,"2":0,"3":0},"b":{"0":[0,0],"1":[0,0],"2":[0,0],"3":[0,0],"4":[0,0],"5":[0,0],"6":[0,0],"7":[0,0],"8":[0,0],"9":[0,0],"10":[0,0],"11":[0,0],"12":[0,0],"13":[0,0],"14":[0,0],"15":[0,0]}}
,"/Users/twot/Documents/HKII_NAM_3/16_Cong_Nghe_Pham_Mem/PharmaAssist/backend/src/users/dto/create-staff.dto.ts": {"path":"/Users/twot/Documents/HKII_NAM_3/16_Cong_Nghe_Pham_Mem/PharmaAssist/backend/src/users/dto/create-staff.dto.ts","statementMap":{"0":{"start":{"line":1,"column":0},"end":{"line":1,"column":null}},"1":{"start":{"line":10,"column":0},"end":{"line":10,"column":13}},"2":{"start":{"line":13,"column":2},"end":{"line":13,"column":null}},"3":{"start":{"line":17,"column":2},"end":{"line":17,"column":null}},"4":{"start":{"line":21,"column":2},"end":{"line":21,"column":null}},"5":{"start":{"line":25,"column":2},"end":{"line":25,"column":null}},"6":{"start":{"line":29,"column":2},"end":{"line":29,"column":null}},"7":{"start":{"line":33,"column":2},"end":{"line":33,"column":null}}},"fnMap":{},"branchMap":{},"s":{"0":0,"1":0,"2":0,"3":0,"4":0,"5":0,"6":0,"7":0},"f":{},"b":{}}
,"/Users/twot/Documents/HKII_NAM_3/16_Cong_Nghe_Pham_Mem/PharmaAssist/backend/src/users/dto/update-staff.dto.ts": {"path":"/Users/twot/Documents/HKII_NAM_3/16_Cong_Nghe_Pham_Mem/PharmaAssist/backend/src/users/dto/update-staff.dto.ts","statementMap":{"0":{"start":{"line":1,"column":0},"end":{"line":1,"column":68}},"1":{"start":{"line":3,"column":0},"end":{"line":3,"column":13}},"2":{"start":{"line":6,"column":2},"end":{"line":6,"column":null}},"3":{"start":{"line":11,"column":2},"end":{"line":11,"column":null}}},"fnMap":{},"branchMap":{},"s":{"0":0,"1":0,"2":0,"3":0},"f":{},"b":{}}
}
