TN:
SF:src/app.controller.ts
FN:6,(anonymous_2)
FN:9,(anonymous_3)
FNF:2
FNH:2
FNDA:1,(anonymous_2)
FNDA:1,(anonymous_3)
DA:1,1
DA:2,1
DA:5,1
DA:6,1
DA:9,1
DA:10,1
LF:6
LH:6
BRDA:6,0,0,1
BRDA:6,0,1,0
BRDA:6,1,0,1
BRDA:6,1,1,1
BRF:4
BRH:3
end_of_record
TN:
SF:src/app.module.ts
FNF:0
FNH:0
DA:1,0
DA:2,0
DA:3,0
DA:4,0
DA:5,0
DA:6,0
DA:7,0
DA:8,0
DA:9,0
DA:10,0
DA:11,0
DA:12,0
DA:13,0
DA:14,0
DA:15,0
DA:16,0
DA:17,0
DA:39,0
LF:18
LH:0
BRF:0
BRH:0
end_of_record
TN:
SF:src/app.service.ts
FN:5,(anonymous_1)
FNF:1
FNH:1
FNDA:1,(anonymous_1)
DA:1,1
DA:4,1
DA:6,1
LF:3
LH:3
BRF:0
BRH:0
end_of_record
TN:
SF:src/main.ts
FN:8,bootstrap
FN:49,(anonymous_1)
FNF:2
FNH:0
FNDA:0,bootstrap
FNDA:0,(anonymous_1)
DA:1,0
DA:2,0
DA:3,0
DA:4,0
DA:6,0
DA:9,0
DA:12,0
DA:15,0
DA:18,0
DA:21,0
DA:39,0
DA:40,0
DA:42,0
DA:43,0
DA:44,0
DA:45,0
DA:49,0
DA:50,0
LF:18
LH:0
BRDA:42,0,0,0
BRDA:42,0,1,0
BRF:2
BRH:0
end_of_record
TN:
SF:src/active-ingredients/active-ingredients.controller.ts
FN:24,(anonymous_4)
FN:30,(anonymous_5)
FN:36,(anonymous_6)
FN:45,(anonymous_7)
FN:51,(anonymous_8)
FNF:5
FNH:0
FNDA:0,(anonymous_4)
FNDA:0,(anonymous_5)
FNDA:0,(anonymous_6)
FNDA:0,(anonymous_7)
FNDA:0,(anonymous_8)
DA:1,0
DA:12,0
DA:13,0
DA:17,0
DA:18,0
DA:19,0
DA:23,0
DA:25,0
DA:30,0
DA:31,0
DA:36,0
DA:40,0
DA:45,0
DA:46,0
DA:51,0
DA:57,0
DA:58,0
DA:59,0
LF:18
LH:0
BRDA:57,0,0,0
BRDA:57,0,1,0
BRDA:58,1,0,0
BRDA:58,1,1,0
BRDA:30,2,0,0
BRDA:30,2,1,0
BRDA:30,3,0,0
BRDA:30,3,1,0
BRDA:38,4,0,0
BRDA:38,4,1,0
BRDA:38,5,0,0
BRDA:38,5,1,0
BRDA:25,6,0,0
BRDA:25,6,1,0
BRDA:25,7,0,0
BRDA:25,7,1,0
BRF:16
BRH:0
end_of_record
TN:
SF:src/active-ingredients/active-ingredients.module.ts
FNF:0
FNH:0
DA:1,0
DA:2,0
DA:3,0
DA:4,0
DA:12,0
LF:5
LH:0
BRF:0
BRH:0
end_of_record
TN:
SF:src/active-ingredients/active-ingredients.service.ts
FN:15,(anonymous_2)
FN:17,(anonymous_3)
FN:23,(anonymous_4)
FN:27,(anonymous_5)
FN:33,(anonymous_6)
FN:37,(anonymous_7)
FN:45,(anonymous_8)
FN:71,(anonymous_9)
FN:101,(anonymous_10)
FN:148,(anonymous_11)
FN:173,(anonymous_12)
FN:183,(anonymous_13)
FNF:12
FNH:12
FNDA:11,(anonymous_2)
FNDA:6,(anonymous_3)
FNDA:8,(anonymous_4)
FNDA:5,(anonymous_5)
FNDA:2,(anonymous_6)
FNDA:3,(anonymous_7)
FNDA:4,(anonymous_8)
FNDA:2,(anonymous_9)
FNDA:3,(anonymous_10)
FNDA:1,(anonymous_11)
FNDA:2,(anonymous_12)
FNDA:1,(anonymous_13)
DA:1,1
DA:6,1
DA:14,1
DA:15,11
DA:18,6
DA:20,6
DA:21,6
DA:23,8
DA:28,5
DA:30,5
DA:34,2
DA:35,2
DA:36,2
DA:37,3
DA:41,2
DA:42,2
DA:46,4
DA:47,4
DA:48,1
DA:51,3
DA:54,3
DA:57,3
DA:58,1
DA:61,2
DA:64,2
DA:67,2
DA:68,0
DA:71,2
DA:72,2
DA:83,2
DA:97,2
DA:102,3
DA:105,3
DA:106,1
DA:109,2
DA:111,2
DA:112,2
DA:113,2
DA:114,0
DA:117,2
DA:119,2
DA:125,2
DA:126,1
DA:129,1
DA:130,1
DA:133,1
DA:134,0
DA:137,1
DA:138,1
DA:139,0
DA:141,1
DA:144,1
DA:145,0
DA:148,1
DA:149,1
DA:155,1
DA:169,1
DA:174,2
DA:177,2
DA:178,1
DA:180,1
DA:189,1
DA:190,1
DA:191,1
DA:192,1
DA:194,1
DA:196,1
DA:197,1
DA:200,1
DA:201,1
DA:202,1
DA:212,1
DA:214,1
DA:217,1
DA:226,1
LF:75
LH:70
BRDA:18,0,0,0
BRDA:18,0,1,6
BRDA:28,1,0,0
BRDA:28,1,1,5
BRDA:47,2,0,1
BRDA:47,2,1,3
BRDA:57,3,0,1
BRDA:57,3,1,2
BRDA:61,4,0,0
BRDA:61,4,1,2
BRDA:67,5,0,0
BRDA:67,5,1,2
BRDA:105,6,0,1
BRDA:105,6,1,2
BRDA:111,7,0,2
BRDA:111,7,1,0
BRDA:113,8,0,0
BRDA:113,8,1,2
BRDA:125,9,0,1
BRDA:125,9,1,1
BRDA:133,10,0,0
BRDA:133,10,1,1
BRDA:134,11,0,0
BRDA:134,11,1,0
BRDA:137,12,0,1
BRDA:137,12,1,0
BRDA:138,13,0,0
BRDA:138,13,1,1
BRDA:138,14,0,1
BRDA:138,14,1,1
BRDA:144,15,0,0
BRDA:144,15,1,1
BRDA:177,16,0,1
BRDA:177,16,1,1
BRDA:189,17,0,1
BRDA:189,17,1,0
BRDA:190,18,0,1
BRDA:190,18,1,0
BRDA:196,19,0,1
BRDA:196,19,1,0
BRDA:196,20,0,1
BRDA:196,20,1,1
BRDA:200,21,0,1
BRDA:200,21,1,0
BRDA:200,22,0,1
BRDA:200,22,1,1
BRDA:212,23,0,1
BRDA:212,23,1,0
BRDA:15,24,0,1
BRDA:15,24,1,0
BRDA:15,25,0,1
BRDA:15,25,1,1
BRF:52
BRH:34
end_of_record
TN:
SF:src/active-ingredients/dto/active-ingredients.dto.ts
FNF:0
FNH:0
DA:1,0
DA:9,0
DA:13,0
DA:18,0
DA:22,0
DA:25,0
DA:29,0
DA:33,0
DA:38,0
LF:9
LH:0
BRF:0
BRH:0
end_of_record
TN:
SF:src/auth/auth.controller.ts
FN:23,(anonymous_4)
FN:29,(anonymous_5)
FN:39,(anonymous_6)
FN:49,(anonymous_7)
FNF:4
FNH:4
FNDA:4,(anonymous_4)
FNDA:1,(anonymous_5)
FNDA:1,(anonymous_6)
FNDA:1,(anonymous_7)
DA:1,1
DA:10,1
DA:16,1
DA:17,1
DA:18,1
DA:22,1
DA:23,4
DA:29,1
DA:30,1
DA:39,1
DA:41,1
DA:49,1
DA:50,1
LF:13
LH:13
BRDA:29,0,0,1
BRDA:29,0,1,0
BRDA:29,1,0,1
BRDA:29,1,1,1
BRDA:23,2,0,1
BRDA:23,2,1,0
BRDA:23,3,0,1
BRDA:23,3,1,1
BRF:8
BRH:6
end_of_record
TN:
SF:src/auth/auth.module.ts
FNF:0
FNH:0
DA:1,0
DA:2,0
DA:3,0
DA:4,0
DA:5,0
DA:13,0
LF:6
LH:0
BRF:0
BRH:0
end_of_record
TN:
SF:src/auth/auth.service.ts
FN:13,(anonymous_2)
FN:31,(anonymous_3)
FN:78,(anonymous_4)
FN:81,(anonymous_5)
FN:82,(anonymous_6)
FN:102,(anonymous_7)
FNF:6
FNH:3
FNDA:5,(anonymous_2)
FNDA:4,(anonymous_3)
FNDA:0,(anonymous_4)
FNDA:0,(anonymous_5)
FNDA:0,(anonymous_6)
FNDA:1,(anonymous_7)
DA:1,2
DA:6,2
DA:7,2
DA:10,2
DA:13,5
DA:14,5
DA:15,5
DA:17,5
DA:18,0
DA:23,5
DA:32,4
DA:37,4
DA:38,1
DA:41,3
DA:43,3
DA:44,0
DA:48,3
DA:68,3
DA:69,1
DA:74,2
DA:75,1
DA:78,1
DA:79,1
DA:82,0
DA:87,1
DA:103,1
DA:113,1
LF:27
LH:24
BRDA:17,0,0,0
BRDA:17,0,1,5
BRDA:17,1,0,5
BRDA:17,1,1,5
BRDA:37,2,0,1
BRDA:37,2,1,3
BRDA:43,3,0,0
BRDA:43,3,1,3
BRDA:43,4,0,3
BRDA:43,4,1,3
BRDA:68,5,0,1
BRDA:68,5,1,2
BRDA:74,6,0,1
BRDA:74,6,1,1
BRDA:97,7,0,1
BRDA:97,7,1,0
BRDA:13,8,0,2
BRDA:13,8,1,0
BRDA:13,9,0,2
BRDA:13,9,1,2
BRF:20
BRH:16
end_of_record
TN:
SF:src/auth/jwt-auth.guard.ts
FN:10,(anonymous_1)
FNF:1
FNH:0
FNDA:0,(anonymous_1)
DA:1,5
DA:2,5
DA:9,5
DA:11,0
DA:12,0
DA:14,0
LF:6
LH:3
BRDA:11,0,0,0
BRDA:11,0,1,0
BRDA:11,1,0,0
BRDA:11,1,1,0
BRDA:12,2,0,0
BRDA:12,2,1,0
BRF:6
BRH:0
end_of_record
TN:
SF:src/auth/jwt.strategy.ts
FN:13,(anonymous_2)
FN:32,(anonymous_3)
FN:67,(anonymous_4)
FN:70,(anonymous_5)
FN:71,(anonymous_6)
FNF:5
FNH:5
FNDA:5,(anonymous_2)
FNDA:6,(anonymous_3)
FNDA:1,(anonymous_4)
FNDA:1,(anonymous_5)
FNDA:1,(anonymous_6)
DA:1,1
DA:6,1
DA:7,1
DA:8,1
DA:9,1
DA:12,1
DA:13,5
DA:14,5
DA:15,5
DA:16,0
DA:19,5
DA:33,6
DA:34,2
DA:37,4
DA:57,4
DA:58,1
DA:63,3
DA:64,1
DA:67,2
DA:68,2
DA:71,1
DA:76,2
LF:22
LH:21
BRDA:15,0,0,0
BRDA:15,0,1,5
BRDA:33,1,0,2
BRDA:33,1,1,4
BRDA:33,2,0,6
BRDA:33,2,1,5
BRDA:57,3,0,1
BRDA:57,3,1,3
BRDA:63,4,0,1
BRDA:63,4,1,2
BRDA:82,5,0,2
BRDA:82,5,1,1
BRDA:13,6,0,1
BRDA:13,6,1,0
BRDA:13,7,0,1
BRDA:13,7,1,1
BRF:16
BRH:14
end_of_record
TN:
SF:src/auth/permissions.decorator.ts
FN:4,(anonymous_0)
FNF:1
FNH:1
FNDA:9,(anonymous_0)
DA:1,1
DA:3,1
DA:4,1
DA:5,9
LF:4
LH:4
BRF:0
BRH:0
end_of_record
TN:
SF:src/auth/permissions.guard.ts
FN:12,(anonymous_2)
FN:14,(anonymous_3)
FN:37,(anonymous_4)
FNF:3
FNH:1
FNDA:3,(anonymous_2)
FNDA:0,(anonymous_3)
FNDA:0,(anonymous_4)
DA:1,1
DA:7,1
DA:8,1
DA:11,1
DA:12,3
DA:15,0
DA:20,0
DA:21,0
DA:24,0
DA:26,0
DA:27,0
DA:37,0
DA:38,0
DA:41,0
DA:42,0
DA:51,0
LF:16
LH:5
BRDA:20,0,0,0
BRDA:20,0,1,0
BRDA:20,1,0,0
BRDA:20,1,1,0
BRDA:26,2,0,0
BRDA:26,2,1,0
BRDA:26,3,0,0
BRDA:26,3,1,0
BRDA:41,4,0,0
BRDA:41,4,1,0
BRDA:12,5,0,1
BRDA:12,5,1,0
BRDA:12,6,0,1
BRDA:12,6,1,1
BRF:14
BRH:3
end_of_record
TN:
SF:src/auth/roles.decorator.ts
FN:9,(anonymous_0)
FNF:1
FNH:1
FNDA:15,(anonymous_0)
DA:1,3
DA:3,3
DA:9,15
LF:3
LH:3
BRF:0
BRH:0
end_of_record
TN:
SF:src/auth/roles.guard.ts
FN:16,(anonymous_2)
FN:18,(anonymous_3)
FN:39,(anonymous_4)
FNF:3
FNH:1
FNDA:8,(anonymous_2)
FNDA:0,(anonymous_3)
FNDA:0,(anonymous_4)
DA:1,3
DA:7,3
DA:8,3
DA:15,3
DA:16,8
DA:19,0
DA:25,0
DA:26,0
DA:29,0
DA:30,0
DA:32,0
DA:33,0
DA:39,0
DA:40,0
DA:42,0
DA:43,0
DA:48,0
LF:17
LH:5
BRDA:25,0,0,0
BRDA:25,0,1,0
BRDA:25,1,0,0
BRDA:25,1,1,0
BRDA:32,2,0,0
BRDA:32,2,1,0
BRDA:32,3,0,0
BRDA:32,3,1,0
BRDA:42,4,0,0
BRDA:42,4,1,0
BRDA:16,5,0,3
BRDA:16,5,1,0
BRDA:16,6,0,3
BRDA:16,6,1,3
BRF:14
BRH:3
end_of_record
TN:
SF:src/auth/dto/login.dto.ts
FNF:0
FNH:0
DA:1,1
DA:2,1
DA:4,1
DA:8,1
DA:14,1
LF:5
LH:5
BRF:0
BRH:0
end_of_record
TN:
SF:src/categories/categories.controller.ts
FN:22,(anonymous_4)
FN:26,(anonymous_5)
FN:32,(anonymous_6)
FN:38,(anonymous_7)
FN:44,(anonymous_8)
FN:53,(anonymous_9)
FNF:6
FNH:0
FNDA:0,(anonymous_4)
FNDA:0,(anonymous_5)
FNDA:0,(anonymous_6)
FNDA:0,(anonymous_7)
FNDA:0,(anonymous_8)
FNDA:0,(anonymous_9)
DA:1,0
DA:12,0
DA:13,0
DA:14,0
DA:15,0
DA:16,0
DA:17,0
DA:21,0
DA:22,0
DA:26,0
DA:27,0
DA:32,0
DA:33,0
DA:38,0
DA:39,0
DA:44,0
DA:48,0
DA:53,0
DA:54,0
LF:19
LH:0
BRDA:38,0,0,0
BRDA:38,0,1,0
BRDA:38,1,0,0
BRDA:38,1,1,0
BRDA:46,2,0,0
BRDA:46,2,1,0
BRDA:46,3,0,0
BRDA:46,3,1,0
BRDA:22,4,0,0
BRDA:22,4,1,0
BRDA:22,5,0,0
BRDA:22,5,1,0
BRF:12
BRH:0
end_of_record
TN:
SF:src/categories/categories.module.ts
FNF:0
FNH:0
DA:1,0
DA:2,0
DA:3,0
DA:4,0
DA:12,0
LF:5
LH:0
BRF:0
BRH:0
end_of_record
TN:
SF:src/categories/categories.service.ts
FN:12,(anonymous_2)
FN:14,(anonymous_3)
FN:30,(anonymous_4)
FN:53,(anonymous_5)
FN:74,(anonymous_6)
FN:97,(anonymous_7)
FN:117,(anonymous_8)
FN:145,(anonymous_9)
FN:155,(anonymous_10)
FN:178,(anonymous_11)
FN:206,(anonymous_12)
FN:227,(anonymous_13)
FN:240,(anonymous_14)
FN:251,(anonymous_15)
FNF:14
FNH:0
FNDA:0,(anonymous_2)
FNDA:0,(anonymous_3)
FNDA:0,(anonymous_4)
FNDA:0,(anonymous_5)
FNDA:0,(anonymous_6)
FNDA:0,(anonymous_7)
FNDA:0,(anonymous_8)
FNDA:0,(anonymous_9)
FNDA:0,(anonymous_10)
FNDA:0,(anonymous_11)
FNDA:0,(anonymous_12)
FNDA:0,(anonymous_13)
FNDA:0,(anonymous_14)
FNDA:0,(anonymous_15)
DA:1,0
DA:6,0
DA:11,0
DA:12,0
DA:15,0
DA:32,0
DA:54,0
DA:67,0
DA:68,0
DA:71,0
DA:76,0
DA:79,0
DA:80,0
DA:84,0
DA:85,0
DA:88,0
DA:89,0
DA:95,0
DA:97,0
DA:98,0
DA:111,0
DA:113,0
DA:118,0
DA:121,0
DA:122,0
DA:126,0
DA:127,0
DA:130,0
DA:131,0
DA:136,0
DA:137,0
DA:138,0
DA:142,0
DA:145,0
DA:146,0
DA:147,0
DA:153,0
DA:155,0
DA:156,0
DA:170,0
DA:171,0
DA:174,0
DA:179,0
DA:182,0
DA:183,0
DA:187,0
DA:190,0
DA:191,0
DA:197,0
DA:200,0
DA:201,0
DA:206,0
DA:208,0
DA:214,0
DA:218,0
DA:220,0
DA:229,0
DA:232,0
DA:239,0
DA:240,0
DA:241,0
DA:248,0
DA:251,0
DA:253,0
DA:260,0
DA:261,0
DA:262,0
DA:263,0
DA:270,0
DA:271,0
DA:276,0
DA:277,0
LF:72
LH:0
BRDA:67,0,0,0
BRDA:67,0,1,0
BRDA:79,1,0,0
BRDA:79,1,1,0
BRDA:84,2,0,0
BRDA:84,2,1,0
BRDA:88,3,0,0
BRDA:88,3,1,0
BRDA:103,4,0,0
BRDA:103,4,1,0
BRDA:104,5,0,0
BRDA:104,5,1,0
BRDA:105,6,0,0
BRDA:105,6,1,0
BRDA:106,7,0,0
BRDA:106,7,1,0
BRDA:107,8,0,0
BRDA:107,8,1,0
BRDA:121,9,0,0
BRDA:121,9,1,0
BRDA:126,10,0,0
BRDA:126,10,1,0
BRDA:126,11,0,0
BRDA:126,11,1,0
BRDA:130,12,0,0
BRDA:130,12,1,0
BRDA:136,13,0,0
BRDA:136,13,1,0
BRDA:137,14,0,0
BRDA:137,14,1,0
BRDA:146,15,0,0
BRDA:146,15,1,0
BRDA:153,16,0,0
BRDA:153,16,1,0
BRDA:161,17,0,0
BRDA:161,17,1,0
BRDA:162,18,0,0
BRDA:162,18,1,0
BRDA:170,19,0,0
BRDA:170,19,1,0
BRDA:182,20,0,0
BRDA:182,20,1,0
BRDA:190,21,0,0
BRDA:190,21,1,0
BRDA:200,22,0,0
BRDA:200,22,1,0
BRDA:270,23,0,0
BRDA:270,23,1,0
BRDA:276,24,0,0
BRDA:276,24,1,0
BRDA:12,25,0,0
BRDA:12,25,1,0
BRDA:12,26,0,0
BRDA:12,26,1,0
BRF:54
BRH:0
end_of_record
TN:
SF:src/categories/dto/create-category.dto.ts
FNF:0
FNH:0
DA:1,0
DA:9,0
DA:13,0
DA:18,0
DA:22,0
DA:26,0
DA:30,0
DA:34,0
DA:38,0
LF:9
LH:0
BRF:0
BRH:0
end_of_record
TN:
SF:src/categories/dto/update-category.dto.ts
FNF:0
FNH:0
DA:1,0
DA:3,0
DA:7,0
DA:12,0
DA:16,0
DA:20,0
DA:24,0
DA:28,0
DA:32,0
LF:9
LH:0
BRF:0
BRH:0
end_of_record
TN:
SF:src/customers/customers.controller.ts
FN:22,(anonymous_4)
FN:26,(anonymous_5)
FN:32,(anonymous_6)
FN:38,(anonymous_7)
FN:44,(anonymous_8)
FN:53,(anonymous_9)
FNF:6
FNH:0
FNDA:0,(anonymous_4)
FNDA:0,(anonymous_5)
FNDA:0,(anonymous_6)
FNDA:0,(anonymous_7)
FNDA:0,(anonymous_8)
FNDA:0,(anonymous_9)
DA:1,0
DA:12,0
DA:13,0
DA:14,0
DA:15,0
DA:16,0
DA:17,0
DA:21,0
DA:22,0
DA:26,0
DA:27,0
DA:32,0
DA:33,0
DA:38,0
DA:39,0
DA:44,0
DA:48,0
DA:53,0
DA:54,0
LF:19
LH:0
BRDA:38,0,0,0
BRDA:38,0,1,0
BRDA:38,1,0,0
BRDA:38,1,1,0
BRDA:46,2,0,0
BRDA:46,2,1,0
BRDA:46,3,0,0
BRDA:46,3,1,0
BRDA:22,4,0,0
BRDA:22,4,1,0
BRDA:22,5,0,0
BRDA:22,5,1,0
BRF:12
BRH:0
end_of_record
TN:
SF:src/customers/customers.module.ts
FNF:0
FNH:0
DA:1,0
DA:2,0
DA:3,0
DA:4,0
DA:12,0
LF:5
LH:0
BRF:0
BRH:0
end_of_record
TN:
SF:src/customers/customers.service.ts
FN:12,(anonymous_2)
FN:14,(anonymous_3)
FN:22,(anonymous_4)
FN:34,(anonymous_5)
FN:64,(anonymous_6)
FN:102,(anonymous_7)
FNF:6
FNH:0
FNDA:0,(anonymous_2)
FNDA:0,(anonymous_3)
FNDA:0,(anonymous_4)
FNDA:0,(anonymous_5)
FNDA:0,(anonymous_6)
FNDA:0,(anonymous_7)
DA:1,0
DA:6,0
DA:11,0
DA:12,0
DA:15,0
DA:23,0
DA:27,0
DA:28,0
DA:31,0
DA:35,0
DA:38,0
DA:39,0
DA:41,0
DA:44,0
DA:45,0
DA:49,0
DA:51,0
DA:65,0
DA:68,0
DA:69,0
DA:72,0
DA:73,0
DA:76,0
DA:77,0
DA:82,0
DA:88,0
DA:103,0
DA:106,0
DA:107,0
DA:111,0
DA:114,0
DA:115,0
DA:120,0
DA:123,0
DA:124,0
DA:129,0
LF:36
LH:0
BRDA:27,0,0,0
BRDA:27,0,1,0
BRDA:38,1,0,0
BRDA:38,1,1,0
BRDA:44,2,0,0
BRDA:44,2,1,0
BRDA:49,3,0,0
BRDA:49,3,1,0
BRDA:55,4,0,0
BRDA:55,4,1,0
BRDA:56,5,0,0
BRDA:56,5,1,0
BRDA:57,6,0,0
BRDA:57,6,1,0
BRDA:59,7,0,0
BRDA:59,7,1,0
BRDA:68,8,0,0
BRDA:68,8,1,0
BRDA:72,9,0,0
BRDA:72,9,1,0
BRDA:72,10,0,0
BRDA:72,10,1,0
BRDA:76,11,0,0
BRDA:76,11,1,0
BRDA:82,12,0,0
BRDA:82,12,1,0
BRDA:83,13,0,0
BRDA:83,13,1,0
BRDA:106,14,0,0
BRDA:106,14,1,0
BRDA:114,15,0,0
BRDA:114,15,1,0
BRDA:123,16,0,0
BRDA:123,16,1,0
BRDA:12,17,0,0
BRDA:12,17,1,0
BRDA:12,18,0,0
BRDA:12,18,1,0
BRF:38
BRH:0
end_of_record
TN:
SF:src/customers/dto/create-customer.dto.ts
FNF:0
FNH:0
DA:1,0
DA:9,0
DA:13,0
DA:18,0
DA:23,0
DA:27,0
DA:32,0
DA:36,0
DA:40,0
LF:9
LH:0
BRF:0
BRH:0
end_of_record
TN:
SF:src/customers/dto/update-customer.dto.ts
FNF:0
FNH:0
DA:1,0
DA:3,0
DA:7,0
DA:12,0
DA:17,0
DA:21,0
DA:26,0
DA:30,0
DA:34,0
LF:9
LH:0
BRF:0
BRH:0
end_of_record
TN:
SF:src/interactions/interactions.controller.ts
FN:19,(anonymous_4)
FN:30,(anonymous_5)
FNF:2
FNH:0
FNDA:0,(anonymous_4)
FNDA:0,(anonymous_5)
DA:1,0
DA:9,0
DA:10,0
DA:11,0
DA:12,0
DA:13,0
DA:14,0
DA:18,0
DA:19,0
DA:30,0
DA:31,0
LF:11
LH:0
BRDA:30,0,0,0
BRDA:30,0,1,0
BRDA:30,1,0,0
BRDA:30,1,1,0
BRDA:19,2,0,0
BRDA:19,2,1,0
BRDA:19,3,0,0
BRDA:19,3,1,0
BRF:8
BRH:0
end_of_record
TN:
SF:src/interactions/interactions.module.ts
FNF:0
FNH:0
DA:1,0
DA:2,0
DA:3,0
DA:4,0
DA:12,0
LF:5
LH:0
BRF:0
BRH:0
end_of_record
TN:
SF:src/interactions/interactions.service.ts
FN:6,(anonymous_2)
FN:8,(anonymous_3)
FN:44,(anonymous_4)
FN:67,(anonymous_5)
FNF:4
FNH:0
FNDA:0,(anonymous_2)
FNDA:0,(anonymous_3)
FNDA:0,(anonymous_4)
FNDA:0,(anonymous_5)
DA:1,0
DA:2,0
DA:5,0
DA:6,0
DA:10,0
DA:11,0
DA:15,0
DA:44,0
DA:63,0
DA:67,0
LF:10
LH:0
BRDA:10,0,0,0
BRDA:10,0,1,0
BRDA:10,1,0,0
BRDA:10,1,1,0
BRDA:50,2,0,0
BRDA:50,2,1,0
BRDA:56,3,0,0
BRDA:56,3,1,0
BRDA:67,4,0,0
BRDA:67,4,1,0
BRDA:6,5,0,0
BRDA:6,5,1,0
BRDA:6,6,0,0
BRDA:6,6,1,0
BRF:14
BRH:0
end_of_record
TN:
SF:src/interactions/dto/check-interaction.dto.ts
FNF:0
FNH:0
DA:1,0
DA:2,0
DA:4,0
DA:15,0
LF:4
LH:0
BRF:0
BRH:0
end_of_record
TN:
SF:src/inventories/inventories.controller.ts
FN:19,(anonymous_4)
FN:23,(anonymous_5)
FN:29,(anonymous_6)
FN:35,(anonymous_7)
FN:44,(anonymous_8)
FNF:5
FNH:0
FNDA:0,(anonymous_4)
FNDA:0,(anonymous_5)
FNDA:0,(anonymous_6)
FNDA:0,(anonymous_7)
FNDA:0,(anonymous_8)
DA:1,0
DA:10,0
DA:11,0
DA:12,0
DA:13,0
DA:14,0
DA:18,0
DA:19,0
DA:23,0
DA:24,0
DA:29,0
DA:30,0
DA:35,0
DA:39,0
DA:44,0
DA:45,0
LF:16
LH:0
BRDA:37,0,0,0
BRDA:37,0,1,0
BRDA:37,1,0,0
BRDA:37,1,1,0
BRDA:19,2,0,0
BRDA:19,2,1,0
BRDA:19,3,0,0
BRDA:19,3,1,0
BRF:8
BRH:0
end_of_record
TN:
SF:src/inventories/inventories.module.ts
FNF:0
FNH:0
DA:1,0
DA:2,0
DA:3,0
DA:4,0
DA:5,0
DA:6,0
DA:14,0
LF:7
LH:0
BRF:0
BRH:0
end_of_record
TN:
SF:src/inventories/inventories.service.ts
FN:7,(anonymous_2)
FN:12,(anonymous_3)
FN:38,(anonymous_4)
FN:41,(anonymous_5)
FN:42,(anonymous_6)
FN:51,(anonymous_7)
FN:54,(anonymous_8)
FN:70,(anonymous_9)
FN:100,(anonymous_10)
FN:101,(anonymous_11)
FN:110,(anonymous_12)
FN:113,(anonymous_13)
FN:128,(anonymous_14)
FN:153,(anonymous_15)
FN:183,(anonymous_16)
FN:184,(anonymous_17)
FN:188,(anonymous_18)
FNF:17
FNH:0
FNDA:0,(anonymous_2)
FNDA:0,(anonymous_3)
FNDA:0,(anonymous_4)
FNDA:0,(anonymous_5)
FNDA:0,(anonymous_6)
FNDA:0,(anonymous_7)
FNDA:0,(anonymous_8)
FNDA:0,(anonymous_9)
FNDA:0,(anonymous_10)
FNDA:0,(anonymous_11)
FNDA:0,(anonymous_12)
FNDA:0,(anonymous_13)
FNDA:0,(anonymous_14)
FNDA:0,(anonymous_15)
FNDA:0,(anonymous_16)
FNDA:0,(anonymous_17)
FNDA:0,(anonymous_18)
DA:1,0
DA:2,0
DA:3,0
DA:6,0
DA:8,0
DA:9,0
DA:13,0
DA:38,0
DA:39,0
DA:40,0
DA:41,0
DA:42,0
DA:45,0
DA:46,0
DA:51,0
DA:52,0
DA:54,0
DA:55,0
DA:58,0
DA:71,0
DA:94,0
DA:95,0
DA:98,0
DA:99,0
DA:100,0
DA:101,0
DA:104,0
DA:105,0
DA:110,0
DA:111,0
DA:113,0
DA:114,0
DA:117,0
DA:129,0
DA:133,0
DA:134,0
DA:137,0
DA:154,0
DA:177,0
DA:178,0
DA:181,0
DA:182,0
DA:183,0
DA:184,0
DA:187,0
DA:189,0
LF:46
LH:0
BRDA:39,0,0,0
BRDA:39,0,1,0
BRDA:41,1,0,0
BRDA:41,1,1,0
BRDA:42,2,0,0
BRDA:42,2,1,0
BRDA:94,3,0,0
BRDA:94,3,1,0
BRDA:98,4,0,0
BRDA:98,4,1,0
BRDA:100,5,0,0
BRDA:100,5,1,0
BRDA:101,6,0,0
BRDA:101,6,1,0
BRDA:133,7,0,0
BRDA:133,7,1,0
BRDA:177,8,0,0
BRDA:177,8,1,0
BRDA:181,9,0,0
BRDA:181,9,1,0
BRDA:183,10,0,0
BRDA:183,10,1,0
BRDA:184,11,0,0
BRDA:184,11,1,0
BRDA:8,12,0,0
BRDA:8,12,1,0
BRDA:8,13,0,0
BRDA:8,13,1,0
BRDA:8,14,0,0
BRDA:8,14,1,0
BRDA:8,15,0,0
BRDA:8,15,1,0
BRF:32
BRH:0
end_of_record
TN:
SF:src/inventories/inventory-calculations.service.ts
FN:11,(anonymous_1)
FN:17,(anonymous_2)
FN:20,(anonymous_3)
FN:27,(anonymous_4)
FN:44,(anonymous_5)
FN:69,(anonymous_6)
FNF:6
FNH:6
FNDA:1,(anonymous_1)
FNDA:4,(anonymous_2)
FNDA:2,(anonymous_3)
FNDA:10,(anonymous_4)
FNDA:3,(anonymous_5)
FNDA:3,(anonymous_6)
DA:1,1
DA:5,1
DA:15,1
DA:18,4
DA:20,2
DA:31,10
DA:32,10
DA:34,10
DA:35,10
DA:37,10
DA:49,3
DA:50,1
DA:53,2
DA:54,2
DA:56,2
DA:57,2
DA:59,2
DA:60,2
DA:62,2
DA:70,3
LF:20
LH:20
BRDA:13,0,0,0
BRDA:18,1,0,4
BRDA:18,1,1,3
BRDA:29,2,0,0
BRDA:46,3,0,0
BRDA:47,4,0,0
BRDA:49,5,0,1
BRDA:49,5,1,2
BRF:8
BRH:4
end_of_record
TN:
SF:src/inventories/adjustments/adjustments.controller.ts
FN:24,(anonymous_4)
FN:28,(anonymous_5)
FN:34,(anonymous_6)
FN:40,(anonymous_7)
FN:46,(anonymous_8)
FN:55,(anonymous_9)
FNF:6
FNH:1
FNDA:4,(anonymous_4)
FNDA:0,(anonymous_5)
FNDA:0,(anonymous_6)
FNDA:0,(anonymous_7)
FNDA:0,(anonymous_8)
FNDA:0,(anonymous_9)
DA:1,1
DA:11,1
DA:12,1
DA:16,1
DA:17,1
DA:18,1
DA:23,1
DA:24,4
DA:28,1
DA:29,0
DA:34,1
DA:35,0
DA:40,1
DA:41,0
DA:46,1
DA:50,0
DA:55,1
DA:56,0
LF:18
LH:13
BRDA:28,0,0,1
BRDA:28,0,1,0
BRDA:28,1,0,1
BRDA:28,1,1,1
BRDA:48,2,0,1
BRDA:48,2,1,0
BRDA:48,3,0,1
BRDA:48,3,1,1
BRDA:24,4,0,1
BRDA:24,4,1,0
BRDA:24,5,0,1
BRDA:24,5,1,1
BRF:12
BRH:9
end_of_record
TN:
SF:src/inventories/adjustments/adjustments.module.ts
FNF:0
FNH:0
DA:1,0
DA:2,0
DA:3,0
DA:4,0
DA:11,0
LF:5
LH:0
BRF:0
BRH:0
end_of_record
TN:
SF:src/inventories/adjustments/adjustments.service.ts
FN:7,(anonymous_2)
FN:9,(anonymous_3)
FN:40,(anonymous_4)
FN:57,(anonymous_5)
FN:70,(anonymous_6)
FN:92,(anonymous_7)
FN:129,(anonymous_8)
FN:130,(anonymous_9)
FN:181,(anonymous_10)
FNF:9
FNH:4
FNDA:2,(anonymous_2)
FNDA:0,(anonymous_3)
FNDA:0,(anonymous_4)
FNDA:0,(anonymous_5)
FNDA:0,(anonymous_6)
FNDA:2,(anonymous_7)
FNDA:2,(anonymous_8)
FNDA:2,(anonymous_9)
FNDA:0,(anonymous_10)
DA:1,2
DA:2,2
DA:6,2
DA:7,2
DA:10,0
DA:12,0
DA:15,0
DA:16,0
DA:19,0
DA:20,0
DA:27,0
DA:28,0
DA:30,0
DA:40,0
DA:54,0
DA:58,0
DA:71,0
DA:85,0
DA:86,0
DA:89,0
DA:93,2
DA:97,2
DA:98,0
DA:101,2
DA:102,0
DA:105,2
DA:106,2
DA:109,0
DA:110,0
DA:111,0
DA:112,0
DA:113,0
DA:116,0
DA:130,2
DA:131,2
DA:136,2
DA:137,0
DA:139,2
DA:140,0
DA:143,2
DA:144,0
DA:146,2
DA:147,0
DA:152,2
DA:153,0
DA:158,2
DA:160,2
DA:161,2
DA:164,0
DA:169,0
DA:174,0
DA:175,0
DA:177,0
DA:181,0
DA:184,0
DA:197,0
LF:56
LH:19
BRDA:15,0,0,0
BRDA:15,0,1,0
BRDA:40,1,0,0
BRDA:40,1,1,0
BRDA:85,2,0,0
BRDA:85,2,1,0
BRDA:97,3,0,0
BRDA:97,3,1,2
BRDA:101,4,0,0
BRDA:101,4,1,2
BRDA:105,5,0,2
BRDA:105,5,1,0
BRDA:105,6,0,2
BRDA:105,6,1,0
BRDA:110,7,0,0
BRDA:110,7,1,0
BRDA:112,8,0,0
BRDA:112,8,1,0
BRDA:136,9,0,0
BRDA:136,9,1,2
BRDA:139,10,0,0
BRDA:139,10,1,2
BRDA:143,11,0,0
BRDA:143,11,1,2
BRDA:146,12,0,0
BRDA:146,12,1,2
BRDA:146,13,0,2
BRDA:146,13,1,0
BRDA:152,14,0,0
BRDA:152,14,1,2
BRDA:160,15,0,2
BRDA:160,15,1,0
BRDA:174,16,0,0
BRDA:174,16,1,0
BRDA:174,17,0,0
BRDA:174,17,1,0
BRDA:7,18,0,2
BRDA:7,18,1,0
BRDA:7,19,0,2
BRDA:7,19,1,2
BRF:40
BRH:14
end_of_record
TN:
SF:src/inventories/adjustments/dto/create-adjustment.dto.ts
FN:12,(anonymous_2)
FN:54,(anonymous_3)
FNF:2
FNH:1
FNDA:2,(anonymous_2)
FNDA:0,(anonymous_3)
DA:1,2
DA:2,2
DA:12,2
DA:13,2
DA:14,2
DA:15,2
DA:18,2
DA:21,2
DA:25,2
DA:29,2
DA:33,2
DA:36,2
DA:39,2
DA:42,2
DA:47,2
DA:51,2
DA:54,0
DA:56,2
LF:18
LH:17
BRDA:12,0,0,2
BRDA:12,0,1,2
BRF:2
BRH:2
end_of_record
TN:
SF:src/inventories/dto/update-inventory.dto.ts
FNF:0
FNH:0
DA:1,0
DA:3,0
DA:6,0
LF:3
LH:0
BRF:0
BRH:0
end_of_record
TN:
SF:src/medicines/medicine-batches.controller.ts
FN:16,(anonymous_4)
FN:22,(anonymous_5)
FN:30,(anonymous_6)
FNF:3
FNH:3
FNDA:3,(anonymous_4)
FNDA:1,(anonymous_5)
FNDA:1,(anonymous_6)
DA:1,1
DA:8,1
DA:9,1
DA:10,1
DA:11,1
DA:15,1
DA:17,3
DA:22,1
DA:25,1
DA:30,1
DA:31,1
LF:11
LH:11
BRDA:17,0,0,1
BRDA:17,0,1,0
BRDA:17,1,0,1
BRDA:17,1,1,1
BRF:4
BRH:3
end_of_record
TN:
SF:src/medicines/medicine-batches.service.ts
FN:6,(anonymous_2)
FN:11,(anonymous_3)
FN:19,(anonymous_4)
FN:32,(anonymous_5)
FN:58,(anonymous_6)
FN:76,(anonymous_7)
FN:86,(anonymous_8)
FNF:7
FNH:5
FNDA:7,(anonymous_2)
FNDA:4,(anonymous_3)
FNDA:7,(anonymous_4)
FNDA:3,(anonymous_5)
FNDA:2,(anonymous_6)
FNDA:0,(anonymous_7)
FNDA:0,(anonymous_8)
DA:1,2
DA:2,2
DA:5,2
DA:6,7
DA:12,4
DA:13,4
DA:20,7
DA:21,7
DA:22,1
DA:24,6
DA:25,6
DA:41,3
DA:42,3
DA:44,3
DA:45,0
DA:49,3
DA:56,3
DA:57,2
DA:58,2
DA:61,2
DA:63,1
DA:66,1
DA:73,1
DA:77,0
DA:87,0
DA:95,0
DA:96,0
DA:99,0
LF:28
LH:22
BRDA:12,0,0,0
BRDA:12,0,1,4
BRDA:21,1,0,1
BRDA:21,1,1,6
BRDA:44,2,0,0
BRDA:44,2,1,3
BRDA:56,3,0,2
BRDA:56,3,1,1
BRDA:61,4,0,1
BRDA:61,4,1,1
BRDA:95,5,0,0
BRDA:95,5,1,0
BRDA:6,6,0,2
BRDA:6,6,1,0
BRDA:6,7,0,2
BRDA:6,7,1,2
BRF:16
BRH:11
end_of_record
TN:
SF:src/medicines/medicines.controller.ts
FN:24,(anonymous_4)
FN:28,(anonymous_5)
FN:34,(anonymous_6)
FN:40,(anonymous_7)
FN:46,(anonymous_8)
FN:52,(anonymous_9)
FN:61,(anonymous_10)
FN:70,(anonymous_11)
FN:76,(anonymous_12)
FN:85,(anonymous_13)
FNF:10
FNH:3
FNDA:3,(anonymous_4)
FNDA:0,(anonymous_5)
FNDA:0,(anonymous_6)
FNDA:0,(anonymous_7)
FNDA:0,(anonymous_8)
FNDA:0,(anonymous_9)
FNDA:0,(anonymous_10)
FNDA:1,(anonymous_11)
FNDA:1,(anonymous_12)
FNDA:0,(anonymous_13)
DA:1,1
DA:13,1
DA:14,1
DA:15,1
DA:16,1
DA:17,1
DA:18,1
DA:19,1
DA:23,1
DA:24,3
DA:28,1
DA:29,0
DA:34,1
DA:35,0
DA:40,1
DA:41,0
DA:46,1
DA:47,0
DA:52,1
DA:56,0
DA:61,1
DA:65,0
DA:70,1
DA:71,1
DA:76,1
DA:80,1
DA:85,1
DA:93,0
DA:94,0
DA:95,0
DA:96,0
LF:31
LH:21
BRDA:93,0,0,0
BRDA:93,0,1,0
BRDA:94,1,0,0
BRDA:94,1,1,0
BRDA:95,2,0,0
BRDA:95,2,1,0
BRDA:34,3,0,1
BRDA:34,3,1,0
BRDA:34,4,0,1
BRDA:34,4,1,1
BRDA:54,5,0,1
BRDA:54,5,1,0
BRDA:54,6,0,1
BRDA:54,6,1,1
BRDA:78,7,0,1
BRDA:78,7,1,0
BRDA:78,8,0,1
BRDA:78,8,1,1
BRDA:24,9,0,1
BRDA:24,9,1,0
BRDA:24,10,0,1
BRDA:24,10,1,1
BRF:22
BRH:12
end_of_record
TN:
SF:src/medicines/medicines.module.ts
FNF:0
FNH:0
DA:1,0
DA:2,0
DA:3,0
DA:4,0
DA:5,0
DA:6,0
DA:14,0
LF:7
LH:0
BRF:0
BRH:0
end_of_record
TN:
SF:src/medicines/medicines.service.ts
FN:14,(anonymous_2)
FN:16,(anonymous_3)
FN:32,(anonymous_4)
FN:54,(anonymous_5)
FN:118,(anonymous_6)
FN:154,(anonymous_7)
FN:237,(anonymous_8)
FN:249,(anonymous_9)
FN:287,(anonymous_10)
FN:303,(anonymous_11)
FN:315,(anonymous_12)
FN:338,(anonymous_13)
FN:347,(anonymous_14)
FN:355,(anonymous_15)
FN:378,(anonymous_16)
FN:392,(anonymous_17)
FN:424,(anonymous_18)
FN:453,(anonymous_19)
FN:551,(anonymous_20)
FN:582,(anonymous_21)
FN:583,(anonymous_22)
FN:594,(anonymous_23)
FN:596,(anonymous_24)
FN:598,(anonymous_25)
FN:601,(anonymous_26)
FN:604,(anonymous_27)
FNF:26
FNH:15
FNDA:17,(anonymous_2)
FNDA:2,(anonymous_3)
FNDA:3,(anonymous_4)
FNDA:1,(anonymous_5)
FNDA:3,(anonymous_6)
FNDA:1,(anonymous_7)
FNDA:3,(anonymous_8)
FNDA:1,(anonymous_9)
FNDA:2,(anonymous_10)
FNDA:5,(anonymous_11)
FNDA:5,(anonymous_12)
FNDA:2,(anonymous_13)
FNDA:1,(anonymous_14)
FNDA:1,(anonymous_15)
FNDA:1,(anonymous_16)
FNDA:0,(anonymous_17)
FNDA:0,(anonymous_18)
FNDA:0,(anonymous_19)
FNDA:0,(anonymous_20)
FNDA:0,(anonymous_21)
FNDA:0,(anonymous_22)
FNDA:0,(anonymous_23)
FNDA:0,(anonymous_24)
FNDA:0,(anonymous_25)
FNDA:0,(anonymous_26)
FNDA:0,(anonymous_27)
DA:1,2
DA:7,2
DA:13,2
DA:14,17
DA:17,2
DA:33,3
DA:34,2
DA:38,1
DA:41,1
DA:42,0
DA:45,1
DA:48,1
DA:49,0
DA:52,1
DA:54,1
DA:56,1
DA:72,1
DA:88,1
DA:100,1
DA:114,1
DA:119,3
DA:123,3
DA:124,1
DA:127,2
DA:128,1
DA:131,1
DA:132,1
DA:135,1
DA:136,0
DA:140,1
DA:141,1
DA:144,1
DA:145,0
DA:150,1
DA:154,1
DA:156,1
DA:171,1
DA:186,1
DA:189,1
DA:193,1
DA:194,1
DA:205,0
DA:219,1
DA:233,1
DA:238,3
DA:241,3
DA:242,1
DA:245,2
DA:246,1
DA:249,1
DA:251,1
DA:257,1
DA:263,1
DA:269,1
DA:283,1
DA:288,2
DA:291,2
DA:292,1
DA:295,1
DA:307,5
DA:310,5
DA:311,1
DA:315,5
DA:316,4
DA:317,4
DA:318,1
DA:324,3
DA:330,3
DA:331,1
DA:337,2
DA:338,2
DA:340,2
DA:341,1
DA:347,1
DA:349,1
DA:354,1
DA:356,1
DA:371,1
DA:378,1
DA:388,1
DA:394,0
DA:415,0
DA:425,0
DA:446,0
DA:447,0
DA:450,0
DA:461,0
DA:462,0
DA:463,0
DA:464,0
DA:465,0
DA:466,0
DA:468,0
DA:470,0
DA:471,0
DA:474,0
DA:475,0
DA:482,0
DA:483,0
DA:488,0
DA:489,0
DA:490,0
DA:509,0
DA:511,0
DA:512,0
DA:542,0
DA:552,0
DA:554,0
DA:555,0
DA:557,0
DA:582,0
DA:583,0
DA:585,0
DA:594,0
DA:597,0
DA:598,0
DA:600,0
DA:601,0
DA:603,0
DA:604,0
DA:608,0
LF:121
LH:75
BRDA:33,0,0,2
BRDA:33,0,1,1
BRDA:33,1,0,3
BRDA:33,1,1,3
BRDA:41,2,0,0
BRDA:41,2,1,1
BRDA:48,3,0,0
BRDA:48,3,1,1
BRDA:79,4,0,1
BRDA:79,4,1,1
BRDA:94,5,0,1
BRDA:94,5,1,0
BRDA:123,6,0,1
BRDA:123,6,1,2
BRDA:127,7,0,1
BRDA:127,7,1,1
BRDA:127,8,0,2
BRDA:127,8,1,2
BRDA:131,9,0,1
BRDA:131,9,1,0
BRDA:131,10,0,1
BRDA:131,10,1,1
BRDA:135,11,0,0
BRDA:135,11,1,1
BRDA:140,12,0,1
BRDA:140,12,1,0
BRDA:140,13,0,1
BRDA:140,13,1,1
BRDA:144,14,0,0
BRDA:144,14,1,1
BRDA:150,15,0,1
BRDA:150,15,1,0
BRDA:150,16,0,1
BRDA:150,16,1,1
BRDA:186,17,0,1
BRDA:186,17,1,0
BRDA:193,18,0,1
BRDA:193,18,1,0
BRDA:197,19,0,1
BRDA:197,19,1,0
BRDA:198,20,0,1
BRDA:198,20,1,0
BRDA:199,21,0,1
BRDA:199,21,1,1
BRDA:201,22,0,1
BRDA:201,22,1,0
BRDA:209,23,0,0
BRDA:209,23,1,0
BRDA:210,24,0,0
BRDA:210,24,1,0
BRDA:212,25,0,0
BRDA:212,25,1,0
BRDA:241,26,0,1
BRDA:241,26,1,2
BRDA:245,27,0,1
BRDA:245,27,1,1
BRDA:245,28,0,2
BRDA:245,28,1,2
BRDA:259,29,0,0
BRDA:259,29,1,1
BRDA:291,30,0,1
BRDA:291,30,1,1
BRDA:310,31,0,1
BRDA:310,31,1,4
BRDA:317,32,0,1
BRDA:317,32,1,3
BRDA:330,33,0,1
BRDA:330,33,1,2
BRDA:340,34,0,1
BRDA:340,34,1,1
BRDA:361,35,0,1
BRDA:361,35,1,0
BRDA:446,36,0,0
BRDA:446,36,1,0
BRDA:461,37,0,0
BRDA:461,37,1,0
BRDA:462,38,0,0
BRDA:462,38,1,0
BRDA:470,39,0,0
BRDA:470,39,1,0
BRDA:470,40,0,0
BRDA:470,40,1,0
BRDA:474,41,0,0
BRDA:474,41,1,0
BRDA:482,42,0,0
BRDA:482,42,1,0
BRDA:482,43,0,0
BRDA:482,43,1,0
BRDA:488,44,0,0
BRDA:488,44,1,0
BRDA:488,45,0,0
BRDA:488,45,1,0
BRDA:509,46,0,0
BRDA:509,46,1,0
BRDA:552,47,0,0
BRDA:552,47,1,0
BRDA:552,48,0,0
BRDA:552,48,1,0
BRDA:14,49,0,2
BRDA:14,49,1,0
BRDA:14,50,0,2
BRDA:14,50,1,2
BRF:102
BRH:54
end_of_record
TN:
SF:src/medicines/dto/create-medicine.dto.ts
FNF:0
FNH:0
DA:1,1
DA:12,1
DA:17,1
DA:22,1
DA:26,1
DA:30,1
DA:34,1
DA:38,1
DA:42,1
DA:48,1
DA:53,1
DA:57,1
DA:61,1
DA:65,1
DA:69,1
DA:73,1
DA:77,1
DA:82,1
LF:18
LH:18
BRF:0
BRH:0
end_of_record
TN:
SF:src/medicines/dto/update-medicine-ingredients.dto.ts
FN:28,(anonymous_2)
FNF:1
FNH:0
FNDA:0,(anonymous_2)
DA:1,1
DA:9,1
DA:11,1
DA:14,1
DA:18,1
DA:22,1
DA:25,1
DA:28,0
DA:29,1
LF:9
LH:8
BRF:0
BRH:0
end_of_record
TN:
SF:src/medicines/dto/update-medicine.dto.ts
FNF:0
FNH:0
DA:1,1
DA:11,1
DA:16,1
DA:21,1
DA:25,1
DA:29,1
DA:33,1
DA:37,1
DA:41,1
DA:47,1
DA:52,1
DA:56,1
DA:60,1
DA:64,1
DA:68,1
DA:72,1
DA:76,1
DA:81,1
LF:18
LH:18
BRF:0
BRH:0
end_of_record
TN:
SF:src/orders/orders.controller.ts
FN:28,(anonymous_4)
FN:38,(anonymous_5)
FN:45,(anonymous_6)
FN:55,(anonymous_7)
FN:70,(anonymous_8)
FN:80,(anonymous_9)
FN:87,(anonymous_10)
FN:97,(anonymous_11)
FN:103,(anonymous_12)
FNF:9
FNH:0
FNDA:0,(anonymous_4)
FNDA:0,(anonymous_5)
FNDA:0,(anonymous_6)
FNDA:0,(anonymous_7)
FNDA:0,(anonymous_8)
FNDA:0,(anonymous_9)
FNDA:0,(anonymous_10)
FNDA:0,(anonymous_11)
FNDA:0,(anonymous_12)
DA:1,0
DA:15,0
DA:16,0
DA:17,0
DA:18,0
DA:19,0
DA:20,0
DA:21,0
DA:22,0
DA:27,0
DA:28,0
DA:38,0
DA:39,0
DA:45,0
DA:49,0
DA:55,0
DA:60,0
DA:70,0
DA:74,0
DA:80,0
DA:81,0
DA:87,0
DA:91,0
DA:97,0
DA:98,0
DA:103,0
DA:107,0
LF:27
LH:0
BRDA:38,0,0,0
BRDA:38,0,1,0
BRDA:38,1,0,0
BRDA:38,1,1,0
BRDA:47,2,0,0
BRDA:47,2,1,0
BRDA:47,3,0,0
BRDA:47,3,1,0
BRDA:58,4,0,0
BRDA:58,4,1,0
BRDA:58,5,0,0
BRDA:58,5,1,0
BRDA:105,6,0,0
BRDA:105,6,1,0
BRDA:105,7,0,0
BRDA:105,7,1,0
BRDA:28,8,0,0
BRDA:28,8,1,0
BRDA:28,9,0,0
BRDA:28,9,1,0
BRF:20
BRH:0
end_of_record
TN:
SF:src/orders/orders.module.ts
FNF:0
FNH:0
DA:1,0
DA:2,0
DA:3,0
DA:4,0
DA:12,0
LF:5
LH:0
BRF:0
BRH:0
end_of_record
TN:
SF:src/orders/orders.service.ts
FN:13,(anonymous_2)
FN:15,(anonymous_3)
FN:39,(anonymous_4)
FN:43,(anonymous_5)
FN:87,(anonymous_6)
FN:104,(anonymous_7)
FN:109,(anonymous_8)
FN:127,(anonymous_9)
FN:150,(anonymous_10)
FN:167,(anonymous_11)
FN:168,(anonymous_12)
FN:186,(anonymous_13)
FN:203,(anonymous_14)
FN:220,(anonymous_15)
FN:246,(anonymous_16)
FN:292,(anonymous_17)
FN:306,(anonymous_18)
FN:307,(anonymous_19)
FN:337,(anonymous_20)
FN:371,(anonymous_21)
FN:388,(anonymous_22)
FNF:21
FNH:5
FNDA:8,(anonymous_2)
FNDA:4,(anonymous_3)
FNDA:3,(anonymous_4)
FNDA:3,(anonymous_5)
FNDA:1,(anonymous_6)
FNDA:0,(anonymous_7)
FNDA:0,(anonymous_8)
FNDA:0,(anonymous_9)
FNDA:0,(anonymous_10)
FNDA:0,(anonymous_11)
FNDA:0,(anonymous_12)
FNDA:0,(anonymous_13)
FNDA:0,(anonymous_14)
FNDA:0,(anonymous_15)
FNDA:0,(anonymous_16)
FNDA:0,(anonymous_17)
FNDA:0,(anonymous_18)
FNDA:0,(anonymous_19)
FNDA:0,(anonymous_20)
FNDA:0,(anonymous_21)
FNDA:0,(anonymous_22)
DA:1,1
DA:6,1
DA:12,1
DA:13,8
DA:16,4
DA:20,4
DA:21,2
DA:24,4
DA:25,2
DA:28,4
DA:40,3
DA:43,3
DA:44,3
DA:47,3
DA:48,3
DA:52,3
DA:53,1
DA:58,2
DA:65,2
DA:66,1
DA:71,1
DA:76,1
DA:78,1
DA:87,1
DA:100,1
DA:109,0
DA:111,0
DA:116,0
DA:117,0
DA:120,0
DA:121,0
DA:127,0
DA:129,0
DA:130,0
DA:133,0
DA:136,0
DA:145,0
DA:149,0
DA:150,0
DA:154,0
DA:163,0
DA:168,0
DA:170,0
DA:175,0
DA:176,0
DA:179,0
DA:180,0
DA:186,0
DA:188,0
DA:189,0
DA:193,0
DA:198,0
DA:202,0
DA:203,0
DA:207,0
DA:216,0
DA:221,0
DA:225,0
DA:226,0
DA:229,0
DA:230,0
DA:233,0
DA:234,0
DA:239,0
DA:248,0
DA:249,0
DA:257,0
DA:291,0
DA:292,0
DA:296,0
DA:307,0
DA:309,0
DA:314,0
DA:315,0
DA:318,0
DA:319,0
DA:325,0
DA:329,0
DA:330,0
DA:336,0
DA:337,0
DA:340,0
DA:342,0
DA:343,0
DA:345,0
DA:354,0
DA:366,0
DA:370,0
DA:371,0
DA:375,0
DA:384,0
DA:389,0
LF:92
LH:25
BRDA:20,0,0,2
BRDA:20,0,1,2
BRDA:24,1,0,2
BRDA:24,1,1,2
BRDA:52,2,0,1
BRDA:52,2,1,2
BRDA:52,3,0,3
BRDA:52,3,1,3
BRDA:54,4,0,1
BRDA:54,4,1,0
BRDA:65,5,0,1
BRDA:65,5,1,1
BRDA:65,6,0,2
BRDA:65,6,1,2
BRDA:116,7,0,0
BRDA:116,7,1,0
BRDA:120,8,0,0
BRDA:120,8,1,0
BRDA:129,9,0,0
BRDA:129,9,1,0
BRDA:175,10,0,0
BRDA:175,10,1,0
BRDA:179,11,0,0
BRDA:179,11,1,0
BRDA:188,12,0,0
BRDA:188,12,1,0
BRDA:225,13,0,0
BRDA:225,13,1,0
BRDA:229,14,0,0
BRDA:229,14,1,0
BRDA:229,15,0,0
BRDA:229,15,1,0
BRDA:233,16,0,0
BRDA:233,16,1,0
BRDA:233,17,0,0
BRDA:233,17,1,0
BRDA:300,18,0,0
BRDA:300,18,1,0
BRDA:314,19,0,0
BRDA:314,19,1,0
BRDA:318,20,0,0
BRDA:318,20,1,0
BRDA:329,21,0,0
BRDA:329,21,1,0
BRDA:329,22,0,0
BRDA:329,22,1,0
BRDA:340,23,0,0
BRDA:340,23,1,0
BRDA:13,24,0,1
BRDA:13,24,1,0
BRDA:13,25,0,1
BRDA:13,25,1,1
BRF:52
BRH:16
end_of_record
TN:
SF:src/orders/dto/add-order-item.dto.ts
FNF:0
FNH:0
DA:1,0
DA:2,0
DA:4,0
DA:8,0
DA:13,0
LF:5
LH:0
BRF:0
BRH:0
end_of_record
TN:
SF:src/orders/dto/create-order.dto.ts
FN:42,(anonymous_2)
FNF:1
FNH:0
FNDA:0,(anonymous_2)
DA:1,0
DA:10,0
DA:11,0
DA:13,0
DA:16,0
DA:21,0
DA:26,0
DA:29,0
DA:32,0
DA:36,0
DA:42,0
DA:43,0
LF:12
LH:0
BRF:0
BRH:0
end_of_record
TN:
SF:src/orders/dto/update-order-item.dto.ts
FNF:0
FNH:0
DA:1,0
DA:2,0
DA:4,0
DA:8,0
LF:4
LH:0
BRF:0
BRH:0
end_of_record
TN:
SF:src/prisma/prisma.module.ts
FNF:0
FNH:0
DA:1,0
DA:2,0
DA:9,0
LF:3
LH:0
BRF:0
BRH:0
end_of_record
TN:
SF:src/prisma/prisma.service.ts
FN:15,(anonymous_2)
FN:28,(anonymous_3)
FN:32,(anonymous_4)
FNF:3
FNH:0
FNDA:0,(anonymous_2)
FNDA:0,(anonymous_3)
FNDA:0,(anonymous_4)
DA:1,14
DA:2,14
DA:3,14
DA:4,14
DA:5,14
DA:8,14
DA:16,0
DA:17,0
DA:20,0
DA:23,0
DA:29,0
DA:33,0
DA:34,0
DA:35,0
LF:14
LH:6
BRDA:16,0,0,0
BRDA:16,0,1,0
BRDA:34,1,0,0
BRDA:34,1,1,0
BRF:4
BRH:0
end_of_record
TN:
SF:src/products/products.controller.ts
FN:6,(anonymous_4)
FN:9,(anonymous_5)
FN:14,(anonymous_6)
FN:19,(anonymous_7)
FNF:4
FNH:0
FNDA:0,(anonymous_4)
FNDA:0,(anonymous_5)
FNDA:0,(anonymous_6)
FNDA:0,(anonymous_7)
DA:1,0
DA:2,0
DA:5,0
DA:6,0
DA:9,0
DA:10,0
DA:14,0
DA:15,0
DA:19,0
DA:20,0
LF:10
LH:0
BRDA:6,0,0,0
BRDA:6,0,1,0
BRDA:6,1,0,0
BRDA:6,1,1,0
BRF:4
BRH:0
end_of_record
TN:
SF:src/products/products.module.ts
FNF:0
FNH:0
DA:1,0
DA:2,0
DA:3,0
DA:4,0
DA:11,0
LF:5
LH:0
BRF:0
BRH:0
end_of_record
TN:
SF:src/products/products.service.ts
FN:6,(anonymous_2)
FN:8,(anonymous_3)
FN:41,(anonymous_4)
FN:48,(anonymous_5)
FN:71,(anonymous_6)
FN:83,(anonymous_7)
FN:90,(anonymous_8)
FN:174,(anonymous_9)
FN:181,(anonymous_10)
FN:199,(anonymous_11)
FNF:10
FNH:0
FNDA:0,(anonymous_2)
FNDA:0,(anonymous_3)
FNDA:0,(anonymous_4)
FNDA:0,(anonymous_5)
FNDA:0,(anonymous_6)
FNDA:0,(anonymous_7)
FNDA:0,(anonymous_8)
FNDA:0,(anonymous_9)
FNDA:0,(anonymous_10)
FNDA:0,(anonymous_11)
DA:1,0
DA:2,0
DA:5,0
DA:6,0
DA:10,0
DA:41,0
DA:42,0
DA:43,0
DA:44,0
DA:47,0
DA:48,0
DA:51,0
DA:73,0
DA:83,0
DA:91,0
DA:93,0
DA:98,0
DA:101,0
DA:136,0
DA:137,0
DA:140,0
DA:142,0
DA:174,0
DA:181,0
DA:199,0
LF:25
LH:0
BRDA:44,0,0,0
BRDA:44,0,1,0
BRDA:47,1,0,0
BRDA:47,1,1,0
BRDA:56,2,0,0
BRDA:56,2,1,0
BRDA:57,3,0,0
BRDA:57,3,1,0
BRDA:58,4,0,0
BRDA:58,4,1,0
BRDA:59,5,0,0
BRDA:59,5,1,0
BRDA:60,6,0,0
BRDA:60,6,1,0
BRDA:62,7,0,0
BRDA:62,7,1,0
BRDA:62,7,2,0
BRDA:65,8,0,0
BRDA:65,8,1,0
BRDA:93,9,0,0
BRDA:93,9,1,0
BRDA:94,10,0,0
BRDA:94,10,1,0
BRDA:136,11,0,0
BRDA:136,11,1,0
BRDA:151,12,0,0
BRDA:151,12,1,0
BRDA:166,13,0,0
BRDA:166,13,1,0
BRDA:171,14,0,0
BRDA:171,14,1,0
BRDA:186,15,0,0
BRDA:186,15,1,0
BRDA:189,16,0,0
BRDA:189,16,1,0
BRDA:198,17,0,0
BRDA:198,17,1,0
BRDA:6,18,0,0
BRDA:6,18,1,0
BRDA:6,19,0,0
BRDA:6,19,1,0
BRF:41
BRH:0
end_of_record
TN:
SF:src/roles/roles.controller.ts
FN:9,(anonymous_2)
FN:14,(anonymous_3)
FNF:2
FNH:0
FNDA:0,(anonymous_2)
FNDA:0,(anonymous_3)
DA:1,0
DA:2,0
DA:3,0
DA:4,0
DA:5,0
DA:8,0
DA:9,0
DA:14,0
DA:15,0
LF:9
LH:0
BRDA:9,0,0,0
BRDA:9,0,1,0
BRDA:9,1,0,0
BRDA:9,1,1,0
BRF:4
BRH:0
end_of_record
TN:
SF:src/roles/roles.module.ts
FNF:0
FNH:0
DA:1,0
DA:2,0
DA:4,0
DA:10,0
LF:4
LH:0
BRF:0
BRH:0
end_of_record
TN:
SF:src/roles/roles.service.ts
FN:6,(anonymous_2)
FN:8,(anonymous_3)
FNF:2
FNH:0
FNDA:0,(anonymous_2)
FNDA:0,(anonymous_3)
DA:1,0
DA:2,0
DA:5,0
DA:6,0
DA:9,0
LF:5
LH:0
BRDA:6,0,0,0
BRDA:6,0,1,0
BRDA:6,1,0,0
BRDA:6,1,1,0
BRF:4
BRH:0
end_of_record
TN:
SF:src/stock-imports/stock-imports.controller.ts
FN:24,(anonymous_4)
FN:28,(anonymous_5)
FN:38,(anonymous_6)
FN:44,(anonymous_7)
FN:50,(anonymous_8)
FN:56,(anonymous_9)
FN:66,(anonymous_10)
FN:75,(anonymous_11)
FN:85,(anonymous_12)
FNF:9
FNH:1
FNDA:1,(anonymous_4)
FNDA:0,(anonymous_5)
FNDA:0,(anonymous_6)
FNDA:0,(anonymous_7)
FNDA:0,(anonymous_8)
FNDA:0,(anonymous_9)
FNDA:0,(anonymous_10)
FNDA:0,(anonymous_11)
FNDA:0,(anonymous_12)
DA:1,1
DA:13,1
DA:14,1
DA:15,1
DA:16,1
DA:17,1
DA:18,1
DA:19,1
DA:23,1
DA:24,1
DA:28,1
DA:32,0
DA:33,0
DA:38,1
DA:39,0
DA:44,1
DA:45,0
DA:50,1
DA:51,0
DA:56,1
DA:60,0
DA:61,0
DA:66,1
DA:70,0
DA:75,1
DA:80,0
DA:85,1
DA:89,0
LF:28
LH:18
BRDA:32,0,0,0
BRDA:32,0,1,0
BRDA:60,1,0,0
BRDA:60,1,1,0
BRDA:29,2,0,1
BRDA:29,2,1,0
BRDA:29,3,0,1
BRDA:29,3,1,1
BRDA:68,4,0,1
BRDA:68,4,1,0
BRDA:68,5,0,1
BRDA:68,5,1,1
BRDA:78,6,0,1
BRDA:78,6,1,0
BRDA:78,7,0,1
BRDA:78,7,1,1
BRDA:24,8,0,1
BRDA:24,8,1,0
BRDA:24,9,0,1
BRDA:24,9,1,1
BRF:20
BRH:12
end_of_record
TN:
SF:src/stock-imports/stock-imports.module.ts
FNF:0
FNH:0
DA:1,0
DA:2,0
DA:3,0
DA:4,0
DA:12,0
LF:5
LH:0
BRF:0
BRH:0
end_of_record
TN:
SF:src/stock-imports/stock-imports.service.ts
FN:11,(anonymous_2)
FN:13,(anonymous_3)
FN:60,(anonymous_4)
FN:66,(anonymous_5)
FN:72,(anonymous_6)
FN:93,(anonymous_7)
FN:165,(anonymous_8)
FN:192,(anonymous_9)
FN:272,(anonymous_10)
FN:298,(anonymous_11)
FN:327,(anonymous_12)
FN:391,(anonymous_13)
FN:414,(anonymous_14)
FNF:13
FNH:8
FNDA:18,(anonymous_2)
FNDA:2,(anonymous_3)
FNDA:0,(anonymous_4)
FNDA:0,(anonymous_5)
FNDA:2,(anonymous_6)
FNDA:3,(anonymous_7)
FNDA:0,(anonymous_8)
FNDA:2,(anonymous_9)
FNDA:0,(anonymous_10)
FNDA:6,(anonymous_11)
FNDA:2,(anonymous_12)
FNDA:2,(anonymous_13)
FNDA:0,(anonymous_14)
DA:1,2
DA:6,2
DA:10,2
DA:11,18
DA:14,2
DA:16,2
DA:20,2
DA:21,0
DA:24,2
DA:25,1
DA:30,1
DA:34,1
DA:35,0
DA:39,1
DA:40,1
DA:42,1
DA:57,1
DA:61,0
DA:67,0
DA:73,2
DA:86,2
DA:87,1
DA:90,1
DA:97,3
DA:101,3
DA:102,1
DA:105,2
DA:106,1
DA:111,1
DA:115,1
DA:116,0
DA:121,1
DA:122,1
DA:123,1
DA:128,0
DA:136,0
DA:140,0
DA:146,0
DA:154,0
DA:158,0
DA:163,0
DA:165,0
DA:166,0
DA:181,0
DA:188,0
DA:197,2
DA:201,2
DA:202,0
DA:205,2
DA:206,1
DA:211,1
DA:215,1
DA:216,1
DA:219,0
DA:222,0
DA:223,0
DA:226,0
DA:230,0
DA:239,0
DA:244,0
DA:250,0
DA:258,0
DA:262,0
DA:267,0
DA:268,0
DA:269,0
DA:270,0
DA:272,0
DA:273,0
DA:287,0
DA:294,0
DA:299,6
DA:309,6
DA:310,1
DA:313,5
DA:314,1
DA:317,4
DA:318,1
DA:323,3
DA:324,1
DA:327,2
DA:329,2
DA:341,2
DA:350,2
DA:351,2
DA:359,2
DA:360,2
DA:363,1
DA:367,1
DA:374,0
DA:387,1
DA:392,2
DA:396,2
DA:397,0
DA:400,2
DA:401,1
DA:406,1
DA:410,1
DA:411,1
DA:414,0
DA:415,0
DA:419,0
DA:426,0
LF:103
LH:62
BRDA:20,0,0,0
BRDA:20,0,1,2
BRDA:24,1,0,1
BRDA:24,1,1,1
BRDA:34,2,0,0
BRDA:34,2,1,1
BRDA:86,3,0,1
BRDA:86,3,1,1
BRDA:101,4,0,1
BRDA:101,4,1,2
BRDA:105,5,0,1
BRDA:105,5,1,1
BRDA:115,6,0,0
BRDA:115,6,1,1
BRDA:115,7,0,1
BRDA:115,7,1,1
BRDA:122,8,0,1
BRDA:122,8,1,0
BRDA:136,9,0,0
BRDA:136,9,1,0
BRDA:137,10,0,0
BRDA:137,10,1,0
BRDA:154,11,0,0
BRDA:154,11,1,0
BRDA:155,12,0,0
BRDA:155,12,1,0
BRDA:201,13,0,0
BRDA:201,13,1,2
BRDA:205,14,0,1
BRDA:205,14,1,1
BRDA:215,15,0,1
BRDA:215,15,1,0
BRDA:215,16,0,1
BRDA:215,16,1,0
BRDA:219,17,0,0
BRDA:219,17,1,0
BRDA:222,18,0,0
BRDA:222,18,1,0
BRDA:226,19,0,0
BRDA:226,19,1,0
BRDA:239,20,0,0
BRDA:239,20,1,0
BRDA:240,21,0,0
BRDA:240,21,1,0
BRDA:258,22,0,0
BRDA:258,22,1,0
BRDA:259,23,0,0
BRDA:259,23,1,0
BRDA:267,24,0,0
BRDA:267,24,1,0
BRDA:268,25,0,0
BRDA:268,25,1,0
BRDA:279,26,0,0
BRDA:279,26,1,0
BRDA:309,27,0,1
BRDA:309,27,1,5
BRDA:313,28,0,1
BRDA:313,28,1,4
BRDA:317,29,0,1
BRDA:317,29,1,3
BRDA:323,30,0,1
BRDA:323,30,1,2
BRDA:359,31,0,2
BRDA:359,31,1,0
BRDA:360,32,0,1
BRDA:360,32,1,1
BRDA:396,33,0,0
BRDA:396,33,1,2
BRDA:400,34,0,1
BRDA:400,34,1,1
BRDA:410,35,0,1
BRDA:410,35,1,0
BRDA:410,36,0,1
BRDA:410,36,1,0
BRDA:11,37,0,2
BRDA:11,37,1,0
BRDA:11,38,0,2
BRDA:11,38,1,2
BRF:78
BRH:38
end_of_record
TN:
SF:src/stock-imports/dto/add-stock-import-line.dto.ts
FNF:0
FNH:0
DA:1,1
DA:10,1
DA:13,1
DA:17,1
DA:21,1
DA:25,1
DA:29,1
LF:7
LH:7
BRF:0
BRH:0
end_of_record
TN:
SF:src/stock-imports/dto/create-stock-import.dto.ts
FNF:0
FNH:0
DA:1,1
DA:3,1
DA:5,1
DA:8,1
DA:12,1
LF:5
LH:5
BRF:0
BRH:0
end_of_record
TN:
SF:src/stock-imports/dto/update-stock-import-line.dto.ts
FNF:0
FNH:0
DA:1,1
DA:10,1
DA:13,1
DA:18,1
DA:23,1
DA:27,1
LF:6
LH:6
BRF:0
BRH:0
end_of_record
TN:
SF:src/suppliers/suppliers.controller.ts
FN:23,(anonymous_4)
FN:27,(anonymous_5)
FN:33,(anonymous_6)
FN:39,(anonymous_7)
FN:45,(anonymous_8)
FN:54,(anonymous_9)
FN:60,(anonymous_10)
FNF:7
FNH:0
FNDA:0,(anonymous_4)
FNDA:0,(anonymous_5)
FNDA:0,(anonymous_6)
FNDA:0,(anonymous_7)
FNDA:0,(anonymous_8)
FNDA:0,(anonymous_9)
FNDA:0,(anonymous_10)
DA:1,0
DA:13,0
DA:14,0
DA:15,0
DA:16,0
DA:17,0
DA:18,0
DA:22,0
DA:23,0
DA:27,0
DA:28,0
DA:33,0
DA:34,0
DA:39,0
DA:40,0
DA:45,0
DA:49,0
DA:54,0
DA:55,0
DA:60,0
DA:61,0
LF:21
LH:0
BRDA:39,0,0,0
BRDA:39,0,1,0
BRDA:39,1,0,0
BRDA:39,1,1,0
BRDA:47,2,0,0
BRDA:47,2,1,0
BRDA:47,3,0,0
BRDA:47,3,1,0
BRDA:23,4,0,0
BRDA:23,4,1,0
BRDA:23,5,0,0
BRDA:23,5,1,0
BRF:12
BRH:0
end_of_record
TN:
SF:src/suppliers/suppliers.module.ts
FNF:0
FNH:0
DA:1,0
DA:2,0
DA:3,0
DA:4,0
DA:12,0
LF:5
LH:0
BRF:0
BRH:0
end_of_record
TN:
SF:src/suppliers/suppliers.service.ts
FN:13,(anonymous_2)
FN:15,(anonymous_3)
FN:28,(anonymous_4)
FN:40,(anonymous_5)
FN:68,(anonymous_6)
FN:101,(anonymous_7)
FN:117,(anonymous_8)
FNF:7
FNH:5
FNDA:11,(anonymous_2)
FNDA:2,(anonymous_3)
FNDA:0,(anonymous_4)
FNDA:3,(anonymous_5)
FNDA:3,(anonymous_6)
FNDA:2,(anonymous_7)
FNDA:0,(anonymous_8)
DA:1,1
DA:7,1
DA:12,1
DA:13,11
DA:16,2
DA:17,2
DA:18,1
DA:20,2
DA:29,0
DA:33,0
DA:34,0
DA:37,0
DA:41,3
DA:44,3
DA:45,1
DA:47,2
DA:50,2
DA:51,1
DA:55,2
DA:69,3
DA:72,3
DA:73,1
DA:76,2
DA:77,1
DA:80,1
DA:81,1
DA:87,1
DA:102,2
DA:105,2
DA:106,1
DA:109,1
DA:118,0
DA:121,0
DA:122,0
DA:126,0
DA:129,0
DA:130,0
DA:136,0
DA:139,0
DA:140,0
DA:145,0
LF:41
LH:27
BRDA:17,0,0,1
BRDA:17,0,1,1
BRDA:17,1,0,2
BRDA:17,1,1,1
BRDA:17,1,2,0
BRDA:33,2,0,0
BRDA:33,2,1,0
BRDA:44,3,0,1
BRDA:44,3,1,2
BRDA:50,4,0,1
BRDA:50,4,1,1
BRDA:59,5,0,2
BRDA:59,5,1,1
BRDA:60,6,0,2
BRDA:60,6,1,1
BRDA:61,7,0,2
BRDA:61,7,1,1
BRDA:62,8,0,2
BRDA:62,8,1,1
BRDA:63,9,0,2
BRDA:63,9,1,1
BRDA:72,10,0,1
BRDA:72,10,1,2
BRDA:76,11,0,1
BRDA:76,11,1,1
BRDA:76,12,0,2
BRDA:76,12,1,1
BRDA:80,13,0,1
BRDA:80,13,1,0
BRDA:105,14,0,1
BRDA:105,14,1,1
BRDA:121,15,0,0
BRDA:121,15,1,0
BRDA:129,16,0,0
BRDA:129,16,1,0
BRDA:139,17,0,0
BRDA:139,17,1,0
BRDA:13,18,0,1
BRDA:13,18,1,0
BRDA:13,19,0,1
BRDA:13,19,1,1
BRF:41
BRH:30
end_of_record
TN:
SF:src/suppliers/dto/create-supplier.dto.ts
FNF:0
FNH:0
DA:1,0
DA:3,0
DA:7,0
DA:12,0
DA:17,0
DA:22,0
DA:26,0
DA:31,0
DA:35,0
LF:9
LH:0
BRF:0
BRH:0
end_of_record
TN:
SF:src/suppliers/dto/update-supplier.dto.ts
FNF:0
FNH:0
DA:1,0
DA:3,0
DA:7,0
DA:12,0
DA:17,0
DA:22,0
DA:26,0
DA:31,0
DA:35,0
LF:9
LH:0
BRF:0
BRH:0
end_of_record
TN:
SF:src/users/users.controller.ts
FN:20,(anonymous_4)
FN:25,(anonymous_5)
FN:33,(anonymous_6)
FN:44,(anonymous_7)
FNF:4
FNH:0
FNDA:0,(anonymous_4)
FNDA:0,(anonymous_5)
FNDA:0,(anonymous_6)
FNDA:0,(anonymous_7)
DA:1,0
DA:11,0
DA:12,0
DA:13,0
DA:14,0
DA:15,0
DA:16,0
DA:19,0
DA:20,0
DA:25,0
DA:26,0
DA:33,0
DA:34,0
DA:35,0
DA:44,0
DA:49,0
DA:54,0
LF:17
LH:0
BRDA:33,0,0,0
BRDA:33,0,1,0
BRDA:33,1,0,0
BRDA:33,1,1,0
BRDA:46,2,0,0
BRDA:46,2,1,0
BRDA:46,3,0,0
BRDA:46,3,1,0
BRDA:20,4,0,0
BRDA:20,4,1,0
BRDA:20,5,0,0
BRDA:20,5,1,0
BRF:12
BRH:0
end_of_record
TN:
SF:src/users/users.module.ts
FNF:0
FNH:0
DA:1,0
DA:2,0
DA:3,0
DA:9,0
LF:4
LH:0
BRF:0
BRH:0
end_of_record
TN:
SF:src/users/users.service.ts
FN:14,(anonymous_2)
FN:32,(anonymous_3)
FN:119,(anonymous_4)
FN:134,(anonymous_5)
FNF:4
FNH:0
FNDA:0,(anonymous_2)
FNDA:0,(anonymous_3)
FNDA:0,(anonymous_4)
FNDA:0,(anonymous_5)
DA:1,0
DA:6,0
DA:7,0
DA:11,0
DA:14,0
DA:15,0
DA:16,0
DA:18,0
DA:19,0
DA:24,0
DA:33,0
DA:36,0
DA:42,0
DA:43,0
DA:49,0
DA:50,0
DA:51,0
DA:56,0
DA:63,0
DA:64,0
DA:68,0
DA:70,0
DA:75,0
DA:78,0
DA:79,0
DA:109,0
DA:112,0
DA:113,0
DA:120,0
DA:139,0
DA:140,0
DA:142,0
DA:143,0
DA:146,0
DA:147,0
DA:153,0
DA:155,0
DA:161,0
DA:176,0
DA:177,0
DA:178,0
DA:179,0
DA:183,0
DA:187,0
DA:195,0
LF:45
LH:0
BRDA:18,0,0,0
BRDA:18,0,1,0
BRDA:18,1,0,0
BRDA:18,1,1,0
BRDA:42,2,0,0
BRDA:42,2,1,0
BRDA:50,3,0,0
BRDA:50,3,1,0
BRDA:63,4,0,0
BRDA:63,4,1,0
BRDA:64,5,0,0
BRDA:64,5,1,0
BRDA:65,6,0,0
BRDA:65,6,1,0
BRDA:142,7,0,0
BRDA:142,7,1,0
BRDA:146,8,0,0
BRDA:146,8,1,0
BRDA:146,9,0,0
BRDA:146,9,1,0
BRDA:153,10,0,0
BRDA:153,10,1,0
BRDA:153,11,0,0
BRDA:153,11,1,0
BRDA:176,12,0,0
BRDA:176,12,1,0
BRDA:178,13,0,0
BRDA:178,13,1,0
BRDA:14,14,0,0
BRDA:14,14,1,0
BRDA:14,15,0,0
BRDA:14,15,1,0
BRF:32
BRH:0
end_of_record
TN:
SF:src/users/dto/create-staff.dto.ts
FNF:0
FNH:0
DA:1,0
DA:10,0
DA:13,0
DA:17,0
DA:21,0
DA:25,0
DA:29,0
DA:33,0
LF:8
LH:0
BRF:0
BRH:0
end_of_record
TN:
SF:src/users/dto/update-staff.dto.ts
FNF:0
FNH:0
DA:1,0
DA:3,0
DA:6,0
DA:11,0
LF:4
LH:0
BRF:0
BRH:0
end_of_record
